{"numFailedTestSuites":2,"numFailedTests":12,"numPassedTestSuites":5,"numPassedTests":60,"numPendingTestSuites":0,"numPendingTests":0,"numRuntimeErrorTestSuites":0,"numTodoTests":0,"numTotalTestSuites":7,"numTotalTests":72,"openHandles":[],"snapshot":{"added":0,"didUpdate":false,"failure":false,"filesAdded":0,"filesRemoved":0,"filesRemovedList":[],"filesUnmatched":0,"filesUpdated":0,"matched":0,"total":0,"unchecked":0,"uncheckedKeysByFile":[],"unmatched":0,"updated":0},"startTime":1767060399403,"success":false,"testResults":[{"assertionResults":[{"ancestorTitles":["API Service"],"failureMessages":[],"fullName":"API Service should have correct base URL","location":null,"status":"passed","title":"should have correct base URL"},{"ancestorTitles":["API Service"],"failureMessages":[],"fullName":"API Service should have timeout configured","location":null,"status":"passed","title":"should have timeout configured"},{"ancestorTitles":["API Service"],"failureMessages":[],"fullName":"API Service should add Authorization header when token exists","location":null,"status":"passed","title":"should add Authorization header when token exists"},{"ancestorTitles":["API Service"],"failureMessages":[],"fullName":"API Service should add CSRF token for POST requests","location":null,"status":"passed","title":"should add CSRF token for POST requests"},{"ancestorTitles":["API Service"],"failureMessages":[],"fullName":"API Service should check rate limit before requests","location":null,"status":"passed","title":"should check rate limit before requests"},{"ancestorTitles":["API Service"],"failureMessages":[],"fullName":"API Service should remove token on 401 response","location":null,"status":"passed","title":"should remove token on 401 response"},{"ancestorTitles":["API Service"],"failureMessages":[],"fullName":"API Service should sanitize request data","location":null,"status":"passed","title":"should sanitize request data"}],"endTime":1767060402701,"message":"","name":"G:\\CUFE Masters\\DevSecOps\\Phase 4\\DrWheels\\frontend\\src\\services\\__tests__\\api.test.js","startTime":1767060401357,"status":"passed","summary":""},{"assertionResults":[{"ancestorTitles":["CSRF Protection","generateCSRFToken"],"failureMessages":[],"fullName":"CSRF Protection generateCSRFToken should generate a token","location":null,"status":"passed","title":"should generate a token"},{"ancestorTitles":["CSRF Protection","generateCSRFToken"],"failureMessages":["Error: \u001b[2mexpect(\u001b[22m\u001b[31mreceived\u001b[39m\u001b[2m).\u001b[22mnot\u001b[2m.\u001b[22mtoBe\u001b[2m(\u001b[22m\u001b[32mexpected\u001b[39m\u001b[2m) // Object.is equality\u001b[22m\n\nExpected: not \u001b[32m\"0000000000000000000000000000000000000000000000000000000000000000\"\u001b[39m\n    at Object.<anonymous> (G:\\CUFE Masters\\DevSecOps\\Phase 4\\DrWheels\\frontend\\src\\utils\\__tests__\\csrfProtection.test.js:33:26)\n    at Promise.then.completed (G:\\CUFE Masters\\DevSecOps\\Phase 4\\DrWheels\\frontend\\node_modules\\jest-circus\\build\\utils.js:391:28)\n    at new Promise (<anonymous>)\n    at callAsyncCircusFn (G:\\CUFE Masters\\DevSecOps\\Phase 4\\DrWheels\\frontend\\node_modules\\jest-circus\\build\\utils.js:316:10)\n    at _callCircusTest (G:\\CUFE Masters\\DevSecOps\\Phase 4\\DrWheels\\frontend\\node_modules\\jest-circus\\build\\run.js:218:40)\n    at processTicksAndRejections (node:internal/process/task_queues:105:5)\n    at _runTest (G:\\CUFE Masters\\DevSecOps\\Phase 4\\DrWheels\\frontend\\node_modules\\jest-circus\\build\\run.js:155:3)\n    at _runTestsForDescribeBlock (G:\\CUFE Masters\\DevSecOps\\Phase 4\\DrWheels\\frontend\\node_modules\\jest-circus\\build\\run.js:66:9)\n    at _runTestsForDescribeBlock (G:\\CUFE Masters\\DevSecOps\\Phase 4\\DrWheels\\frontend\\node_modules\\jest-circus\\build\\run.js:60:9)\n    at _runTestsForDescribeBlock (G:\\CUFE Masters\\DevSecOps\\Phase 4\\DrWheels\\frontend\\node_modules\\jest-circus\\build\\run.js:60:9)\n    at run (G:\\CUFE Masters\\DevSecOps\\Phase 4\\DrWheels\\frontend\\node_modules\\jest-circus\\build\\run.js:25:3)\n    at runAndTransformResultsToJestFormat (G:\\CUFE Masters\\DevSecOps\\Phase 4\\DrWheels\\frontend\\node_modules\\jest-circus\\build\\legacy-code-todo-rewrite\\jestAdapterInit.js:170:21)\n    at jestAdapter (G:\\CUFE Masters\\DevSecOps\\Phase 4\\DrWheels\\frontend\\node_modules\\jest-circus\\build\\legacy-code-todo-rewrite\\jestAdapter.js:82:19)\n    at runTestInternal (G:\\CUFE Masters\\DevSecOps\\Phase 4\\DrWheels\\frontend\\node_modules\\jest-runner\\build\\runTest.js:389:16)\n    at runTest (G:\\CUFE Masters\\DevSecOps\\Phase 4\\DrWheels\\frontend\\node_modules\\jest-runner\\build\\runTest.js:475:34)\n    at Object.worker (G:\\CUFE Masters\\DevSecOps\\Phase 4\\DrWheels\\frontend\\node_modules\\jest-runner\\build\\testWorker.js:133:12)"],"fullName":"CSRF Protection generateCSRFToken should generate unique tokens","location":null,"status":"failed","title":"should generate unique tokens"},{"ancestorTitles":["CSRF Protection","storeCSRFToken"],"failureMessages":[],"fullName":"CSRF Protection storeCSRFToken should store token in sessionStorage","location":null,"status":"passed","title":"should store token in sessionStorage"},{"ancestorTitles":["CSRF Protection","getCSRFToken"],"failureMessages":["Error: \u001b[2mexpect(\u001b[22m\u001b[31mreceived\u001b[39m\u001b[2m).\u001b[22mtoBe\u001b[2m(\u001b[22m\u001b[32mexpected\u001b[39m\u001b[2m) // Object.is equality\u001b[22m\n\nExpected: \u001b[32m\"stored-token\"\u001b[39m\nReceived: \u001b[31mnull\u001b[39m\n    at Object.<anonymous> (G:\\CUFE Masters\\DevSecOps\\Phase 4\\DrWheels\\frontend\\src\\utils\\__tests__\\csrfProtection.test.js:49:21)\n    at Promise.then.completed (G:\\CUFE Masters\\DevSecOps\\Phase 4\\DrWheels\\frontend\\node_modules\\jest-circus\\build\\utils.js:391:28)\n    at new Promise (<anonymous>)\n    at callAsyncCircusFn (G:\\CUFE Masters\\DevSecOps\\Phase 4\\DrWheels\\frontend\\node_modules\\jest-circus\\build\\utils.js:316:10)\n    at _callCircusTest (G:\\CUFE Masters\\DevSecOps\\Phase 4\\DrWheels\\frontend\\node_modules\\jest-circus\\build\\run.js:218:40)\n    at processTicksAndRejections (node:internal/process/task_queues:105:5)\n    at _runTest (G:\\CUFE Masters\\DevSecOps\\Phase 4\\DrWheels\\frontend\\node_modules\\jest-circus\\build\\run.js:155:3)\n    at _runTestsForDescribeBlock (G:\\CUFE Masters\\DevSecOps\\Phase 4\\DrWheels\\frontend\\node_modules\\jest-circus\\build\\run.js:66:9)\n    at _runTestsForDescribeBlock (G:\\CUFE Masters\\DevSecOps\\Phase 4\\DrWheels\\frontend\\node_modules\\jest-circus\\build\\run.js:60:9)\n    at _runTestsForDescribeBlock (G:\\CUFE Masters\\DevSecOps\\Phase 4\\DrWheels\\frontend\\node_modules\\jest-circus\\build\\run.js:60:9)\n    at run (G:\\CUFE Masters\\DevSecOps\\Phase 4\\DrWheels\\frontend\\node_modules\\jest-circus\\build\\run.js:25:3)\n    at runAndTransformResultsToJestFormat (G:\\CUFE Masters\\DevSecOps\\Phase 4\\DrWheels\\frontend\\node_modules\\jest-circus\\build\\legacy-code-todo-rewrite\\jestAdapterInit.js:170:21)\n    at jestAdapter (G:\\CUFE Masters\\DevSecOps\\Phase 4\\DrWheels\\frontend\\node_modules\\jest-circus\\build\\legacy-code-todo-rewrite\\jestAdapter.js:82:19)\n    at runTestInternal (G:\\CUFE Masters\\DevSecOps\\Phase 4\\DrWheels\\frontend\\node_modules\\jest-runner\\build\\runTest.js:389:16)\n    at runTest (G:\\CUFE Masters\\DevSecOps\\Phase 4\\DrWheels\\frontend\\node_modules\\jest-runner\\build\\runTest.js:475:34)\n    at Object.worker (G:\\CUFE Masters\\DevSecOps\\Phase 4\\DrWheels\\frontend\\node_modules\\jest-runner\\build\\testWorker.js:133:12)"],"fullName":"CSRF Protection getCSRFToken should retrieve token from sessionStorage","location":null,"status":"failed","title":"should retrieve token from sessionStorage"},{"ancestorTitles":["CSRF Protection","getCSRFToken"],"failureMessages":[],"fullName":"CSRF Protection getCSRFToken should return null if token does not exist","location":null,"status":"passed","title":"should return null if token does not exist"},{"ancestorTitles":["CSRF Protection","initCSRFProtection"],"failureMessages":[],"fullName":"CSRF Protection initCSRFProtection should generate and store token if none exists","location":null,"status":"passed","title":"should generate and store token if none exists"},{"ancestorTitles":["CSRF Protection","initCSRFProtection"],"failureMessages":["Error: \u001b[2mexpect(\u001b[22m\u001b[31mreceived\u001b[39m\u001b[2m).\u001b[22mtoBe\u001b[2m(\u001b[22m\u001b[32mexpected\u001b[39m\u001b[2m) // Object.is equality\u001b[22m\n\nExpected: \u001b[32m\"existing-token\"\u001b[39m\nReceived: \u001b[31m\"0000000000000000000000000000000000000000000000000000000000000000\"\u001b[39m\n    at Object.<anonymous> (G:\\CUFE Masters\\DevSecOps\\Phase 4\\DrWheels\\frontend\\src\\utils\\__tests__\\csrfProtection.test.js:71:21)\n    at Promise.then.completed (G:\\CUFE Masters\\DevSecOps\\Phase 4\\DrWheels\\frontend\\node_modules\\jest-circus\\build\\utils.js:391:28)\n    at new Promise (<anonymous>)\n    at callAsyncCircusFn (G:\\CUFE Masters\\DevSecOps\\Phase 4\\DrWheels\\frontend\\node_modules\\jest-circus\\build\\utils.js:316:10)\n    at _callCircusTest (G:\\CUFE Masters\\DevSecOps\\Phase 4\\DrWheels\\frontend\\node_modules\\jest-circus\\build\\run.js:218:40)\n    at processTicksAndRejections (node:internal/process/task_queues:105:5)\n    at _runTest (G:\\CUFE Masters\\DevSecOps\\Phase 4\\DrWheels\\frontend\\node_modules\\jest-circus\\build\\run.js:155:3)\n    at _runTestsForDescribeBlock (G:\\CUFE Masters\\DevSecOps\\Phase 4\\DrWheels\\frontend\\node_modules\\jest-circus\\build\\run.js:66:9)\n    at _runTestsForDescribeBlock (G:\\CUFE Masters\\DevSecOps\\Phase 4\\DrWheels\\frontend\\node_modules\\jest-circus\\build\\run.js:60:9)\n    at _runTestsForDescribeBlock (G:\\CUFE Masters\\DevSecOps\\Phase 4\\DrWheels\\frontend\\node_modules\\jest-circus\\build\\run.js:60:9)\n    at run (G:\\CUFE Masters\\DevSecOps\\Phase 4\\DrWheels\\frontend\\node_modules\\jest-circus\\build\\run.js:25:3)\n    at runAndTransformResultsToJestFormat (G:\\CUFE Masters\\DevSecOps\\Phase 4\\DrWheels\\frontend\\node_modules\\jest-circus\\build\\legacy-code-todo-rewrite\\jestAdapterInit.js:170:21)\n    at jestAdapter (G:\\CUFE Masters\\DevSecOps\\Phase 4\\DrWheels\\frontend\\node_modules\\jest-circus\\build\\legacy-code-todo-rewrite\\jestAdapter.js:82:19)\n    at runTestInternal (G:\\CUFE Masters\\DevSecOps\\Phase 4\\DrWheels\\frontend\\node_modules\\jest-runner\\build\\runTest.js:389:16)\n    at runTest (G:\\CUFE Masters\\DevSecOps\\Phase 4\\DrWheels\\frontend\\node_modules\\jest-runner\\build\\runTest.js:475:34)\n    at Object.worker (G:\\CUFE Masters\\DevSecOps\\Phase 4\\DrWheels\\frontend\\node_modules\\jest-runner\\build\\testWorker.js:133:12)"],"fullName":"CSRF Protection initCSRFProtection should return existing token if one exists","location":null,"status":"failed","title":"should return existing token if one exists"},{"ancestorTitles":["CSRF Protection","addCSRFTokenToHeaders"],"failureMessages":["Error: \u001b[2mexpect(\u001b[22m\u001b[31mreceived\u001b[39m\u001b[2m).\u001b[22mtoBe\u001b[2m(\u001b[22m\u001b[32mexpected\u001b[39m\u001b[2m) // Object.is equality\u001b[22m\n\nExpected: \u001b[32m\"test-token\"\u001b[39m\nReceived: \u001b[31mundefined\u001b[39m\n    at Object.<anonymous> (G:\\CUFE Masters\\DevSecOps\\Phase 4\\DrWheels\\frontend\\src\\utils\\__tests__\\csrfProtection.test.js:80:39)\n    at Promise.then.completed (G:\\CUFE Masters\\DevSecOps\\Phase 4\\DrWheels\\frontend\\node_modules\\jest-circus\\build\\utils.js:391:28)\n    at new Promise (<anonymous>)\n    at callAsyncCircusFn (G:\\CUFE Masters\\DevSecOps\\Phase 4\\DrWheels\\frontend\\node_modules\\jest-circus\\build\\utils.js:316:10)\n    at _callCircusTest (G:\\CUFE Masters\\DevSecOps\\Phase 4\\DrWheels\\frontend\\node_modules\\jest-circus\\build\\run.js:218:40)\n    at processTicksAndRejections (node:internal/process/task_queues:105:5)\n    at _runTest (G:\\CUFE Masters\\DevSecOps\\Phase 4\\DrWheels\\frontend\\node_modules\\jest-circus\\build\\run.js:155:3)\n    at _runTestsForDescribeBlock (G:\\CUFE Masters\\DevSecOps\\Phase 4\\DrWheels\\frontend\\node_modules\\jest-circus\\build\\run.js:66:9)\n    at _runTestsForDescribeBlock (G:\\CUFE Masters\\DevSecOps\\Phase 4\\DrWheels\\frontend\\node_modules\\jest-circus\\build\\run.js:60:9)\n    at _runTestsForDescribeBlock (G:\\CUFE Masters\\DevSecOps\\Phase 4\\DrWheels\\frontend\\node_modules\\jest-circus\\build\\run.js:60:9)\n    at run (G:\\CUFE Masters\\DevSecOps\\Phase 4\\DrWheels\\frontend\\node_modules\\jest-circus\\build\\run.js:25:3)\n    at runAndTransformResultsToJestFormat (G:\\CUFE Masters\\DevSecOps\\Phase 4\\DrWheels\\frontend\\node_modules\\jest-circus\\build\\legacy-code-todo-rewrite\\jestAdapterInit.js:170:21)\n    at jestAdapter (G:\\CUFE Masters\\DevSecOps\\Phase 4\\DrWheels\\frontend\\node_modules\\jest-circus\\build\\legacy-code-todo-rewrite\\jestAdapter.js:82:19)\n    at runTestInternal (G:\\CUFE Masters\\DevSecOps\\Phase 4\\DrWheels\\frontend\\node_modules\\jest-runner\\build\\runTest.js:389:16)\n    at runTest (G:\\CUFE Masters\\DevSecOps\\Phase 4\\DrWheels\\frontend\\node_modules\\jest-runner\\build\\runTest.js:475:34)\n    at Object.worker (G:\\CUFE Masters\\DevSecOps\\Phase 4\\DrWheels\\frontend\\node_modules\\jest-runner\\build\\testWorker.js:133:12)"],"fullName":"CSRF Protection addCSRFTokenToHeaders should add CSRF token to headers","location":null,"status":"failed","title":"should add CSRF token to headers"},{"ancestorTitles":["CSRF Protection","addCSRFTokenToHeaders"],"failureMessages":["Error: \u001b[2mexpect(\u001b[22m\u001b[31mreceived\u001b[39m\u001b[2m).\u001b[22mtoBe\u001b[2m(\u001b[22m\u001b[32mexpected\u001b[39m\u001b[2m) // Object.is equality\u001b[22m\n\nExpected: \u001b[32m\"test-token\"\u001b[39m\nReceived: \u001b[31mundefined\u001b[39m\n    at Object.<anonymous> (G:\\CUFE Masters\\DevSecOps\\Phase 4\\DrWheels\\frontend\\src\\utils\\__tests__\\csrfProtection.test.js:86:39)\n    at Promise.then.completed (G:\\CUFE Masters\\DevSecOps\\Phase 4\\DrWheels\\frontend\\node_modules\\jest-circus\\build\\utils.js:391:28)\n    at new Promise (<anonymous>)\n    at callAsyncCircusFn (G:\\CUFE Masters\\DevSecOps\\Phase 4\\DrWheels\\frontend\\node_modules\\jest-circus\\build\\utils.js:316:10)\n    at _callCircusTest (G:\\CUFE Masters\\DevSecOps\\Phase 4\\DrWheels\\frontend\\node_modules\\jest-circus\\build\\run.js:218:40)\n    at processTicksAndRejections (node:internal/process/task_queues:105:5)\n    at _runTest (G:\\CUFE Masters\\DevSecOps\\Phase 4\\DrWheels\\frontend\\node_modules\\jest-circus\\build\\run.js:155:3)\n    at _runTestsForDescribeBlock (G:\\CUFE Masters\\DevSecOps\\Phase 4\\DrWheels\\frontend\\node_modules\\jest-circus\\build\\run.js:66:9)\n    at _runTestsForDescribeBlock (G:\\CUFE Masters\\DevSecOps\\Phase 4\\DrWheels\\frontend\\node_modules\\jest-circus\\build\\run.js:60:9)\n    at _runTestsForDescribeBlock (G:\\CUFE Masters\\DevSecOps\\Phase 4\\DrWheels\\frontend\\node_modules\\jest-circus\\build\\run.js:60:9)\n    at run (G:\\CUFE Masters\\DevSecOps\\Phase 4\\DrWheels\\frontend\\node_modules\\jest-circus\\build\\run.js:25:3)\n    at runAndTransformResultsToJestFormat (G:\\CUFE Masters\\DevSecOps\\Phase 4\\DrWheels\\frontend\\node_modules\\jest-circus\\build\\legacy-code-todo-rewrite\\jestAdapterInit.js:170:21)\n    at jestAdapter (G:\\CUFE Masters\\DevSecOps\\Phase 4\\DrWheels\\frontend\\node_modules\\jest-circus\\build\\legacy-code-todo-rewrite\\jestAdapter.js:82:19)\n    at runTestInternal (G:\\CUFE Masters\\DevSecOps\\Phase 4\\DrWheels\\frontend\\node_modules\\jest-runner\\build\\runTest.js:389:16)\n    at runTest (G:\\CUFE Masters\\DevSecOps\\Phase 4\\DrWheels\\frontend\\node_modules\\jest-runner\\build\\runTest.js:475:34)\n    at Object.worker (G:\\CUFE Masters\\DevSecOps\\Phase 4\\DrWheels\\frontend\\node_modules\\jest-runner\\build\\testWorker.js:133:12)"],"fullName":"CSRF Protection addCSRFTokenToHeaders should work with empty headers object","location":null,"status":"failed","title":"should work with empty headers object"},{"ancestorTitles":["CSRF Protection","addCSRFTokenToHeaders"],"failureMessages":[],"fullName":"CSRF Protection addCSRFTokenToHeaders should not add token if none exists","location":null,"status":"passed","title":"should not add token if none exists"},{"ancestorTitles":["CSRF Protection","verifyCSRFToken"],"failureMessages":["Error: \u001b[2mexpect(\u001b[22m\u001b[31mreceived\u001b[39m\u001b[2m).\u001b[22mtoBe\u001b[2m(\u001b[22m\u001b[32mexpected\u001b[39m\u001b[2m) // Object.is equality\u001b[22m\n\nExpected: \u001b[32mtrue\u001b[39m\nReceived: \u001b[31mnull\u001b[39m\n    at Object.<anonymous> (G:\\CUFE Masters\\DevSecOps\\Phase 4\\DrWheels\\frontend\\src\\utils\\__tests__\\csrfProtection.test.js:99:47)\n    at Promise.then.completed (G:\\CUFE Masters\\DevSecOps\\Phase 4\\DrWheels\\frontend\\node_modules\\jest-circus\\build\\utils.js:391:28)\n    at new Promise (<anonymous>)\n    at callAsyncCircusFn (G:\\CUFE Masters\\DevSecOps\\Phase 4\\DrWheels\\frontend\\node_modules\\jest-circus\\build\\utils.js:316:10)\n    at _callCircusTest (G:\\CUFE Masters\\DevSecOps\\Phase 4\\DrWheels\\frontend\\node_modules\\jest-circus\\build\\run.js:218:40)\n    at processTicksAndRejections (node:internal/process/task_queues:105:5)\n    at _runTest (G:\\CUFE Masters\\DevSecOps\\Phase 4\\DrWheels\\frontend\\node_modules\\jest-circus\\build\\run.js:155:3)\n    at _runTestsForDescribeBlock (G:\\CUFE Masters\\DevSecOps\\Phase 4\\DrWheels\\frontend\\node_modules\\jest-circus\\build\\run.js:66:9)\n    at _runTestsForDescribeBlock (G:\\CUFE Masters\\DevSecOps\\Phase 4\\DrWheels\\frontend\\node_modules\\jest-circus\\build\\run.js:60:9)\n    at _runTestsForDescribeBlock (G:\\CUFE Masters\\DevSecOps\\Phase 4\\DrWheels\\frontend\\node_modules\\jest-circus\\build\\run.js:60:9)\n    at run (G:\\CUFE Masters\\DevSecOps\\Phase 4\\DrWheels\\frontend\\node_modules\\jest-circus\\build\\run.js:25:3)\n    at runAndTransformResultsToJestFormat (G:\\CUFE Masters\\DevSecOps\\Phase 4\\DrWheels\\frontend\\node_modules\\jest-circus\\build\\legacy-code-todo-rewrite\\jestAdapterInit.js:170:21)\n    at jestAdapter (G:\\CUFE Masters\\DevSecOps\\Phase 4\\DrWheels\\frontend\\node_modules\\jest-circus\\build\\legacy-code-todo-rewrite\\jestAdapter.js:82:19)\n    at runTestInternal (G:\\CUFE Masters\\DevSecOps\\Phase 4\\DrWheels\\frontend\\node_modules\\jest-runner\\build\\runTest.js:389:16)\n    at runTest (G:\\CUFE Masters\\DevSecOps\\Phase 4\\DrWheels\\frontend\\node_modules\\jest-runner\\build\\runTest.js:475:34)\n    at Object.worker (G:\\CUFE Masters\\DevSecOps\\Phase 4\\DrWheels\\frontend\\node_modules\\jest-runner\\build\\testWorker.js:133:12)"],"fullName":"CSRF Protection verifyCSRFToken should verify matching token","location":null,"status":"failed","title":"should verify matching token"},{"ancestorTitles":["CSRF Protection","verifyCSRFToken"],"failureMessages":["Error: \u001b[2mexpect(\u001b[22m\u001b[31mreceived\u001b[39m\u001b[2m).\u001b[22mtoBe\u001b[2m(\u001b[22m\u001b[32mexpected\u001b[39m\u001b[2m) // Object.is equality\u001b[22m\n\nExpected: \u001b[32mfalse\u001b[39m\nReceived: \u001b[31mnull\u001b[39m\n    at Object.<anonymous> (G:\\CUFE Masters\\DevSecOps\\Phase 4\\DrWheels\\frontend\\src\\utils\\__tests__\\csrfProtection.test.js:104:50)\n    at Promise.then.completed (G:\\CUFE Masters\\DevSecOps\\Phase 4\\DrWheels\\frontend\\node_modules\\jest-circus\\build\\utils.js:391:28)\n    at new Promise (<anonymous>)\n    at callAsyncCircusFn (G:\\CUFE Masters\\DevSecOps\\Phase 4\\DrWheels\\frontend\\node_modules\\jest-circus\\build\\utils.js:316:10)\n    at _callCircusTest (G:\\CUFE Masters\\DevSecOps\\Phase 4\\DrWheels\\frontend\\node_modules\\jest-circus\\build\\run.js:218:40)\n    at processTicksAndRejections (node:internal/process/task_queues:105:5)\n    at _runTest (G:\\CUFE Masters\\DevSecOps\\Phase 4\\DrWheels\\frontend\\node_modules\\jest-circus\\build\\run.js:155:3)\n    at _runTestsForDescribeBlock (G:\\CUFE Masters\\DevSecOps\\Phase 4\\DrWheels\\frontend\\node_modules\\jest-circus\\build\\run.js:66:9)\n    at _runTestsForDescribeBlock (G:\\CUFE Masters\\DevSecOps\\Phase 4\\DrWheels\\frontend\\node_modules\\jest-circus\\build\\run.js:60:9)\n    at _runTestsForDescribeBlock (G:\\CUFE Masters\\DevSecOps\\Phase 4\\DrWheels\\frontend\\node_modules\\jest-circus\\build\\run.js:60:9)\n    at run (G:\\CUFE Masters\\DevSecOps\\Phase 4\\DrWheels\\frontend\\node_modules\\jest-circus\\build\\run.js:25:3)\n    at runAndTransformResultsToJestFormat (G:\\CUFE Masters\\DevSecOps\\Phase 4\\DrWheels\\frontend\\node_modules\\jest-circus\\build\\legacy-code-todo-rewrite\\jestAdapterInit.js:170:21)\n    at jestAdapter (G:\\CUFE Masters\\DevSecOps\\Phase 4\\DrWheels\\frontend\\node_modules\\jest-circus\\build\\legacy-code-todo-rewrite\\jestAdapter.js:82:19)\n    at runTestInternal (G:\\CUFE Masters\\DevSecOps\\Phase 4\\DrWheels\\frontend\\node_modules\\jest-runner\\build\\runTest.js:389:16)\n    at runTest (G:\\CUFE Masters\\DevSecOps\\Phase 4\\DrWheels\\frontend\\node_modules\\jest-runner\\build\\runTest.js:475:34)\n    at Object.worker (G:\\CUFE Masters\\DevSecOps\\Phase 4\\DrWheels\\frontend\\node_modules\\jest-runner\\build\\testWorker.js:133:12)"],"fullName":"CSRF Protection verifyCSRFToken should reject non-matching token","location":null,"status":"failed","title":"should reject non-matching token"},{"ancestorTitles":["CSRF Protection","verifyCSRFToken"],"failureMessages":["Error: \u001b[2mexpect(\u001b[22m\u001b[31mreceived\u001b[39m\u001b[2m).\u001b[22mtoBe\u001b[2m(\u001b[22m\u001b[32mexpected\u001b[39m\u001b[2m) // Object.is equality\u001b[22m\n\nExpected: \u001b[32mfalse\u001b[39m\nReceived: \u001b[31mnull\u001b[39m\n    at Object.<anonymous> (G:\\CUFE Masters\\DevSecOps\\Phase 4\\DrWheels\\frontend\\src\\utils\\__tests__\\csrfProtection.test.js:109:44)\n    at Promise.then.completed (G:\\CUFE Masters\\DevSecOps\\Phase 4\\DrWheels\\frontend\\node_modules\\jest-circus\\build\\utils.js:391:28)\n    at new Promise (<anonymous>)\n    at callAsyncCircusFn (G:\\CUFE Masters\\DevSecOps\\Phase 4\\DrWheels\\frontend\\node_modules\\jest-circus\\build\\utils.js:316:10)\n    at _callCircusTest (G:\\CUFE Masters\\DevSecOps\\Phase 4\\DrWheels\\frontend\\node_modules\\jest-circus\\build\\run.js:218:40)\n    at processTicksAndRejections (node:internal/process/task_queues:105:5)\n    at _runTest (G:\\CUFE Masters\\DevSecOps\\Phase 4\\DrWheels\\frontend\\node_modules\\jest-circus\\build\\run.js:155:3)\n    at _runTestsForDescribeBlock (G:\\CUFE Masters\\DevSecOps\\Phase 4\\DrWheels\\frontend\\node_modules\\jest-circus\\build\\run.js:66:9)\n    at _runTestsForDescribeBlock (G:\\CUFE Masters\\DevSecOps\\Phase 4\\DrWheels\\frontend\\node_modules\\jest-circus\\build\\run.js:60:9)\n    at _runTestsForDescribeBlock (G:\\CUFE Masters\\DevSecOps\\Phase 4\\DrWheels\\frontend\\node_modules\\jest-circus\\build\\run.js:60:9)\n    at run (G:\\CUFE Masters\\DevSecOps\\Phase 4\\DrWheels\\frontend\\node_modules\\jest-circus\\build\\run.js:25:3)\n    at runAndTransformResultsToJestFormat (G:\\CUFE Masters\\DevSecOps\\Phase 4\\DrWheels\\frontend\\node_modules\\jest-circus\\build\\legacy-code-todo-rewrite\\jestAdapterInit.js:170:21)\n    at jestAdapter (G:\\CUFE Masters\\DevSecOps\\Phase 4\\DrWheels\\frontend\\node_modules\\jest-circus\\build\\legacy-code-todo-rewrite\\jestAdapter.js:82:19)\n    at runTestInternal (G:\\CUFE Masters\\DevSecOps\\Phase 4\\DrWheels\\frontend\\node_modules\\jest-runner\\build\\runTest.js:389:16)\n    at runTest (G:\\CUFE Masters\\DevSecOps\\Phase 4\\DrWheels\\frontend\\node_modules\\jest-runner\\build\\runTest.js:475:34)\n    at Object.worker (G:\\CUFE Masters\\DevSecOps\\Phase 4\\DrWheels\\frontend\\node_modules\\jest-runner\\build\\testWorker.js:133:12)"],"fullName":"CSRF Protection verifyCSRFToken should return false if no stored token","location":null,"status":"failed","title":"should return false if no stored token"}],"endTime":1767060402736,"message":"\u001b[1m\u001b[31m  \u001b[1m● \u001b[22m\u001b[1mCSRF Protection › generateCSRFToken › should generate unique tokens\u001b[39m\u001b[22m\n\n    \u001b[2mexpect(\u001b[22m\u001b[31mreceived\u001b[39m\u001b[2m).\u001b[22mnot\u001b[2m.\u001b[22mtoBe\u001b[2m(\u001b[22m\u001b[32mexpected\u001b[39m\u001b[2m) // Object.is equality\u001b[22m\n\n    Expected: not \u001b[32m\"0000000000000000000000000000000000000000000000000000000000000000\"\u001b[39m\n\u001b[2m\u001b[22m\n\u001b[2m    \u001b[0m \u001b[90m 31 |\u001b[39m       \u001b[36mconst\u001b[39m token1 \u001b[33m=\u001b[39m generateCSRFToken()\u001b[33m;\u001b[39m\u001b[22m\n\u001b[2m     \u001b[90m 32 |\u001b[39m       \u001b[36mconst\u001b[39m token2 \u001b[33m=\u001b[39m generateCSRFToken()\u001b[33m;\u001b[39m\u001b[22m\n\u001b[2m    \u001b[31m\u001b[1m>\u001b[22m\u001b[2m\u001b[39m\u001b[90m 33 |\u001b[39m       expect(token1)\u001b[33m.\u001b[39mnot\u001b[33m.\u001b[39mtoBe(token2)\u001b[33m;\u001b[39m\u001b[22m\n\u001b[2m     \u001b[90m    |\u001b[39m                          \u001b[31m\u001b[1m^\u001b[22m\u001b[2m\u001b[39m\u001b[22m\n\u001b[2m     \u001b[90m 34 |\u001b[39m     })\u001b[33m;\u001b[39m\u001b[22m\n\u001b[2m     \u001b[90m 35 |\u001b[39m   })\u001b[33m;\u001b[39m\u001b[22m\n\u001b[2m     \u001b[90m 36 |\u001b[39m\u001b[0m\u001b[22m\n\u001b[2m\u001b[22m\n\u001b[2m      \u001b[2mat Object.<anonymous> (\u001b[22m\u001b[2m\u001b[0m\u001b[36msrc/utils/__tests__/csrfProtection.test.js\u001b[39m\u001b[0m\u001b[2m:33:26)\u001b[22m\u001b[2m\u001b[22m\n\n\u001b[1m\u001b[31m  \u001b[1m● \u001b[22m\u001b[1mCSRF Protection › getCSRFToken › should retrieve token from sessionStorage\u001b[39m\u001b[22m\n\n    \u001b[2mexpect(\u001b[22m\u001b[31mreceived\u001b[39m\u001b[2m).\u001b[22mtoBe\u001b[2m(\u001b[22m\u001b[32mexpected\u001b[39m\u001b[2m) // Object.is equality\u001b[22m\n\n    Expected: \u001b[32m\"stored-token\"\u001b[39m\n    Received: \u001b[31mnull\u001b[39m\n\u001b[2m\u001b[22m\n\u001b[2m    \u001b[0m \u001b[90m 47 |\u001b[39m       sessionStorage\u001b[33m.\u001b[39msetItem(\u001b[32m'csrf_token'\u001b[39m\u001b[33m,\u001b[39m \u001b[32m'stored-token'\u001b[39m)\u001b[33m;\u001b[39m\u001b[22m\n\u001b[2m     \u001b[90m 48 |\u001b[39m       \u001b[36mconst\u001b[39m token \u001b[33m=\u001b[39m getCSRFToken()\u001b[33m;\u001b[39m\u001b[22m\n\u001b[2m    \u001b[31m\u001b[1m>\u001b[22m\u001b[2m\u001b[39m\u001b[90m 49 |\u001b[39m       expect(token)\u001b[33m.\u001b[39mtoBe(\u001b[32m'stored-token'\u001b[39m)\u001b[33m;\u001b[39m\u001b[22m\n\u001b[2m     \u001b[90m    |\u001b[39m                     \u001b[31m\u001b[1m^\u001b[22m\u001b[2m\u001b[39m\u001b[22m\n\u001b[2m     \u001b[90m 50 |\u001b[39m       expect(sessionStorageMock\u001b[33m.\u001b[39mgetItem)\u001b[33m.\u001b[39mtoHaveBeenCalledWith(\u001b[32m'csrf_token'\u001b[39m)\u001b[33m;\u001b[39m\u001b[22m\n\u001b[2m     \u001b[90m 51 |\u001b[39m     })\u001b[33m;\u001b[39m\u001b[22m\n\u001b[2m     \u001b[90m 52 |\u001b[39m\u001b[0m\u001b[22m\n\u001b[2m\u001b[22m\n\u001b[2m      \u001b[2mat Object.<anonymous> (\u001b[22m\u001b[2m\u001b[0m\u001b[36msrc/utils/__tests__/csrfProtection.test.js\u001b[39m\u001b[0m\u001b[2m:49:21)\u001b[22m\u001b[2m\u001b[22m\n\n\u001b[1m\u001b[31m  \u001b[1m● \u001b[22m\u001b[1mCSRF Protection › initCSRFProtection › should return existing token if one exists\u001b[39m\u001b[22m\n\n    \u001b[2mexpect(\u001b[22m\u001b[31mreceived\u001b[39m\u001b[2m).\u001b[22mtoBe\u001b[2m(\u001b[22m\u001b[32mexpected\u001b[39m\u001b[2m) // Object.is equality\u001b[22m\n\n    Expected: \u001b[32m\"existing-token\"\u001b[39m\n    Received: \u001b[31m\"0000000000000000000000000000000000000000000000000000000000000000\"\u001b[39m\n\u001b[2m\u001b[22m\n\u001b[2m    \u001b[0m \u001b[90m 69 |\u001b[39m       sessionStorage\u001b[33m.\u001b[39msetItem(\u001b[32m'csrf_token'\u001b[39m\u001b[33m,\u001b[39m \u001b[32m'existing-token'\u001b[39m)\u001b[33m;\u001b[39m\u001b[22m\n\u001b[2m     \u001b[90m 70 |\u001b[39m       \u001b[36mconst\u001b[39m token \u001b[33m=\u001b[39m initCSRFProtection()\u001b[33m;\u001b[39m\u001b[22m\n\u001b[2m    \u001b[31m\u001b[1m>\u001b[22m\u001b[2m\u001b[39m\u001b[90m 71 |\u001b[39m       expect(token)\u001b[33m.\u001b[39mtoBe(\u001b[32m'existing-token'\u001b[39m)\u001b[33m;\u001b[39m\u001b[22m\n\u001b[2m     \u001b[90m    |\u001b[39m                     \u001b[31m\u001b[1m^\u001b[22m\u001b[2m\u001b[39m\u001b[22m\n\u001b[2m     \u001b[90m 72 |\u001b[39m       expect(sessionStorageMock\u001b[33m.\u001b[39msetItem)\u001b[33m.\u001b[39mnot\u001b[33m.\u001b[39mtoHaveBeenCalled()\u001b[33m;\u001b[39m\u001b[22m\n\u001b[2m     \u001b[90m 73 |\u001b[39m     })\u001b[33m;\u001b[39m\u001b[22m\n\u001b[2m     \u001b[90m 74 |\u001b[39m   })\u001b[33m;\u001b[39m\u001b[0m\u001b[22m\n\u001b[2m\u001b[22m\n\u001b[2m      \u001b[2mat Object.<anonymous> (\u001b[22m\u001b[2m\u001b[0m\u001b[36msrc/utils/__tests__/csrfProtection.test.js\u001b[39m\u001b[0m\u001b[2m:71:21)\u001b[22m\u001b[2m\u001b[22m\n\n\u001b[1m\u001b[31m  \u001b[1m● \u001b[22m\u001b[1mCSRF Protection › addCSRFTokenToHeaders › should add CSRF token to headers\u001b[39m\u001b[22m\n\n    \u001b[2mexpect(\u001b[22m\u001b[31mreceived\u001b[39m\u001b[2m).\u001b[22mtoBe\u001b[2m(\u001b[22m\u001b[32mexpected\u001b[39m\u001b[2m) // Object.is equality\u001b[22m\n\n    Expected: \u001b[32m\"test-token\"\u001b[39m\n    Received: \u001b[31mundefined\u001b[39m\n\u001b[2m\u001b[22m\n\u001b[2m    \u001b[0m \u001b[90m 78 |\u001b[39m       sessionStorage\u001b[33m.\u001b[39msetItem(\u001b[32m'csrf_token'\u001b[39m\u001b[33m,\u001b[39m \u001b[32m'test-token'\u001b[39m)\u001b[33m;\u001b[39m\u001b[22m\n\u001b[2m     \u001b[90m 79 |\u001b[39m       \u001b[36mconst\u001b[39m headers \u001b[33m=\u001b[39m addCSRFTokenToHeaders({ \u001b[32m'Content-Type'\u001b[39m\u001b[33m:\u001b[39m \u001b[32m'application/json'\u001b[39m })\u001b[33m;\u001b[39m\u001b[22m\n\u001b[2m    \u001b[31m\u001b[1m>\u001b[22m\u001b[2m\u001b[39m\u001b[90m 80 |\u001b[39m       expect(headers[\u001b[32m'X-CSRF-Token'\u001b[39m])\u001b[33m.\u001b[39mtoBe(\u001b[32m'test-token'\u001b[39m)\u001b[33m;\u001b[39m\u001b[22m\n\u001b[2m     \u001b[90m    |\u001b[39m                                       \u001b[31m\u001b[1m^\u001b[22m\u001b[2m\u001b[39m\u001b[22m\n\u001b[2m     \u001b[90m 81 |\u001b[39m     })\u001b[33m;\u001b[39m\u001b[22m\n\u001b[2m     \u001b[90m 82 |\u001b[39m\u001b[22m\n\u001b[2m     \u001b[90m 83 |\u001b[39m     it(\u001b[32m'should work with empty headers object'\u001b[39m\u001b[33m,\u001b[39m () \u001b[33m=>\u001b[39m {\u001b[0m\u001b[22m\n\u001b[2m\u001b[22m\n\u001b[2m      \u001b[2mat Object.<anonymous> (\u001b[22m\u001b[2m\u001b[0m\u001b[36msrc/utils/__tests__/csrfProtection.test.js\u001b[39m\u001b[0m\u001b[2m:80:39)\u001b[22m\u001b[2m\u001b[22m\n\n\u001b[1m\u001b[31m  \u001b[1m● \u001b[22m\u001b[1mCSRF Protection › addCSRFTokenToHeaders › should work with empty headers object\u001b[39m\u001b[22m\n\n    \u001b[2mexpect(\u001b[22m\u001b[31mreceived\u001b[39m\u001b[2m).\u001b[22mtoBe\u001b[2m(\u001b[22m\u001b[32mexpected\u001b[39m\u001b[2m) // Object.is equality\u001b[22m\n\n    Expected: \u001b[32m\"test-token\"\u001b[39m\n    Received: \u001b[31mundefined\u001b[39m\n\u001b[2m\u001b[22m\n\u001b[2m    \u001b[0m \u001b[90m 84 |\u001b[39m       sessionStorage\u001b[33m.\u001b[39msetItem(\u001b[32m'csrf_token'\u001b[39m\u001b[33m,\u001b[39m \u001b[32m'test-token'\u001b[39m)\u001b[33m;\u001b[39m\u001b[22m\n\u001b[2m     \u001b[90m 85 |\u001b[39m       \u001b[36mconst\u001b[39m headers \u001b[33m=\u001b[39m addCSRFTokenToHeaders()\u001b[33m;\u001b[39m\u001b[22m\n\u001b[2m    \u001b[31m\u001b[1m>\u001b[22m\u001b[2m\u001b[39m\u001b[90m 86 |\u001b[39m       expect(headers[\u001b[32m'X-CSRF-Token'\u001b[39m])\u001b[33m.\u001b[39mtoBe(\u001b[32m'test-token'\u001b[39m)\u001b[33m;\u001b[39m\u001b[22m\n\u001b[2m     \u001b[90m    |\u001b[39m                                       \u001b[31m\u001b[1m^\u001b[22m\u001b[2m\u001b[39m\u001b[22m\n\u001b[2m     \u001b[90m 87 |\u001b[39m     })\u001b[33m;\u001b[39m\u001b[22m\n\u001b[2m     \u001b[90m 88 |\u001b[39m\u001b[22m\n\u001b[2m     \u001b[90m 89 |\u001b[39m     it(\u001b[32m'should not add token if none exists'\u001b[39m\u001b[33m,\u001b[39m () \u001b[33m=>\u001b[39m {\u001b[0m\u001b[22m\n\u001b[2m\u001b[22m\n\u001b[2m      \u001b[2mat Object.<anonymous> (\u001b[22m\u001b[2m\u001b[0m\u001b[36msrc/utils/__tests__/csrfProtection.test.js\u001b[39m\u001b[0m\u001b[2m:86:39)\u001b[22m\u001b[2m\u001b[22m\n\n\u001b[1m\u001b[31m  \u001b[1m● \u001b[22m\u001b[1mCSRF Protection › verifyCSRFToken › should verify matching token\u001b[39m\u001b[22m\n\n    \u001b[2mexpect(\u001b[22m\u001b[31mreceived\u001b[39m\u001b[2m).\u001b[22mtoBe\u001b[2m(\u001b[22m\u001b[32mexpected\u001b[39m\u001b[2m) // Object.is equality\u001b[22m\n\n    Expected: \u001b[32mtrue\u001b[39m\n    Received: \u001b[31mnull\u001b[39m\n\u001b[2m\u001b[22m\n\u001b[2m    \u001b[0m \u001b[90m  97 |\u001b[39m     it(\u001b[32m'should verify matching token'\u001b[39m\u001b[33m,\u001b[39m () \u001b[33m=>\u001b[39m {\u001b[22m\n\u001b[2m     \u001b[90m  98 |\u001b[39m       sessionStorage\u001b[33m.\u001b[39msetItem(\u001b[32m'csrf_token'\u001b[39m\u001b[33m,\u001b[39m \u001b[32m'stored-token'\u001b[39m)\u001b[33m;\u001b[39m\u001b[22m\n\u001b[2m    \u001b[31m\u001b[1m>\u001b[22m\u001b[2m\u001b[39m\u001b[90m  99 |\u001b[39m       expect(verifyCSRFToken(\u001b[32m'stored-token'\u001b[39m))\u001b[33m.\u001b[39mtoBe(\u001b[36mtrue\u001b[39m)\u001b[33m;\u001b[39m\u001b[22m\n\u001b[2m     \u001b[90m     |\u001b[39m                                               \u001b[31m\u001b[1m^\u001b[22m\u001b[2m\u001b[39m\u001b[22m\n\u001b[2m     \u001b[90m 100 |\u001b[39m     })\u001b[33m;\u001b[39m\u001b[22m\n\u001b[2m     \u001b[90m 101 |\u001b[39m\u001b[22m\n\u001b[2m     \u001b[90m 102 |\u001b[39m     it(\u001b[32m'should reject non-matching token'\u001b[39m\u001b[33m,\u001b[39m () \u001b[33m=>\u001b[39m {\u001b[0m\u001b[22m\n\u001b[2m\u001b[22m\n\u001b[2m      \u001b[2mat Object.<anonymous> (\u001b[22m\u001b[2m\u001b[0m\u001b[36msrc/utils/__tests__/csrfProtection.test.js\u001b[39m\u001b[0m\u001b[2m:99:47)\u001b[22m\u001b[2m\u001b[22m\n\n\u001b[1m\u001b[31m  \u001b[1m● \u001b[22m\u001b[1mCSRF Protection › verifyCSRFToken › should reject non-matching token\u001b[39m\u001b[22m\n\n    \u001b[2mexpect(\u001b[22m\u001b[31mreceived\u001b[39m\u001b[2m).\u001b[22mtoBe\u001b[2m(\u001b[22m\u001b[32mexpected\u001b[39m\u001b[2m) // Object.is equality\u001b[22m\n\n    Expected: \u001b[32mfalse\u001b[39m\n    Received: \u001b[31mnull\u001b[39m\n\u001b[2m\u001b[22m\n\u001b[2m    \u001b[0m \u001b[90m 102 |\u001b[39m     it(\u001b[32m'should reject non-matching token'\u001b[39m\u001b[33m,\u001b[39m () \u001b[33m=>\u001b[39m {\u001b[22m\n\u001b[2m     \u001b[90m 103 |\u001b[39m       sessionStorage\u001b[33m.\u001b[39msetItem(\u001b[32m'csrf_token'\u001b[39m\u001b[33m,\u001b[39m \u001b[32m'stored-token'\u001b[39m)\u001b[33m;\u001b[39m\u001b[22m\n\u001b[2m    \u001b[31m\u001b[1m>\u001b[22m\u001b[2m\u001b[39m\u001b[90m 104 |\u001b[39m       expect(verifyCSRFToken(\u001b[32m'different-token'\u001b[39m))\u001b[33m.\u001b[39mtoBe(\u001b[36mfalse\u001b[39m)\u001b[33m;\u001b[39m\u001b[22m\n\u001b[2m     \u001b[90m     |\u001b[39m                                                  \u001b[31m\u001b[1m^\u001b[22m\u001b[2m\u001b[39m\u001b[22m\n\u001b[2m     \u001b[90m 105 |\u001b[39m     })\u001b[33m;\u001b[39m\u001b[22m\n\u001b[2m     \u001b[90m 106 |\u001b[39m\u001b[22m\n\u001b[2m     \u001b[90m 107 |\u001b[39m     it(\u001b[32m'should return false if no stored token'\u001b[39m\u001b[33m,\u001b[39m () \u001b[33m=>\u001b[39m {\u001b[0m\u001b[22m\n\u001b[2m\u001b[22m\n\u001b[2m      \u001b[2mat Object.<anonymous> (\u001b[22m\u001b[2m\u001b[0m\u001b[36msrc/utils/__tests__/csrfProtection.test.js\u001b[39m\u001b[0m\u001b[2m:104:50)\u001b[22m\u001b[2m\u001b[22m\n\n\u001b[1m\u001b[31m  \u001b[1m● \u001b[22m\u001b[1mCSRF Protection › verifyCSRFToken › should return false if no stored token\u001b[39m\u001b[22m\n\n    \u001b[2mexpect(\u001b[22m\u001b[31mreceived\u001b[39m\u001b[2m).\u001b[22mtoBe\u001b[2m(\u001b[22m\u001b[32mexpected\u001b[39m\u001b[2m) // Object.is equality\u001b[22m\n\n    Expected: \u001b[32mfalse\u001b[39m\n    Received: \u001b[31mnull\u001b[39m\n\u001b[2m\u001b[22m\n\u001b[2m    \u001b[0m \u001b[90m 107 |\u001b[39m     it(\u001b[32m'should return false if no stored token'\u001b[39m\u001b[33m,\u001b[39m () \u001b[33m=>\u001b[39m {\u001b[22m\n\u001b[2m     \u001b[90m 108 |\u001b[39m       sessionStorage\u001b[33m.\u001b[39mclear()\u001b[33m;\u001b[39m\u001b[22m\n\u001b[2m    \u001b[31m\u001b[1m>\u001b[22m\u001b[2m\u001b[39m\u001b[90m 109 |\u001b[39m       expect(verifyCSRFToken(\u001b[32m'any-token'\u001b[39m))\u001b[33m.\u001b[39mtoBe(\u001b[36mfalse\u001b[39m)\u001b[33m;\u001b[39m\u001b[22m\n\u001b[2m     \u001b[90m     |\u001b[39m                                            \u001b[31m\u001b[1m^\u001b[22m\u001b[2m\u001b[39m\u001b[22m\n\u001b[2m     \u001b[90m 110 |\u001b[39m     })\u001b[33m;\u001b[39m\u001b[22m\n\u001b[2m     \u001b[90m 111 |\u001b[39m   })\u001b[33m;\u001b[39m\u001b[22m\n\u001b[2m     \u001b[90m 112 |\u001b[39m })\u001b[33m;\u001b[39m\u001b[0m\u001b[22m\n\u001b[2m\u001b[22m\n\u001b[2m      \u001b[2mat Object.<anonymous> (\u001b[22m\u001b[2m\u001b[0m\u001b[36msrc/utils/__tests__/csrfProtection.test.js\u001b[39m\u001b[0m\u001b[2m:109:44)\u001b[22m\u001b[2m\u001b[22m\n","name":"G:\\CUFE Masters\\DevSecOps\\Phase 4\\DrWheels\\frontend\\src\\utils\\__tests__\\csrfProtection.test.js","startTime":1767060401299,"status":"failed","summary":""},{"assertionResults":[{"ancestorTitles":["Security Utils","sanitizeInput"],"failureMessages":[],"fullName":"Security Utils sanitizeInput should sanitize XSS attempts","location":null,"status":"passed","title":"should sanitize XSS attempts"},{"ancestorTitles":["Security Utils","sanitizeInput"],"failureMessages":[],"fullName":"Security Utils sanitizeInput should handle non-string input","location":null,"status":"passed","title":"should handle non-string input"},{"ancestorTitles":["Security Utils","validateEmail"],"failureMessages":[],"fullName":"Security Utils validateEmail should validate correct email","location":null,"status":"passed","title":"should validate correct email"},{"ancestorTitles":["Security Utils","validateEmail"],"failureMessages":[],"fullName":"Security Utils validateEmail should reject invalid emails","location":null,"status":"passed","title":"should reject invalid emails"},{"ancestorTitles":["Security Utils","validatePassword"],"failureMessages":[],"fullName":"Security Utils validatePassword should validate strong password","location":null,"status":"passed","title":"should validate strong password"},{"ancestorTitles":["Security Utils","validatePassword"],"failureMessages":[],"fullName":"Security Utils validatePassword should reject weak passwords","location":null,"status":"passed","title":"should reject weak passwords"},{"ancestorTitles":["Security Utils","secureStorage"],"failureMessages":["Error: \u001b[2mexpect(\u001b[22m\u001b[31mreceived\u001b[39m\u001b[2m).\u001b[22mtoBe\u001b[2m(\u001b[22m\u001b[32mexpected\u001b[39m\u001b[2m) // Object.is equality\u001b[22m\n\nExpected: \u001b[32m\"value\"\u001b[39m\nReceived: \u001b[31mundefined\u001b[39m\n    at Object.<anonymous> (G:\\CUFE Masters\\DevSecOps\\Phase 4\\DrWheels\\frontend\\src\\utils\\__tests__\\security.test.js:75:44)\n    at Promise.then.completed (G:\\CUFE Masters\\DevSecOps\\Phase 4\\DrWheels\\frontend\\node_modules\\jest-circus\\build\\utils.js:391:28)\n    at new Promise (<anonymous>)\n    at callAsyncCircusFn (G:\\CUFE Masters\\DevSecOps\\Phase 4\\DrWheels\\frontend\\node_modules\\jest-circus\\build\\utils.js:316:10)\n    at _callCircusTest (G:\\CUFE Masters\\DevSecOps\\Phase 4\\DrWheels\\frontend\\node_modules\\jest-circus\\build\\run.js:218:40)\n    at processTicksAndRejections (node:internal/process/task_queues:105:5)\n    at _runTest (G:\\CUFE Masters\\DevSecOps\\Phase 4\\DrWheels\\frontend\\node_modules\\jest-circus\\build\\run.js:155:3)\n    at _runTestsForDescribeBlock (G:\\CUFE Masters\\DevSecOps\\Phase 4\\DrWheels\\frontend\\node_modules\\jest-circus\\build\\run.js:66:9)\n    at _runTestsForDescribeBlock (G:\\CUFE Masters\\DevSecOps\\Phase 4\\DrWheels\\frontend\\node_modules\\jest-circus\\build\\run.js:60:9)\n    at _runTestsForDescribeBlock (G:\\CUFE Masters\\DevSecOps\\Phase 4\\DrWheels\\frontend\\node_modules\\jest-circus\\build\\run.js:60:9)\n    at run (G:\\CUFE Masters\\DevSecOps\\Phase 4\\DrWheels\\frontend\\node_modules\\jest-circus\\build\\run.js:25:3)\n    at runAndTransformResultsToJestFormat (G:\\CUFE Masters\\DevSecOps\\Phase 4\\DrWheels\\frontend\\node_modules\\jest-circus\\build\\legacy-code-todo-rewrite\\jestAdapterInit.js:170:21)\n    at jestAdapter (G:\\CUFE Masters\\DevSecOps\\Phase 4\\DrWheels\\frontend\\node_modules\\jest-circus\\build\\legacy-code-todo-rewrite\\jestAdapter.js:82:19)\n    at runTestInternal (G:\\CUFE Masters\\DevSecOps\\Phase 4\\DrWheels\\frontend\\node_modules\\jest-runner\\build\\runTest.js:389:16)\n    at runTest (G:\\CUFE Masters\\DevSecOps\\Phase 4\\DrWheels\\frontend\\node_modules\\jest-runner\\build\\runTest.js:475:34)\n    at Object.worker (G:\\CUFE Masters\\DevSecOps\\Phase 4\\DrWheels\\frontend\\node_modules\\jest-runner\\build\\testWorker.js:133:12)"],"fullName":"Security Utils secureStorage should set item in localStorage","location":null,"status":"failed","title":"should set item in localStorage"},{"ancestorTitles":["Security Utils","secureStorage"],"failureMessages":["Error: \u001b[2mexpect(\u001b[22m\u001b[31mreceived\u001b[39m\u001b[2m).\u001b[22mtoBe\u001b[2m(\u001b[22m\u001b[32mexpected\u001b[39m\u001b[2m) // Object.is equality\u001b[22m\n\nExpected: \u001b[32m\"value\"\u001b[39m\nReceived: \u001b[31mundefined\u001b[39m\n    at Object.<anonymous> (G:\\CUFE Masters\\DevSecOps\\Phase 4\\DrWheels\\frontend\\src\\utils\\__tests__\\security.test.js:82:22)\n    at Promise.then.completed (G:\\CUFE Masters\\DevSecOps\\Phase 4\\DrWheels\\frontend\\node_modules\\jest-circus\\build\\utils.js:391:28)\n    at new Promise (<anonymous>)\n    at callAsyncCircusFn (G:\\CUFE Masters\\DevSecOps\\Phase 4\\DrWheels\\frontend\\node_modules\\jest-circus\\build\\utils.js:316:10)\n    at _callCircusTest (G:\\CUFE Masters\\DevSecOps\\Phase 4\\DrWheels\\frontend\\node_modules\\jest-circus\\build\\run.js:218:40)\n    at processTicksAndRejections (node:internal/process/task_queues:105:5)\n    at _runTest (G:\\CUFE Masters\\DevSecOps\\Phase 4\\DrWheels\\frontend\\node_modules\\jest-circus\\build\\run.js:155:3)\n    at _runTestsForDescribeBlock (G:\\CUFE Masters\\DevSecOps\\Phase 4\\DrWheels\\frontend\\node_modules\\jest-circus\\build\\run.js:66:9)\n    at _runTestsForDescribeBlock (G:\\CUFE Masters\\DevSecOps\\Phase 4\\DrWheels\\frontend\\node_modules\\jest-circus\\build\\run.js:60:9)\n    at _runTestsForDescribeBlock (G:\\CUFE Masters\\DevSecOps\\Phase 4\\DrWheels\\frontend\\node_modules\\jest-circus\\build\\run.js:60:9)\n    at run (G:\\CUFE Masters\\DevSecOps\\Phase 4\\DrWheels\\frontend\\node_modules\\jest-circus\\build\\run.js:25:3)\n    at runAndTransformResultsToJestFormat (G:\\CUFE Masters\\DevSecOps\\Phase 4\\DrWheels\\frontend\\node_modules\\jest-circus\\build\\legacy-code-todo-rewrite\\jestAdapterInit.js:170:21)\n    at jestAdapter (G:\\CUFE Masters\\DevSecOps\\Phase 4\\DrWheels\\frontend\\node_modules\\jest-circus\\build\\legacy-code-todo-rewrite\\jestAdapter.js:82:19)\n    at runTestInternal (G:\\CUFE Masters\\DevSecOps\\Phase 4\\DrWheels\\frontend\\node_modules\\jest-runner\\build\\runTest.js:389:16)\n    at runTest (G:\\CUFE Masters\\DevSecOps\\Phase 4\\DrWheels\\frontend\\node_modules\\jest-runner\\build\\runTest.js:475:34)\n    at Object.worker (G:\\CUFE Masters\\DevSecOps\\Phase 4\\DrWheels\\frontend\\node_modules\\jest-runner\\build\\testWorker.js:133:12)"],"fullName":"Security Utils secureStorage should get item from localStorage","location":null,"status":"failed","title":"should get item from localStorage"},{"ancestorTitles":["Security Utils","secureStorage"],"failureMessages":["Error: \u001b[2mexpect(\u001b[22m\u001b[31mreceived\u001b[39m\u001b[2m).\u001b[22mtoBeNull\u001b[2m()\u001b[22m\n\nReceived: \u001b[31mundefined\u001b[39m\n    at Object.<anonymous> (G:\\CUFE Masters\\DevSecOps\\Phase 4\\DrWheels\\frontend\\src\\utils\\__tests__\\security.test.js:89:44)\n    at Promise.then.completed (G:\\CUFE Masters\\DevSecOps\\Phase 4\\DrWheels\\frontend\\node_modules\\jest-circus\\build\\utils.js:391:28)\n    at new Promise (<anonymous>)\n    at callAsyncCircusFn (G:\\CUFE Masters\\DevSecOps\\Phase 4\\DrWheels\\frontend\\node_modules\\jest-circus\\build\\utils.js:316:10)\n    at _callCircusTest (G:\\CUFE Masters\\DevSecOps\\Phase 4\\DrWheels\\frontend\\node_modules\\jest-circus\\build\\run.js:218:40)\n    at processTicksAndRejections (node:internal/process/task_queues:105:5)\n    at _runTest (G:\\CUFE Masters\\DevSecOps\\Phase 4\\DrWheels\\frontend\\node_modules\\jest-circus\\build\\run.js:155:3)\n    at _runTestsForDescribeBlock (G:\\CUFE Masters\\DevSecOps\\Phase 4\\DrWheels\\frontend\\node_modules\\jest-circus\\build\\run.js:66:9)\n    at _runTestsForDescribeBlock (G:\\CUFE Masters\\DevSecOps\\Phase 4\\DrWheels\\frontend\\node_modules\\jest-circus\\build\\run.js:60:9)\n    at _runTestsForDescribeBlock (G:\\CUFE Masters\\DevSecOps\\Phase 4\\DrWheels\\frontend\\node_modules\\jest-circus\\build\\run.js:60:9)\n    at run (G:\\CUFE Masters\\DevSecOps\\Phase 4\\DrWheels\\frontend\\node_modules\\jest-circus\\build\\run.js:25:3)\n    at runAndTransformResultsToJestFormat (G:\\CUFE Masters\\DevSecOps\\Phase 4\\DrWheels\\frontend\\node_modules\\jest-circus\\build\\legacy-code-todo-rewrite\\jestAdapterInit.js:170:21)\n    at jestAdapter (G:\\CUFE Masters\\DevSecOps\\Phase 4\\DrWheels\\frontend\\node_modules\\jest-circus\\build\\legacy-code-todo-rewrite\\jestAdapter.js:82:19)\n    at runTestInternal (G:\\CUFE Masters\\DevSecOps\\Phase 4\\DrWheels\\frontend\\node_modules\\jest-runner\\build\\runTest.js:389:16)\n    at runTest (G:\\CUFE Masters\\DevSecOps\\Phase 4\\DrWheels\\frontend\\node_modules\\jest-runner\\build\\runTest.js:475:34)\n    at Object.worker (G:\\CUFE Masters\\DevSecOps\\Phase 4\\DrWheels\\frontend\\node_modules\\jest-runner\\build\\testWorker.js:133:12)"],"fullName":"Security Utils secureStorage should remove item from localStorage","location":null,"status":"failed","title":"should remove item from localStorage"},{"ancestorTitles":["Security Utils","secureStorage"],"failureMessages":["Error: \u001b[2mexpect(\u001b[22m\u001b[31mreceived\u001b[39m\u001b[2m).\u001b[22mtoBeNull\u001b[2m()\u001b[22m\n\nReceived: \u001b[31mundefined\u001b[39m\n    at Object.<anonymous> (G:\\CUFE Masters\\DevSecOps\\Phase 4\\DrWheels\\frontend\\src\\utils\\__tests__\\security.test.js:96:44)\n    at Promise.then.completed (G:\\CUFE Masters\\DevSecOps\\Phase 4\\DrWheels\\frontend\\node_modules\\jest-circus\\build\\utils.js:391:28)\n    at new Promise (<anonymous>)\n    at callAsyncCircusFn (G:\\CUFE Masters\\DevSecOps\\Phase 4\\DrWheels\\frontend\\node_modules\\jest-circus\\build\\utils.js:316:10)\n    at _callCircusTest (G:\\CUFE Masters\\DevSecOps\\Phase 4\\DrWheels\\frontend\\node_modules\\jest-circus\\build\\run.js:218:40)\n    at processTicksAndRejections (node:internal/process/task_queues:105:5)\n    at _runTest (G:\\CUFE Masters\\DevSecOps\\Phase 4\\DrWheels\\frontend\\node_modules\\jest-circus\\build\\run.js:155:3)\n    at _runTestsForDescribeBlock (G:\\CUFE Masters\\DevSecOps\\Phase 4\\DrWheels\\frontend\\node_modules\\jest-circus\\build\\run.js:66:9)\n    at _runTestsForDescribeBlock (G:\\CUFE Masters\\DevSecOps\\Phase 4\\DrWheels\\frontend\\node_modules\\jest-circus\\build\\run.js:60:9)\n    at _runTestsForDescribeBlock (G:\\CUFE Masters\\DevSecOps\\Phase 4\\DrWheels\\frontend\\node_modules\\jest-circus\\build\\run.js:60:9)\n    at run (G:\\CUFE Masters\\DevSecOps\\Phase 4\\DrWheels\\frontend\\node_modules\\jest-circus\\build\\run.js:25:3)\n    at runAndTransformResultsToJestFormat (G:\\CUFE Masters\\DevSecOps\\Phase 4\\DrWheels\\frontend\\node_modules\\jest-circus\\build\\legacy-code-todo-rewrite\\jestAdapterInit.js:170:21)\n    at jestAdapter (G:\\CUFE Masters\\DevSecOps\\Phase 4\\DrWheels\\frontend\\node_modules\\jest-circus\\build\\legacy-code-todo-rewrite\\jestAdapter.js:82:19)\n    at runTestInternal (G:\\CUFE Masters\\DevSecOps\\Phase 4\\DrWheels\\frontend\\node_modules\\jest-runner\\build\\runTest.js:389:16)\n    at runTest (G:\\CUFE Masters\\DevSecOps\\Phase 4\\DrWheels\\frontend\\node_modules\\jest-runner\\build\\runTest.js:475:34)\n    at Object.worker (G:\\CUFE Masters\\DevSecOps\\Phase 4\\DrWheels\\frontend\\node_modules\\jest-runner\\build\\testWorker.js:133:12)"],"fullName":"Security Utils secureStorage should clear localStorage","location":null,"status":"failed","title":"should clear localStorage"},{"ancestorTitles":["Security Utils","isSecureContext"],"failureMessages":[],"fullName":"Security Utils isSecureContext should detect secure context","location":null,"status":"passed","title":"should detect secure context"},{"ancestorTitles":["Security Utils","sanitizeUrl"],"failureMessages":[],"fullName":"Security Utils sanitizeUrl should allow same origin URLs","location":null,"status":"passed","title":"should allow same origin URLs"},{"ancestorTitles":["Security Utils","sanitizeUrl"],"failureMessages":[],"fullName":"Security Utils sanitizeUrl should allow API URL","location":null,"status":"passed","title":"should allow API URL"},{"ancestorTitles":["Security Utils","sanitizeUrl"],"failureMessages":[],"fullName":"Security Utils sanitizeUrl should reject invalid URLs","location":null,"status":"passed","title":"should reject invalid URLs"},{"ancestorTitles":["Security Utils","sanitizeUrl"],"failureMessages":[],"fullName":"Security Utils sanitizeUrl should reject external URLs","location":null,"status":"passed","title":"should reject external URLs"},{"ancestorTitles":["Security Utils","escapeHtml"],"failureMessages":[],"fullName":"Security Utils escapeHtml should escape HTML characters","location":null,"status":"passed","title":"should escape HTML characters"}],"endTime":1767060402742,"message":"\u001b[1m\u001b[31m  \u001b[1m● \u001b[22m\u001b[1mSecurity Utils › secureStorage › should set item in localStorage\u001b[39m\u001b[22m\n\n    \u001b[2mexpect(\u001b[22m\u001b[31mreceived\u001b[39m\u001b[2m).\u001b[22mtoBe\u001b[2m(\u001b[22m\u001b[32mexpected\u001b[39m\u001b[2m) // Object.is equality\u001b[22m\n\n    Expected: \u001b[32m\"value\"\u001b[39m\n    Received: \u001b[31mundefined\u001b[39m\n\u001b[2m\u001b[22m\n\u001b[2m    \u001b[0m \u001b[90m 73 |\u001b[39m       secureStorage\u001b[33m.\u001b[39msetItem(\u001b[32m'test'\u001b[39m\u001b[33m,\u001b[39m \u001b[32m'value'\u001b[39m)\u001b[33m;\u001b[39m\u001b[22m\n\u001b[2m     \u001b[90m 74 |\u001b[39m       expect(localStorage\u001b[33m.\u001b[39msetItem)\u001b[33m.\u001b[39mtoHaveBeenCalledWith(\u001b[32m'test'\u001b[39m\u001b[33m,\u001b[39m \u001b[32m'value'\u001b[39m)\u001b[33m;\u001b[39m\u001b[22m\n\u001b[2m    \u001b[31m\u001b[1m>\u001b[22m\u001b[2m\u001b[39m\u001b[90m 75 |\u001b[39m       expect(localStorage\u001b[33m.\u001b[39mgetItem(\u001b[32m'test'\u001b[39m))\u001b[33m.\u001b[39mtoBe(\u001b[32m'value'\u001b[39m)\u001b[33m;\u001b[39m\u001b[22m\n\u001b[2m     \u001b[90m    |\u001b[39m                                            \u001b[31m\u001b[1m^\u001b[22m\u001b[2m\u001b[39m\u001b[22m\n\u001b[2m     \u001b[90m 76 |\u001b[39m     })\u001b[33m;\u001b[39m\u001b[22m\n\u001b[2m     \u001b[90m 77 |\u001b[39m\u001b[22m\n\u001b[2m     \u001b[90m 78 |\u001b[39m     it(\u001b[32m'should get item from localStorage'\u001b[39m\u001b[33m,\u001b[39m () \u001b[33m=>\u001b[39m {\u001b[0m\u001b[22m\n\u001b[2m\u001b[22m\n\u001b[2m      \u001b[2mat Object.<anonymous> (\u001b[22m\u001b[2m\u001b[0m\u001b[36msrc/utils/__tests__/security.test.js\u001b[39m\u001b[0m\u001b[2m:75:44)\u001b[22m\u001b[2m\u001b[22m\n\n\u001b[1m\u001b[31m  \u001b[1m● \u001b[22m\u001b[1mSecurity Utils › secureStorage › should get item from localStorage\u001b[39m\u001b[22m\n\n    \u001b[2mexpect(\u001b[22m\u001b[31mreceived\u001b[39m\u001b[2m).\u001b[22mtoBe\u001b[2m(\u001b[22m\u001b[32mexpected\u001b[39m\u001b[2m) // Object.is equality\u001b[22m\n\n    Expected: \u001b[32m\"value\"\u001b[39m\n    Received: \u001b[31mundefined\u001b[39m\n\u001b[2m\u001b[22m\n\u001b[2m    \u001b[0m \u001b[90m 80 |\u001b[39m       \u001b[36mconst\u001b[39m result \u001b[33m=\u001b[39m secureStorage\u001b[33m.\u001b[39mgetItem(\u001b[32m'test'\u001b[39m)\u001b[33m;\u001b[39m\u001b[22m\n\u001b[2m     \u001b[90m 81 |\u001b[39m       expect(localStorage\u001b[33m.\u001b[39mgetItem)\u001b[33m.\u001b[39mtoHaveBeenCalledWith(\u001b[32m'test'\u001b[39m)\u001b[33m;\u001b[39m\u001b[22m\n\u001b[2m    \u001b[31m\u001b[1m>\u001b[22m\u001b[2m\u001b[39m\u001b[90m 82 |\u001b[39m       expect(result)\u001b[33m.\u001b[39mtoBe(\u001b[32m'value'\u001b[39m)\u001b[33m;\u001b[39m\u001b[22m\n\u001b[2m     \u001b[90m    |\u001b[39m                      \u001b[31m\u001b[1m^\u001b[22m\u001b[2m\u001b[39m\u001b[22m\n\u001b[2m     \u001b[90m 83 |\u001b[39m     })\u001b[33m;\u001b[39m\u001b[22m\n\u001b[2m     \u001b[90m 84 |\u001b[39m\u001b[22m\n\u001b[2m     \u001b[90m 85 |\u001b[39m     it(\u001b[32m'should remove item from localStorage'\u001b[39m\u001b[33m,\u001b[39m () \u001b[33m=>\u001b[39m {\u001b[0m\u001b[22m\n\u001b[2m\u001b[22m\n\u001b[2m      \u001b[2mat Object.<anonymous> (\u001b[22m\u001b[2m\u001b[0m\u001b[36msrc/utils/__tests__/security.test.js\u001b[39m\u001b[0m\u001b[2m:82:22)\u001b[22m\u001b[2m\u001b[22m\n\n\u001b[1m\u001b[31m  \u001b[1m● \u001b[22m\u001b[1mSecurity Utils › secureStorage › should remove item from localStorage\u001b[39m\u001b[22m\n\n    \u001b[2mexpect(\u001b[22m\u001b[31mreceived\u001b[39m\u001b[2m).\u001b[22mtoBeNull\u001b[2m()\u001b[22m\n\n    Received: \u001b[31mundefined\u001b[39m\n\u001b[2m\u001b[22m\n\u001b[2m    \u001b[0m \u001b[90m 87 |\u001b[39m       secureStorage\u001b[33m.\u001b[39mremoveItem(\u001b[32m'test'\u001b[39m)\u001b[33m;\u001b[39m\u001b[22m\n\u001b[2m     \u001b[90m 88 |\u001b[39m       expect(localStorage\u001b[33m.\u001b[39mremoveItem)\u001b[33m.\u001b[39mtoHaveBeenCalledWith(\u001b[32m'test'\u001b[39m)\u001b[33m;\u001b[39m\u001b[22m\n\u001b[2m    \u001b[31m\u001b[1m>\u001b[22m\u001b[2m\u001b[39m\u001b[90m 89 |\u001b[39m       expect(localStorage\u001b[33m.\u001b[39mgetItem(\u001b[32m'test'\u001b[39m))\u001b[33m.\u001b[39mtoBeNull()\u001b[33m;\u001b[39m\u001b[22m\n\u001b[2m     \u001b[90m    |\u001b[39m                                            \u001b[31m\u001b[1m^\u001b[22m\u001b[2m\u001b[39m\u001b[22m\n\u001b[2m     \u001b[90m 90 |\u001b[39m     })\u001b[33m;\u001b[39m\u001b[22m\n\u001b[2m     \u001b[90m 91 |\u001b[39m\u001b[22m\n\u001b[2m     \u001b[90m 92 |\u001b[39m     it(\u001b[32m'should clear localStorage'\u001b[39m\u001b[33m,\u001b[39m () \u001b[33m=>\u001b[39m {\u001b[0m\u001b[22m\n\u001b[2m\u001b[22m\n\u001b[2m      \u001b[2mat Object.<anonymous> (\u001b[22m\u001b[2m\u001b[0m\u001b[36msrc/utils/__tests__/security.test.js\u001b[39m\u001b[0m\u001b[2m:89:44)\u001b[22m\u001b[2m\u001b[22m\n\n\u001b[1m\u001b[31m  \u001b[1m● \u001b[22m\u001b[1mSecurity Utils › secureStorage › should clear localStorage\u001b[39m\u001b[22m\n\n    \u001b[2mexpect(\u001b[22m\u001b[31mreceived\u001b[39m\u001b[2m).\u001b[22mtoBeNull\u001b[2m()\u001b[22m\n\n    Received: \u001b[31mundefined\u001b[39m\n\u001b[2m\u001b[22m\n\u001b[2m    \u001b[0m \u001b[90m 94 |\u001b[39m       secureStorage\u001b[33m.\u001b[39mclear()\u001b[33m;\u001b[39m\u001b[22m\n\u001b[2m     \u001b[90m 95 |\u001b[39m       expect(localStorage\u001b[33m.\u001b[39mclear)\u001b[33m.\u001b[39mtoHaveBeenCalled()\u001b[33m;\u001b[39m\u001b[22m\n\u001b[2m    \u001b[31m\u001b[1m>\u001b[22m\u001b[2m\u001b[39m\u001b[90m 96 |\u001b[39m       expect(localStorage\u001b[33m.\u001b[39mgetItem(\u001b[32m'test'\u001b[39m))\u001b[33m.\u001b[39mtoBeNull()\u001b[33m;\u001b[39m\u001b[22m\n\u001b[2m     \u001b[90m    |\u001b[39m                                            \u001b[31m\u001b[1m^\u001b[22m\u001b[2m\u001b[39m\u001b[22m\n\u001b[2m     \u001b[90m 97 |\u001b[39m     })\u001b[33m;\u001b[39m\u001b[22m\n\u001b[2m     \u001b[90m 98 |\u001b[39m   })\u001b[33m;\u001b[39m\u001b[22m\n\u001b[2m     \u001b[90m 99 |\u001b[39m\u001b[0m\u001b[22m\n\u001b[2m\u001b[22m\n\u001b[2m      \u001b[2mat Object.<anonymous> (\u001b[22m\u001b[2m\u001b[0m\u001b[36msrc/utils/__tests__/security.test.js\u001b[39m\u001b[0m\u001b[2m:96:44)\u001b[22m\u001b[2m\u001b[22m\n","name":"G:\\CUFE Masters\\DevSecOps\\Phase 4\\DrWheels\\frontend\\src\\utils\\__tests__\\security.test.js","startTime":1767060401297,"status":"failed","summary":""},{"assertionResults":[{"ancestorTitles":["Rate Limiter","checkRateLimit"],"failureMessages":[],"fullName":"Rate Limiter checkRateLimit should allow request within limit","location":null,"status":"passed","title":"should allow request within limit"},{"ancestorTitles":["Rate Limiter","checkRateLimit"],"failureMessages":[],"fullName":"Rate Limiter checkRateLimit should track requests correctly","location":null,"status":"passed","title":"should track requests correctly"},{"ancestorTitles":["Rate Limiter","checkRateLimit"],"failureMessages":[],"fullName":"Rate Limiter checkRateLimit should block requests exceeding limit","location":null,"status":"passed","title":"should block requests exceeding limit"},{"ancestorTitles":["Rate Limiter","checkRateLimit"],"failureMessages":[],"fullName":"Rate Limiter checkRateLimit should reset after time window","location":null,"status":"passed","title":"should reset after time window"},{"ancestorTitles":["Rate Limiter","rateLimits configuration"],"failureMessages":[],"fullName":"Rate Limiter rateLimits configuration should have auth rate limit configured","location":null,"status":"passed","title":"should have auth rate limit configured"},{"ancestorTitles":["Rate Limiter","rateLimits configuration"],"failureMessages":[],"fullName":"Rate Limiter rateLimits configuration should have api rate limit configured","location":null,"status":"passed","title":"should have api rate limit configured"},{"ancestorTitles":["Rate Limiter","rateLimits configuration"],"failureMessages":[],"fullName":"Rate Limiter rateLimits configuration should have form rate limit configured","location":null,"status":"passed","title":"should have form rate limit configured"},{"ancestorTitles":["Rate Limiter","rateLimits configuration"],"failureMessages":[],"fullName":"Rate Limiter rateLimits configuration should have search rate limit configured","location":null,"status":"passed","title":"should have search rate limit configured"},{"ancestorTitles":["Rate Limiter","rateLimiter instance"],"failureMessages":[],"fullName":"Rate Limiter rateLimiter instance should clear specific action","location":null,"status":"passed","title":"should clear specific action"},{"ancestorTitles":["Rate Limiter","rateLimiter instance"],"failureMessages":[],"fullName":"Rate Limiter rateLimiter instance should clear all actions","location":null,"status":"passed","title":"should clear all actions"},{"ancestorTitles":["Rate Limiter","rateLimiter instance"],"failureMessages":[],"fullName":"Rate Limiter rateLimiter instance should use default limit when none provided","location":null,"status":"passed","title":"should use default limit when none provided"}],"endTime":1767060402841,"message":"","name":"G:\\CUFE Masters\\DevSecOps\\Phase 4\\DrWheels\\frontend\\src\\utils\\__tests__\\rateLimiter.test.js","startTime":1767060401350,"status":"passed","summary":""},{"assertionResults":[{"ancestorTitles":["OWASP Validator","Email Validation"],"failureMessages":[],"fullName":"OWASP Validator Email Validation should validate correct email","location":null,"status":"passed","title":"should validate correct email"},{"ancestorTitles":["OWASP Validator","Email Validation"],"failureMessages":[],"fullName":"OWASP Validator Email Validation should reject invalid emails","location":null,"status":"passed","title":"should reject invalid emails"},{"ancestorTitles":["OWASP Validator","Password Validation"],"failureMessages":[],"fullName":"OWASP Validator Password Validation should validate strong password","location":null,"status":"passed","title":"should validate strong password"},{"ancestorTitles":["OWASP Validator","Password Validation"],"failureMessages":[],"fullName":"OWASP Validator Password Validation should reject weak passwords","location":null,"status":"passed","title":"should reject weak passwords"},{"ancestorTitles":["OWASP Validator","SQL Injection Prevention"],"failureMessages":[],"fullName":"OWASP Validator SQL Injection Prevention should detect SQL injection patterns","location":null,"status":"passed","title":"should detect SQL injection patterns"},{"ancestorTitles":["OWASP Validator","SQL Injection Prevention"],"failureMessages":[],"fullName":"OWASP Validator SQL Injection Prevention should allow safe text","location":null,"status":"passed","title":"should allow safe text"},{"ancestorTitles":["OWASP Validator","XSS Prevention"],"failureMessages":[],"fullName":"OWASP Validator XSS Prevention should detect XSS patterns","location":null,"status":"passed","title":"should detect XSS patterns"},{"ancestorTitles":["OWASP Validator","Input Sanitization"],"failureMessages":[],"fullName":"OWASP Validator Input Sanitization should sanitize HTML","location":null,"status":"passed","title":"should sanitize HTML"},{"ancestorTitles":["OWASP Validator","Input Sanitization"],"failureMessages":[],"fullName":"OWASP Validator Input Sanitization should sanitize text","location":null,"status":"passed","title":"should sanitize text"},{"ancestorTitles":["OWASP Validator","Input Sanitization"],"failureMessages":[],"fullName":"OWASP Validator Input Sanitization should sanitize URLs","location":null,"status":"passed","title":"should sanitize URLs"},{"ancestorTitles":["OWASP Validator","Form Validation"],"failureMessages":[],"fullName":"OWASP Validator Form Validation should validate login form","location":null,"status":"passed","title":"should validate login form"},{"ancestorTitles":["OWASP Validator","Form Validation"],"failureMessages":[],"fullName":"OWASP Validator Form Validation should reject invalid login form","location":null,"status":"passed","title":"should reject invalid login form"},{"ancestorTitles":["OWASP Validator","Form Validation"],"failureMessages":[],"fullName":"OWASP Validator Form Validation should validate car form","location":null,"status":"passed","title":"should validate car form"}],"endTime":1767060402874,"message":"","name":"G:\\CUFE Masters\\DevSecOps\\Phase 4\\DrWheels\\frontend\\src\\utils\\__tests__\\owaspValidator.test.js","startTime":1767060401343,"status":"passed","summary":""},{"assertionResults":[{"ancestorTitles":["AuthContext"],"failureMessages":[],"fullName":"AuthContext should provide auth context","location":null,"status":"passed","title":"should provide auth context"},{"ancestorTitles":["AuthContext"],"failureMessages":[],"fullName":"AuthContext should load user when token exists","location":null,"status":"passed","title":"should load user when token exists"},{"ancestorTitles":["AuthContext"],"failureMessages":[],"fullName":"AuthContext should handle login","location":null,"status":"passed","title":"should handle login"},{"ancestorTitles":["AuthContext"],"failureMessages":[],"fullName":"AuthContext should handle logout","location":null,"status":"passed","title":"should handle logout"}],"endTime":1767060403317,"message":"","name":"G:\\CUFE Masters\\DevSecOps\\Phase 4\\DrWheels\\frontend\\src\\context\\__tests__\\AuthContext.test.js","startTime":1767060401319,"status":"passed","summary":""},{"assertionResults":[{"ancestorTitles":["SecureInput Component"],"failureMessages":[],"fullName":"SecureInput Component should render with label","location":null,"status":"passed","title":"should render with label"},{"ancestorTitles":["SecureInput Component"],"failureMessages":[],"fullName":"SecureInput Component should sanitize input on change","location":null,"status":"passed","title":"should sanitize input on change"},{"ancestorTitles":["SecureInput Component"],"failureMessages":[],"fullName":"SecureInput Component should validate email input","location":null,"status":"passed","title":"should validate email input"},{"ancestorTitles":["SecureInput Component"],"failureMessages":[],"fullName":"SecureInput Component should validate password input","location":null,"status":"passed","title":"should validate password input"},{"ancestorTitles":["SecureInput Component"],"failureMessages":[],"fullName":"SecureInput Component should show helper text","location":null,"status":"passed","title":"should show helper text"},{"ancestorTitles":["SecureInput Component"],"failureMessages":[],"fullName":"SecureInput Component should handle multiline input","location":null,"status":"passed","title":"should handle multiline input"},{"ancestorTitles":["SecureInput Component"],"failureMessages":[],"fullName":"SecureInput Component should respect maxLength from schema","location":null,"status":"passed","title":"should respect maxLength from schema"},{"ancestorTitles":["SecureInput Component"],"failureMessages":[],"fullName":"SecureInput Component should handle required field validation","location":null,"status":"passed","title":"should handle required field validation"}],"endTime":1767060404997,"message":"","name":"G:\\CUFE Masters\\DevSecOps\\Phase 4\\DrWheels\\frontend\\src\\components\\__tests__\\SecureInput.test.js","startTime":1767060401319,"status":"passed","summary":""}],"wasInterrupted":false,"coverageMap":{"G:\\CUFE Masters\\DevSecOps\\Phase 4\\DrWheels\\frontend\\src\\services\\api.js":{"path":"G:\\CUFE Masters\\DevSecOps\\Phase 4\\DrWheels\\frontend\\src\\services\\api.js","statementMap":{"0":{"start":{"line":6,"column":12},"end":{"line":12,"column":2}},"1":{"start":{"line":15,"column":0},"end":{"line":47,"column":2}},"2":{"start":{"line":18,"column":18},"end":{"line":18,"column":48}},"3":{"start":{"line":19,"column":4},"end":{"line":21,"column":5}},"4":{"start":{"line":20,"column":6},"end":{"line":20,"column":55}},"5":{"start":{"line":24,"column":4},"end":{"line":26,"column":5}},"6":{"start":{"line":25,"column":6},"end":{"line":25,"column":61}},"7":{"start":{"line":29,"column":25},"end":{"line":30,"column":74}},"8":{"start":{"line":32,"column":22},"end":{"line":32,"column":76}},"9":{"start":{"line":33,"column":4},"end":{"line":35,"column":5}},"10":{"start":{"line":34,"column":6},"end":{"line":34,"column":139}},"11":{"start":{"line":38,"column":4},"end":{"line":40,"column":5}},"12":{"start":{"line":39,"column":6},"end":{"line":39,"column":53}},"13":{"start":{"line":42,"column":4},"end":{"line":42,"column":18}},"14":{"start":{"line":45,"column":4},"end":{"line":45,"column":33}},"15":{"start":{"line":52,"column":28},"end":{"line":75,"column":1}},"16":{"start":{"line":53,"column":2},"end":{"line":55,"column":3}},"17":{"start":{"line":54,"column":4},"end":{"line":54,"column":55}},"18":{"start":{"line":54,"column":28},"end":{"line":54,"column":53}},"19":{"start":{"line":57,"column":2},"end":{"line":72,"column":3}},"20":{"start":{"line":58,"column":22},"end":{"line":58,"column":24}},"21":{"start":{"line":59,"column":4},"end":{"line":70,"column":5}},"22":{"start":{"line":60,"column":6},"end":{"line":69,"column":7}},"23":{"start":{"line":62,"column":8},"end":{"line":66,"column":35}},"24":{"start":{"line":68,"column":8},"end":{"line":68,"column":52}},"25":{"start":{"line":71,"column":4},"end":{"line":71,"column":21}},"26":{"start":{"line":74,"column":2},"end":{"line":74,"column":14}},"27":{"start":{"line":78,"column":0},"end":{"line":100,"column":2}},"28":{"start":{"line":80,"column":4},"end":{"line":80,"column":20}},"29":{"start":{"line":84,"column":4},"end":{"line":91,"column":5}},"30":{"start":{"line":85,"column":6},"end":{"line":85,"column":40}},"31":{"start":{"line":87,"column":6},"end":{"line":90,"column":7}},"32":{"start":{"line":89,"column":8},"end":{"line":89,"column":40}},"33":{"start":{"line":94,"column":4},"end":{"line":96,"column":5}},"34":{"start":{"line":95,"column":6},"end":{"line":95,"column":53}},"35":{"start":{"line":98,"column":4},"end":{"line":98,"column":33}}},"fnMap":{"0":{"name":"(anonymous_0)","decl":{"start":{"line":16,"column":2},"end":{"line":16,"column":3}},"loc":{"start":{"line":16,"column":14},"end":{"line":43,"column":3}},"line":16},"1":{"name":"(anonymous_1)","decl":{"start":{"line":44,"column":2},"end":{"line":44,"column":3}},"loc":{"start":{"line":44,"column":13},"end":{"line":46,"column":3}},"line":44},"2":{"name":"(anonymous_2)","decl":{"start":{"line":52,"column":28},"end":{"line":52,"column":29}},"loc":{"start":{"line":52,"column":38},"end":{"line":75,"column":1}},"line":52},"3":{"name":"(anonymous_3)","decl":{"start":{"line":54,"column":20},"end":{"line":54,"column":21}},"loc":{"start":{"line":54,"column":28},"end":{"line":54,"column":53}},"line":54},"4":{"name":"(anonymous_4)","decl":{"start":{"line":79,"column":2},"end":{"line":79,"column":3}},"loc":{"start":{"line":79,"column":16},"end":{"line":81,"column":3}},"line":79},"5":{"name":"(anonymous_5)","decl":{"start":{"line":82,"column":2},"end":{"line":82,"column":3}},"loc":{"start":{"line":82,"column":13},"end":{"line":99,"column":3}},"line":82}},"branchMap":{"0":{"loc":{"start":{"line":7,"column":11},"end":{"line":7,"column":71}},"type":"binary-expr","locations":[{"start":{"line":7,"column":11},"end":{"line":7,"column":40}},{"start":{"line":7,"column":44},"end":{"line":7,"column":71}}],"line":7},"1":{"loc":{"start":{"line":19,"column":4},"end":{"line":21,"column":5}},"type":"if","locations":[{"start":{"line":19,"column":4},"end":{"line":21,"column":5}},{"start":{},"end":{}}],"line":19},"2":{"loc":{"start":{"line":24,"column":4},"end":{"line":26,"column":5}},"type":"if","locations":[{"start":{"line":24,"column":4},"end":{"line":26,"column":5}},{"start":{},"end":{}}],"line":24},"3":{"loc":{"start":{"line":29,"column":25},"end":{"line":30,"column":74}},"type":"cond-expr","locations":[{"start":{"line":29,"column":58},"end":{"line":29,"column":64}},{"start":{"line":30,"column":24},"end":{"line":30,"column":74}}],"line":29},"4":{"loc":{"start":{"line":30,"column":24},"end":{"line":30,"column":74}},"type":"cond-expr","locations":[{"start":{"line":30,"column":58},"end":{"line":30,"column":66}},{"start":{"line":30,"column":69},"end":{"line":30,"column":74}}],"line":30},"5":{"loc":{"start":{"line":33,"column":4},"end":{"line":35,"column":5}},"type":"if","locations":[{"start":{"line":33,"column":4},"end":{"line":35,"column":5}},{"start":{},"end":{}}],"line":33},"6":{"loc":{"start":{"line":38,"column":4},"end":{"line":40,"column":5}},"type":"if","locations":[{"start":{"line":38,"column":4},"end":{"line":40,"column":5}},{"start":{},"end":{}}],"line":38},"7":{"loc":{"start":{"line":38,"column":8},"end":{"line":38,"column":54}},"type":"binary-expr","locations":[{"start":{"line":38,"column":8},"end":{"line":38,"column":19}},{"start":{"line":38,"column":23},"end":{"line":38,"column":54}}],"line":38},"8":{"loc":{"start":{"line":53,"column":2},"end":{"line":55,"column":3}},"type":"if","locations":[{"start":{"line":53,"column":2},"end":{"line":55,"column":3}},{"start":{},"end":{}}],"line":53},"9":{"loc":{"start":{"line":57,"column":2},"end":{"line":72,"column":3}},"type":"if","locations":[{"start":{"line":57,"column":2},"end":{"line":72,"column":3}},{"start":{},"end":{}}],"line":57},"10":{"loc":{"start":{"line":57,"column":6},"end":{"line":57,"column":38}},"type":"binary-expr","locations":[{"start":{"line":57,"column":6},"end":{"line":57,"column":10}},{"start":{"line":57,"column":14},"end":{"line":57,"column":38}}],"line":57},"11":{"loc":{"start":{"line":60,"column":6},"end":{"line":69,"column":7}},"type":"if","locations":[{"start":{"line":60,"column":6},"end":{"line":69,"column":7}},{"start":{"line":67,"column":13},"end":{"line":69,"column":7}}],"line":60},"12":{"loc":{"start":{"line":84,"column":4},"end":{"line":91,"column":5}},"type":"if","locations":[{"start":{"line":84,"column":4},"end":{"line":91,"column":5}},{"start":{},"end":{}}],"line":84},"13":{"loc":{"start":{"line":87,"column":6},"end":{"line":90,"column":7}},"type":"if","locations":[{"start":{"line":87,"column":6},"end":{"line":90,"column":7}},{"start":{},"end":{}}],"line":87},"14":{"loc":{"start":{"line":87,"column":10},"end":{"line":88,"column":57}},"type":"binary-expr","locations":[{"start":{"line":87,"column":10},"end":{"line":87,"column":54}},{"start":{"line":88,"column":10},"end":{"line":88,"column":57}}],"line":87},"15":{"loc":{"start":{"line":94,"column":4},"end":{"line":96,"column":5}},"type":"if","locations":[{"start":{"line":94,"column":4},"end":{"line":96,"column":5}},{"start":{},"end":{}}],"line":94}},"s":{"0":8,"1":8,"2":4,"3":4,"4":1,"5":4,"6":2,"7":4,"8":4,"9":4,"10":0,"11":4,"12":1,"13":4,"14":0,"15":8,"16":1,"17":0,"18":0,"19":1,"20":1,"21":1,"22":2,"23":2,"24":0,"25":1,"26":0,"27":8,"28":0,"29":1,"30":1,"31":1,"32":1,"33":1,"34":0,"35":1},"f":{"0":4,"1":0,"2":1,"3":0,"4":0,"5":1},"b":{"0":[8,8],"1":[1,3],"2":[2,2],"3":[1,3],"4":[0,3],"5":[0,4],"6":[1,3],"7":[4,1],"8":[0,1],"9":[1,0],"10":[1,1],"11":[2,0],"12":[1,0],"13":[1,0],"14":[1,1],"15":[0,1]},"_coverageSchema":"1a1c01bbd47fc00a2c39e90264f33305004495a9","hash":"a4101353fae80e977bc4457a788373bb35c89760"},"G:\\CUFE Masters\\DevSecOps\\Phase 4\\DrWheels\\frontend\\src\\utils\\csrfProtection.js":{"path":"G:\\CUFE Masters\\DevSecOps\\Phase 4\\DrWheels\\frontend\\src\\utils\\csrfProtection.js","statementMap":{"0":{"start":{"line":9,"column":33},"end":{"line":13,"column":1}},"1":{"start":{"line":10,"column":16},"end":{"line":10,"column":34}},"2":{"start":{"line":11,"column":2},"end":{"line":11,"column":32}},"3":{"start":{"line":12,"column":2},"end":{"line":12,"column":80}},"4":{"start":{"line":12,"column":35},"end":{"line":12,"column":69}},"5":{"start":{"line":18,"column":30},"end":{"line":24,"column":1}},"6":{"start":{"line":19,"column":2},"end":{"line":23,"column":3}},"7":{"start":{"line":20,"column":4},"end":{"line":20,"column":48}},"8":{"start":{"line":22,"column":4},"end":{"line":22,"column":54}},"9":{"start":{"line":29,"column":28},"end":{"line":36,"column":1}},"10":{"start":{"line":30,"column":2},"end":{"line":35,"column":3}},"11":{"start":{"line":31,"column":4},"end":{"line":31,"column":48}},"12":{"start":{"line":33,"column":4},"end":{"line":33,"column":57}},"13":{"start":{"line":34,"column":4},"end":{"line":34,"column":16}},"14":{"start":{"line":41,"column":34},"end":{"line":48,"column":1}},"15":{"start":{"line":42,"column":14},"end":{"line":42,"column":28}},"16":{"start":{"line":43,"column":2},"end":{"line":46,"column":3}},"17":{"start":{"line":44,"column":4},"end":{"line":44,"column":32}},"18":{"start":{"line":45,"column":4},"end":{"line":45,"column":26}},"19":{"start":{"line":47,"column":2},"end":{"line":47,"column":15}},"20":{"start":{"line":53,"column":37},"end":{"line":59,"column":1}},"21":{"start":{"line":54,"column":16},"end":{"line":54,"column":30}},"22":{"start":{"line":55,"column":2},"end":{"line":57,"column":3}},"23":{"start":{"line":56,"column":4},"end":{"line":56,"column":36}},"24":{"start":{"line":58,"column":2},"end":{"line":58,"column":17}},"25":{"start":{"line":64,"column":31},"end":{"line":67,"column":1}},"26":{"start":{"line":65,"column":22},"end":{"line":65,"column":36}},"27":{"start":{"line":66,"column":2},"end":{"line":66,"column":54}}},"fnMap":{"0":{"name":"(anonymous_0)","decl":{"start":{"line":9,"column":33},"end":{"line":9,"column":34}},"loc":{"start":{"line":9,"column":39},"end":{"line":13,"column":1}},"line":9},"1":{"name":"(anonymous_1)","decl":{"start":{"line":12,"column":27},"end":{"line":12,"column":28}},"loc":{"start":{"line":12,"column":35},"end":{"line":12,"column":69}},"line":12},"2":{"name":"(anonymous_2)","decl":{"start":{"line":18,"column":30},"end":{"line":18,"column":31}},"loc":{"start":{"line":18,"column":41},"end":{"line":24,"column":1}},"line":18},"3":{"name":"(anonymous_3)","decl":{"start":{"line":29,"column":28},"end":{"line":29,"column":29}},"loc":{"start":{"line":29,"column":34},"end":{"line":36,"column":1}},"line":29},"4":{"name":"(anonymous_4)","decl":{"start":{"line":41,"column":34},"end":{"line":41,"column":35}},"loc":{"start":{"line":41,"column":40},"end":{"line":48,"column":1}},"line":41},"5":{"name":"(anonymous_5)","decl":{"start":{"line":53,"column":37},"end":{"line":53,"column":38}},"loc":{"start":{"line":53,"column":55},"end":{"line":59,"column":1}},"line":53},"6":{"name":"(anonymous_6)","decl":{"start":{"line":64,"column":31},"end":{"line":64,"column":32}},"loc":{"start":{"line":64,"column":50},"end":{"line":67,"column":1}},"line":64}},"branchMap":{"0":{"loc":{"start":{"line":43,"column":2},"end":{"line":46,"column":3}},"type":"if","locations":[{"start":{"line":43,"column":2},"end":{"line":46,"column":3}},{"start":{},"end":{}}],"line":43},"1":{"loc":{"start":{"line":53,"column":38},"end":{"line":53,"column":50}},"type":"default-arg","locations":[{"start":{"line":53,"column":48},"end":{"line":53,"column":50}}],"line":53},"2":{"loc":{"start":{"line":55,"column":2},"end":{"line":57,"column":3}},"type":"if","locations":[{"start":{"line":55,"column":2},"end":{"line":57,"column":3}},{"start":{},"end":{}}],"line":55},"3":{"loc":{"start":{"line":66,"column":9},"end":{"line":66,"column":53}},"type":"binary-expr","locations":[{"start":{"line":66,"column":9},"end":{"line":66,"column":20}},{"start":{"line":66,"column":24},"end":{"line":66,"column":53}}],"line":66}},"s":{"0":2,"1":5,"2":5,"3":5,"4":160,"5":2,"6":3,"7":3,"8":0,"9":2,"10":10,"11":10,"12":0,"13":0,"14":2,"15":2,"16":2,"17":2,"18":2,"19":2,"20":2,"21":3,"22":3,"23":0,"24":3,"25":2,"26":3,"27":3},"f":{"0":5,"1":160,"2":3,"3":10,"4":2,"5":3,"6":3},"b":{"0":[2,0],"1":[1],"2":[0,3],"3":[3,0]},"_coverageSchema":"1a1c01bbd47fc00a2c39e90264f33305004495a9","hash":"36f772fbb5dd648704ed6287b35938f47054308b"},"G:\\CUFE Masters\\DevSecOps\\Phase 4\\DrWheels\\frontend\\src\\utils\\security.js":{"path":"G:\\CUFE Masters\\DevSecOps\\Phase 4\\DrWheels\\frontend\\src\\utils\\security.js","statementMap":{"0":{"start":{"line":10,"column":29},"end":{"line":16,"column":1}},"1":{"start":{"line":11,"column":2},"end":{"line":11,"column":46}},"2":{"start":{"line":11,"column":33},"end":{"line":11,"column":46}},"3":{"start":{"line":13,"column":14},"end":{"line":13,"column":43}},"4":{"start":{"line":14,"column":2},"end":{"line":14,"column":26}},"5":{"start":{"line":15,"column":2},"end":{"line":15,"column":23}},"6":{"start":{"line":23,"column":29},"end":{"line":26,"column":1}},"7":{"start":{"line":24,"column":21},"end":{"line":24,"column":49}},"8":{"start":{"line":25,"column":2},"end":{"line":25,"column":32}},"9":{"start":{"line":33,"column":32},"end":{"line":56,"column":1}},"10":{"start":{"line":34,"column":17},"end":{"line":34,"column":19}},"11":{"start":{"line":36,"column":2},"end":{"line":38,"column":3}},"12":{"start":{"line":37,"column":4},"end":{"line":37,"column":63}},"13":{"start":{"line":39,"column":2},"end":{"line":41,"column":3}},"14":{"start":{"line":40,"column":4},"end":{"line":40,"column":71}},"15":{"start":{"line":42,"column":2},"end":{"line":44,"column":3}},"16":{"start":{"line":43,"column":4},"end":{"line":43,"column":71}},"17":{"start":{"line":45,"column":2},"end":{"line":47,"column":3}},"18":{"start":{"line":46,"column":4},"end":{"line":46,"column":61}},"19":{"start":{"line":48,"column":2},"end":{"line":50,"column":3}},"20":{"start":{"line":49,"column":4},"end":{"line":49,"column":82}},"21":{"start":{"li
[...]
":0,"95":0,"96":0,"97":0,"98":0,"99":0,"100":0,"101":0,"102":0,"103":0,"104":0},"f":{"0":0,"1":0,"2":0,"3":0,"4":0,"5":0,"6":0,"7":0,"8":0,"9":0,"10":0,"11":0,"12":0,"13":0,"14":0,"15":0,"16":0,"17":0,"18":0,"19":0,"20":0,"21":0,"22":0,"23":0},"b":{"0":[0,0],"1":[0,0],"2":[0,0],"3":[0,0],"4":[0,0],"5":[0,0],"6":[0,0,0],"7":[0,0],"8":[0,0],"9":[0,0,0],"10":[0,0],"11":[0,0],"12":[0,0],"13":[0,0,0],"14":[0,0],"15":[0,0],"16":[0,0],"17":[0,0],"18":[0,0],"19":[0,0],"20":[0,0],"21":[0,0],"22":[0,0],"23":[0,0],"24":[0,0,0],"25":[0,0],"26":[0,0],"27":[0,0],"28":[0,0],"29":[0,0],"30":[0,0],"31":[0,0],"32":[0,0]}},"G:\\CUFE Masters\\DevSecOps\\Phase 4\\DrWheels\\frontend\\src\\pages\\Cars.js":{"path":"G:\\CUFE Masters\\DevSecOps\\Phase 4\\DrWheels\\frontend\\src\\pages\\Cars.js","statementMap":{"0":{"start":{"line":29,"column":13},"end":{"line":414,"column":1}},"1":{"start":{"line":30,"column":19},"end":{"line":30,"column":42}},"2":{"start":{"line":31,"column":26},"end":{"line":31,"column":38}},"3":{"start":{"line":32,"column":32},"end":{"line":32,"column":46}},"4":{"start":{"line":33,"column":32},"end":{"line":46,"column":4}},"5":{"start":{"line":47,"column":38},"end":{"line":47,"column":79}},"6":{"start":{"line":48,"column":36},"end":{"line":48,"column":55}},"7":{"start":{"line":49,"column":19},"end":{"line":49,"column":32}},"8":{"start":{"line":51,"column":2},"end":{"line":53,"column":33}},"9":{"start":{"line":52,"column":4},"end":{"line":52,"column":16}},"10":{"start":{"line":55,"column":2},"end":{"line":59,"column":13}},"11":{"start":{"line":56,"column":4},"end":{"line":58,"column":5}},"12":{"start":{"line":57,"column":6},"end":{"line":57,"column":23}},"13":{"start":{"line":61,"column":20},"end":{"line":92,"column":3}},"14":{"start":{"line":62,"column":4},"end":{"line":91,"column":5}},"15":{"start":{"line":63,"column":6},"end":{"line":63,"column":23}},"16":{"start":{"line":64,"column":21},"end":{"line":68,"column":7}},"17":{"start":{"line":71,"column":6},"end":{"line":75,"column":9}},"18":{"start":{"line":72,"column":8},"end":{"line":74,"column":9}},"19":{"start":{"line":73,"column":10},"end":{"line":73,"column":29}},"20":{"start":{"line":77,"column":23},"end":{"line":77,"column":57}},"21":{"start":{"line":79,"column":6},"end":{"line":86,"column":7}},"22":{"start":{"line":80,"column":8},"end":{"line":80,"column":31}},"23":{"start":{"line":82,"column":8},"end":{"line":82,"column":42}},"24":{"start":{"line":83,"column":8},"end":{"line":85,"column":9}},"25":{"start":{"line":84,"column":10},"end":{"line":84,"column":50}},"26":{"start":{"line":88,"column":6},"end":{"line":88,"column":51}},"27":{"start":{"line":90,"column":6},"end":{"line":90,"column":24}},"28":{"start":{"line":94,"column":25},"end":{"line":102,"column":3}},"29":{"start":{"line":95,"column":4},"end":{"line":101,"column":5}},"30":{"start":{"line":96,"column":23},"end":{"line":96,"column":50}},"31":{"start":{"line":97,"column":26},"end":{"line":97,"column":68}},"32":{"start":{"line":97,"column":59},"end":{"line":97,"column":66}},"33":{"start":{"line":98,"column":6},"end":{"line":98,"column":32}},"34":{"start":{"line":100,"column":6},"end":{"line":100,"column":56}},"35":{"start":{"line":104,"column":29},"end":{"line":123,"column":3}},"36":{"start":{"line":106,"column":25},"end":{"line":106,"column":30}},"37":{"start":{"line":108,"column":4},"end":{"line":119,"column":5}},"38":{"start":{"line":110,"column":6},"end":{"line":110,"column":49}},"39":{"start":{"line":111,"column":11},"end":{"line":119,"column":5}},"40":{"start":{"line":115,"column":6},"end":{"line":115,"column":51}},"41":{"start":{"line":116,"column":6},"end":{"line":118,"column":7}},"42":{"start":{"line":117,"column":8},"end":{"line":117,"column":15}},"43":{"start":{"line":121,"column":4},"end":{"line":121,"column":56}},"44":{"start":{"line":122,"column":4},"end":{"line":122,"column":46}},"45":{"start":{"line":125,"column":23},"end":{"line":135,"column":3}},"46":{"start":{"line":126,"column":4},"end":{"line":126,"column":23}},"47":{"start":{"line":129,"column":22},"end":{"line":129,"column":65}},"48":{"start":{"line":130,"column":4},"end":{"line":132,"column":5}},"49":{"start":{"line":131,"column":6},"end":{"line":131,"column":13}},"50":{"start":{"line":134,"column":4},"end":{"line":134,"column":16}},"51":{"start":{"line":137,"column":25},"end":{"line":160,"column":3}},"52":{"start":{"line":138,"column":4},"end":{"line":138,"column":24}},"53":{"start":{"line":139,"column":4},"end":{"line":142,"column":5}},"54":{"start":{"line":140,"column":6},"end":{"line":140,"column":25}},"55":{"start":{"line":141,"column":6},"end":{"line":141,"column":13}},"56":{"start":{"line":144,"column":4},"end":{"line":159,"column":5}},"57":{"start":{"line":145,"column":25},"end":{"line":145,"column":45}},"58":{"start":{"line":146,"column":6},"end":{"line":156,"column":7}},"59":{"start":{"line":147,"column":8},"end":{"line":147,"column":48}},"60":{"start":{"line":148,"column":8},"end":{"line":152,"column":11}},"61":{"start":{"line":149,"column":25},"end":{"line":149,"column":38}},"62":{"start":{"line":150,"column":10},"end":{"line":150,"column":31}},"63":{"start":{"line":151,"column":10},"end":{"line":151,"column":24}},"64":{"start":{"line":154,"column":8},"end":{"line":154,"column":48}},"65":{"start":{"line":155,"column":8},"end":{"line":155,"column":55}},"66":{"start":{"line":155,"column":29},"end":{"line":155,"column":53}},"67":{"start":{"line":158,"column":6},"end":{"line":158,"column":55}},"68":{"start":{"line":162,"column":2},"end":{"line":164,"column":3}},"69":{"start":{"line":163,"column":4},"end":{"line":163,"column":81}},"70":{"start":{"line":166,"column":2},"end":{"line":413,"column":4}},"71":{"start":{"line":173,"column":53},"end":{"line":173,"column":77}},"72":{"start":{"line":187,"column":31},"end":{"line":187,"column":75}},"73":{"start":{"line":189,"column":16},"end":{"line":191,"column":17}},"74":{"start":{"line":190,"column":18},"end":{"line":190,"column":34}},"75":{"start":{"line":204,"column":31},"end":{"line":204,"column":73}},"76":{"start":{"line":212,"column":31},"end":{"line":212,"column":74}},"77":{"start":{"line":221,"column":31},"end":{"line":221,"column":76}},"78":{"start":{"line":230,"column":31},"end":{"line":230,"column":76}},"79":{"start":{"line":239,"column":31},"end":{"line":239,"column":77}},"80":{"start":{"line":248,"column":31},"end":{"line":248,"column":77}},"81":{"start":{"line":256,"column":31},"end":{"line":256,"column":74}},"82":{"start":{"line":265,"column":33},"end":{"line":265,"column":77}},"83":{"start":{"line":281,"column":14},"end":{"line":294,"column":17}},"84":{"start":{"line":305,"column":10},"end":{"line":389,"column":17}},"85":{"start":{"line":317,"column":29},"end":{"line":317,"column":57}},"86":{"start":{"line":354,"column":36},"end":{"line":354,"column":62}},"87":{"start":{"line":399,"column":36},"end":{"line":399,"column":81}}},"fnMap":{"0":{"name":"(anonymous_0)","decl":{"start":{"line":29,"column":13},"end":{"line":29,"column":14}},"loc":{"start":{"line":29,"column":19},"end":{"line":414,"column":1}},"line":29},"1":{"name":"(anonymous_1)","decl":{"start":{"line":51,"column":12},"end":{"line":51,"column":13}},"loc":{"start":{"line":51,"column":18},"end":{"line":53,"column":3}},"line":51},"2":{"name":"(anonymous_2)","decl":{"start":{"line":55,"column":12},"end":{"line":55,"column":13}},"loc":{"start":{"line":55,"column":18},"end":{"line":59,"column":3}},"line":55},"3":{"name":"(anonymous_3)","decl":{"start":{"line":61,"column":20},"end":{"line":61,"column":21}},"loc":{"start":{"line":61,"column":32},"end":{"line":92,"column":3}},"line":61},"4":{"name":"(anonymous_4)","decl":{"start":{"line":71,"column":34},"end":{"line":71,"column":35}},"loc":{"start":{"line":71,"column":41},"end":{"line":75,"column":7}},"line":71},"5":{"name":"(anonymous_5)","decl":{"start":{"line":94,"column":25},"end":{"line":94,"column":26}},"loc":{"start":{"line":94,"column":37},"end":{"line":102,"column":3}},"line":94},"6":{"name":"(anonymous_6)","decl":{"start":{"line":97,"column":52},"end":{"line":97,"column":53}},"loc":{"start":{"line":97,"column":59},"end":{"line":97,"column":66}},"line":97},"7":{"name":"(anonymous_7)","decl":{"start":{"line":104,"column":29},"end":{"line":104,"column":30}},"loc":{"start":{"line":104,"column":47},"end":{"line":123,"column":3}},"line":104},"8":{"name":"(anonymous_8)","decl":{"start":{"line":125,"column":23},"end":{"line":125,"column":24}},"loc":{"start":{"line":125,"column":30},"end":{"line":135,"column":3}},"line":125},"9":{"name":"(anonymous_9)","decl":{"start":{"line":137,"column":25},"end":{"line":137,"column":26}},"loc":{"start":{"line":137,"column":45},"end":{"line":160,"column":3}},"line":137},"10":{"name":"(anonymous_10)","decl":{"start":{"line":148,"column":21},"end":{"line":148,"column":22}},"loc":{"start":{"line":148,"column":29},"end":{"line":152,"column":9}},"line":148},"11":{"name":"(anonymous_11)","decl":{"start":{"line":155,"column":21},"end":{"line":155,"column":22}},"loc":{"start":{"line":155,"column":29},"end":{"line":155,"column":53}},"line":155},"12":{"name":"(anonymous_12)","decl":{"start":{"line":173,"column":47},"end":{"line":173,"column":48}},"loc":{"start":{"line":173,"column":53},"end":{"line":173,"column":77}},"line":173},"13":{"name":"(anonymous_13)","decl":{"start":{"line":187,"column":24},"end":{"line":187,"column":25}},"loc":{"start":{"line":187,"column":31},"end":{"line":187,"column":75}},"line":187},"14":{"name":"(anonymous_14)","decl":{"start":{"line":188,"column":26},"end":{"line":188,"column":27}},"loc":{"start":{"line":188,"column":33},"end":{"line":192,"column":15}},"line":188},"15":{"name":"(anonymous_15)","decl":{"start":{"line":204,"column":24},"end":{"line":204,"column":25}},"loc":{"start":{"line":204,"column":31},"end":{"line":204,"column":73}},"line":204},"16":{"name":"(anonymous_16)","decl":{"start":{"line":212,"column":24},"end":{"line":212,"column":25}},"loc":{"start":{"line":212,"column":31},"end":{"line":212,"column":74}},"line":212},"17":{"name":"(anonymous_17)","decl":{"start":{"line":221,"column":24},"end":{"line":221,"column":25}},"loc":{"start":{"line":221,"column":31},"end":{"line":221,"column":76}},"line":221},"18":{"name":"(anonymous_18)","decl":{"start":{"line":230,"column":24},"end":{"line":230,"column":25}},"loc":{"start":{"line":230,"column":31},"end":{"line":230,"column":76}},"line":230},"19":{"name":"(anonymous_19)","decl":{"start":{"line":239,"column":24},"end":{"line":239,"column":25}},"loc":{"start":{"line":239,"column":31},"end":{"line":239,"column":77}},"line":239},"20":{"name":"(anonymous_20)","decl":{"start":{"line":248,"column":24},"end":{"line":248,"column":25}},"loc":{"start":{"line":248,"column":31},"end":{"line":248,"column":77}},"line":248},"21":{"name":"(anonymous_21)","decl":{"start":{"line":256,"column":24},"end":{"line":256,"column":25}},"loc":{"start":{"line":256,"column":31},"end":{"line":256,"column":74}},"line":256},"22":{"name":"(anonymous_22)","decl":{"start":{"line":265,"column":26},"end":{"line":265,"column":27}},"loc":{"start":{"line":265,"column":33},"end":{"line":265,"column":77}},"line":265},"23":{"name":"(anonymous_23)","decl":{"start":{"line":280,"column":21},"end":{"line":280,"column":22}},"loc":{"start":{"line":280,"column":27},"end":{"line":295,"column":13}},"line":280},"24":{"name":"(anonymous_24)","decl":{"start":{"line":304,"column":18},"end":{"line":304,"column":19}},"loc":{"start":{"line":305,"column":10},"end":{"line":389,"column":17}},"line":305},"25":{"name":"(anonymous_25)","decl":{"start":{"line":317,"column":23},"end":{"line":317,"column":24}},"loc":{"start":{"line":317,"column":29},"end":{"line":317,"column":57}},"line":317},"26":{"name":"(anonymous_26)","decl":{"start":{"line":354,"column":29},"end":{"line":354,"column":30}},"loc":{"start":{"line":354,"column":36},"end":{"line":354,"column":62}},"line":354},"27":{"name":"(anonymous_27)","decl":{"start":{"line":399,"column":22},"end":{"line":399,"column":23}},"loc":{"start":{"line":399,"column":36},"end":{"line":399,"column":81}},"line":399}},"branchMap":{"0":{"loc":{"start":{"line":56,"column":4},"end":{"line":58,"column":5}},"type":"if","locations":[{"start":{"line":56,"column":4},"end":{"line":58,"column":5}},{"start":{},"end":{}}],"line":56},"1":{"loc":{"start":{"line":72,"column":8},"end":{"line":74,"column":9}},"type":"if","locations":[{"start":{"line":72,"column":8},"end":{"line":74,"column":9}},{"start":{},"end":{}}],"line":72},"2":{"loc":{"start":{"line":72,"column":12},"end":{"line":72,"column":54}},"type":"binary-expr","locations":[{"start":{"line":72,"column":12},"end":{"line":72,"column":30}},{"start":{"line":72,"column":34},"end":{"line":72,"column":54}}],"line":72},"3":{"loc":{"start":{"line":79,"column":6},"end":{"line":86,"column":7}},"type":"if","locations":[{"start":{"line":79,"column":6},"end":{"line":86,"column":7}},{"start":{"line":81,"column":13},"end":{"line":86,"column":7}}],"line":79},"4":{"loc":{"start":{"line":82,"column":16},"end":{"line":82,"column":40}},"type":"binary-expr","locations":[{"start":{"line":82,"column":16},"end":{"line":82,"column":34}},{"start":{"line":82,"column":38},"end":{"line":82,"column":40}}],"line":82},"5":{"loc":{"start":{"line":83,"column":8},"end":{"line":85,"column":9}},"type":"if","locations":[{"start":{"line":83,"column":8},"end":{"line":85,"column":9}},{"start":{},"end":{}}],"line":83},"6":{"loc":{"start":{"line":108,"column":4},"end":{"line":119,"column":5}},"type":"if","locations":[{"start":{"line":108,"column":4},"end":{"line":119,"column":5}},{"start":{"line":111,"column":11},"end":{"line":119,"column":5}}],"line":108},"7":{"loc":{"start":{"line":108,"column":8},"end":{"line":108,"column":88}},"type":"binary-expr","locations":[{"start":{"line":108,"column":8},"end":{"line":108,"column":26}},{"start":{"line":108,"column":30},"end":{"line":108,"column":46}},{"start":{"line":108,"column":50},"end":{"line":108,"column":67}},{"start":{"line":108,"column":71},"end":{"line":108,"column":88}}],"line":108},"8":{"loc":{"start":{"line":111,"column":11},"end":{"line":119,"column":5}},"type":"if","locations":[{"start":{"line":111,"column":11},"end":{"line":119,"column":5}},{"start":{},"end":{}}],"line":111},"9":{"loc":{"start":{"line":111,"column":15},"end":{"line":113,"column":63}},"type":"binary-expr","locations":[{"start":{"line":111,"column":15},"end":{"line":111,"column":34}},{"start":{"line":111,"column":38},"end":{"line":111,"column":57}},{"start":{"line":112,"column":15},"end":{"line":112,"column":35}},{"start":{"line":112,"column":39},"end":{"line":112,"column":59}},{"start":{"line":113,"column":15},"end":{"line":113,"column":37}},{"start":{"line":113,"column":41},"end":{"line":113,"column":63}}],"line":111},"10":{"loc":{"start":{"line":116,"column":6},"end":{"line":118,"column":7}},"type":"if","locations":[{"start":{"line":116,"column":6},"end":{"line":118,"column":7}},{"start":{},"end":{}}],"line":116},"11":{"loc":{"start":{"line":116,"column":10},"end":{"line":116,"column":49}},"type":"binary-expr","locations":[{"start":{"line":116,"column":10},"end":{"line":116,"column":33}},{"start":{"line":116,"column":37},"end":{"line":116,"column":49}}],"line":116},"12":{"loc":{"start":{"line":130,"column":4},"end":{"line":132,"column":5}},"type":"if","locations":[{"start":{"line":130,"column":4},"end":{"line":132,"column":5}},{"start":{},"end":{}}],"line":130},"13":{"loc":{"start":{"line":139,"column":4},"end":{"line":142,"column":5}},"type":"if","locations":[{"start":{"line":139,"column":4},"end":{"line":142,"column":5}},{"start":{},"end":{}}],"line":139},"14":{"loc":{"start":{"line":146,"column":6},"end":{"line":156,"column":7}},"type":"if","locations":[{"start":{"line":146,"column":6},"end":{"line":156,"column":7}},{"start":{"line":153,"column":13},"end":{"line":156,"column":7}}],"line":146},"15":{"loc":{"start":{"line":162,"column":2},"end":{"line":164,"column":3}},"type":"if","locations":[{"start":{"line":162,"column":2},"end":{"line":164,"column":3}},{"start":{},"end":{}}],"line":162},"16":{"loc":{"start":{"line":162,"column":6},"end":{"line":162,"column":34}},"type":"binary-expr","locations":[{"start":{"line":162,"column":6},"end":{"line":162,"column":13}},{"start":{"line":162,"column":17},"end":{"line":162,"column":34}}],"line":162},"17":{"loc":{"start":{"line":172,"column":9},"end":{"line":176,"column":9}},"type":"binary-expr","locations":[{"start":{"line":172,"column":9},"end":{"line":172,"column":13}},{"start":{"line":173,"column":10},"end":{"line":175,"column":19}}],"line":172},"18":{"loc":{"start":{"line":189,"column":16},"end":{"line":191,"column":17}},"type":"if","locations":[{"start":{"line":189,"column":16},"end":{"line":191,"column":17}},{"start":{},"end":{}}],"line":189},"19":{"loc":{"start":{"line":331,"column":19},"end":{"line":343,"column":19}},"type":"cond-expr","locations":[{"start":{"line":332,"column":20},"end":{"line":340,"column":22}},{"start":{"line":342,"column":20},"end":{"line":342,"column":80}}],"line":331},"20":{"loc":{"start":{"line":331,"column":19},"end":{"line":331,"column":54}},"type":"binary-expr","locations":[{"start":{"line":331,"column":19},"end":{"line":331,"column":29}},{"start":{"line":331,"column":33},"end":{"line":331,"column":54}}],"line":331},"21":{"loc":{"start":{"line":345,"column":17},"end":{"line":362,"column":17}},"type":"binary-expr","locations":[{"start":{"line":345,"column":17},"end":{"line":345,"column":21}},{"start":{"line":346,"column":18},"end":{"line":361,"column":31}}],"line":345},"22":{"loc":{"start":{"line":356,"column":21},"end":{"line":360,"column":21}},"type":"cond-expr","locations":[{"start":{"line":357,"column":22},"end":{"line":357,"column":48}},{"start":{"line":359,"column":22},"end":{"line":359,"column":40}}],"line":356},"23":{"loc":{"start":{"line":375,"column":19},"end":{"line":382,"column":19}},"type":"binary-expr","locations":[{"start":{"line":375,"column":19},"end":{"line":375,"column":40}},{"start":{"line":376,"column":20},"end":{"line":381,"column":26}}],"line":375},"24":{"loc":{"start":{"line":384,"column":17},"end":{"line":386,"column":17}},"type":"binary-expr","locations":[{"start":{"line":384,"column":17},"end":{"line":384,"column":26}},{"start":{"line":385,"column":18},"end":{"line":385,"column":72}}],"line":384},"25":{"loc":{"start":{"line":394,"column":7},"end":{"line":403,"column":7}},"type":"binary-expr","locations":[{"start":{"line":394,"column":7},"end":{"line":394,"column":27}},{"start":{"line":395,"column":8},"end":{"line":402,"column":14}}],"line":394},"26":{"loc":{"start":{"line":405,"column":7},"end":{"line":411,"column":7}},"type":"binary-expr","locations":[{"start":{"line":405,"column":7},"end":{"line":405,"column":24}},{"start":{"line":405,"column":28},"end":{"line":405,"column":36}},{"start":{"line":406,"column":8},"end":{"line":410,"column":14}}],"line":405}},"s":{"0":0,"1":0,"2":0,"3":0,"4":0,"5":0,"6":0,"7":0,"8":0,"9":0,"10":0,"11":0,"12":0,"13":0,"14":0,"15":0,"16":0,"17":0,"18":0,"19":0,"20":0,"21":0,"22":0,"23":0,"24":0,"25":0,"26":0,"27":0,"28":0,"29":0,"30":0,"31":0,"32":0,"33":0,"34":0,"35":0,"36":0,"37":0,"38":0,"39":0,"40":0,"41":0,"42":0,"43":0,"44":0,"45":0,"46":0,"47":0,"48":0,"49":0,"50":0,"51":0,"52":0,"53":0,"54":0,"55":0,"56":0,"57":0,"58":0,"59":0,"60":0,"61":0,"62":0,"63":0,"64":0,"65":0,"66":0,"67":0,"68":0,"69":0,"70":0,"71":0,"72":0,"73":0,"74":0,"75":0,"76":0,"77":0,"78":0,"79":0,"80":0,"81":0,"82":0,"83":0,"84":0,"85":0,"86":0,"87":0},"f":{"0":0,"1":0,"2":0,"3":0,"4":0,"5":0,"6":0,"7":0,"8":0,"9":0,"10":0,"11":0,"12":0,"13":0,"14":0,"15":0,"16":0,"17":0,"18":0,"19":0,"20":0,"21":0,"22":0,"23":0,"24":0,"25":0,"26":0,"27":0},"b":{"0":[0,0],"1":[0,0],"2":[0,0],"3":[0,0],"4":[0,0],"5":[0,0],"6":[0,0],"7":[0,0,0,0],"8":[0,0],"9":[0,0,0,0,0,0],"10":[0,0],"11":[0,0],"12":[0,0],"13":[0,0],"14":[0,0],"15":[0,0],"16":[0,0],"17":[0,0],"18":[0,0],"19":[0,0],"20":[0,0],"21":[0,0],"22":[0,0],"23":[0,0],"24":[0,0],"25":[0,0],"26":[0,0,0]}}}}