{"numFailedTestSuites":0,"numFailedTests":0,"numPassedTestSuites":9,"numPassedTests":119,"numPendingTestSuites":0,"numPendingTests":0,"numRuntimeErrorTestSuites":0,"numTodoTests":0,"numTotalTestSuites":9,"numTotalTests":119,"openHandles":[],"snapshot":{"added":0,"didUpdate":false,"failure":false,"filesAdded":0,"filesRemoved":0,"filesRemovedList":[],"filesUnmatched":0,"filesUpdated":0,"matched":0,"total":0,"unchecked":0,"uncheckedKeysByFile":[],"unmatched":0,"updated":0},"startTime":1767059615349,"success":true,"testResults":[{"assertionResults":[{"ancestorTitles":["Car Model","Car Creation"],"duration":179,"failureDetails":[],"failureMessages":[],"fullName":"Car Model Car Creation should create a car with all required fields","invocations":1,"location":null,"numPassingAsserts":8,"retryReasons":[],"status":"passed","title":"should create a car with all required fields"},{"ancestorTitles":["Car Model","Car Creation"],"duration":113,"failureDetails":[],"failureMessages":[],"fullName":"Car Model Car Creation should require make","invocations":1,"location":null,"numPassingAsserts":1,"retryReasons":[],"status":"passed","title":"should require make"},{"ancestorTitles":["Car Model","Car Creation"],"duration":102,"failureDetails":[],"failureMessages":[],"fullName":"Car Model Car Creation should require model","invocations":1,"location":null,"numPassingAsserts":1,"retryReasons":[],"status":"passed","title":"should require model"},{"ancestorTitles":["Car Model","Car Creation"],"duration":102,"failureDetails":[],"failureMessages":[],"fullName":"Car Model Car Creation should require year","invocations":1,"location":null,"numPassingAsserts":1,"retryReasons":[],"status":"passed","title":"should require year"},{"ancestorTitles":["Car Model","Car Creation"],"duration":93,"failureDetails":[],"failureMessages":[],"fullName":"Car Model Car Creation should require price","invocations":1,"location":null,"numPassingAsserts":1,"retryReasons":[],"status":"passed","title":"should require price"},{"ancestorTitles":["Car Model","Car Creation"],"duration":99,"failureDetails":[],"failureMessages":[],"fullName":"Car Model Car Creation should require seller","invocations":1,"location":null,"numPassingAsserts":1,"retryReasons":[],"status":"passed","title":"should require seller"},{"ancestorTitles":["Car Model","Car Creation"],"duration":94,"failureDetails":[],"failureMessages":[],"fullName":"Car Model Car Creation should reject invalid year (too old)","invocations":1,"location":null,"numPassingAsserts":1,"retryReasons":[],"status":"passed","title":"should reject invalid year (too old)"},{"ancestorTitles":["Car Model","Car Creation"],"duration":89,"failureDetails":[],"failureMessages":[],"fullName":"Car Model Car Creation should reject invalid year (future)","invocations":1,"location":null,"numPassingAsserts":1,"retryReasons":[],"status":"passed","title":"should reject invalid year (future)"},{"ancestorTitles":["Car Model","Car Creation"],"duration":93,"failureDetails":[],"failureMessages":[],"fullName":"Car Model Car Creation should reject negative price","invocations":1,"location":null,"numPassingAsserts":1,"retryReasons":[],"status":"passed","title":"should reject negative price"},{"ancestorTitles":["Car Model","Car Creation"],"duration":100,"failureDetails":[],"failureMessages":[],"fullName":"Car Model Car Creation should reject negative mileage","invocations":1,"location":null,"numPassingAsserts":1,"retryReasons":[],"status":"passed","title":"should reject negative mileage"},{"ancestorTitles":["Car Model","Car Creation"],"duration":93,"failureDetails":[],"failureMessages":[],"fullName":"Car Model Car Creation should default mileage to 0","invocations":1,"location":null,"numPassingAsserts":1,"retryReasons":[],"status":"passed","title":"should default mileage to 0"},{"ancestorTitles":["Car Model","Car Creation"],"duration":103,"failureDetails":[],"failureMessages":[],"fullName":"Car Model Car Creation should accept valid status values","invocations":1,"location":null,"numPassingAsserts":3,"retryReasons":[],"status":"passed","title":"should accept valid status values"},{"ancestorTitles":["Car Model","Car Creation"],"duration":104,"failureDetails":[],"failureMessages":[],"fullName":"Car Model Car Creation should reject invalid status","invocations":1,"location":null,"numPassingAsserts":1,"retryReasons":[],"status":"passed","title":"should reject invalid status"},{"ancestorTitles":["Car Model","Car Creation"],"duration":97,"failureDetails":[],"failureMessages":[],"fullName":"Car Model Car Creation should trim make and model","invocations":1,"location":null,"numPassingAsserts":2,"retryReasons":[],"status":"passed","title":"should trim make and model"},{"ancestorTitles":["Car Model","Car Creation"],"duration":91,"failureDetails":[],"failureMessages":[],"fullName":"Car Model Car Creation should accept images array","invocations":1,"location":null,"numPassingAsserts":1,"retryReasons":[],"status":"passed","title":"should accept images array"},{"ancestorTitles":["Car Model","Car Creation"],"duration":99,"failureDetails":[],"failureMessages":[],"fullName":"Car Model Car Creation should limit averageRating to 0-5","invocations":1,"location":null,"numPassingAsserts":1,"retryReasons":[],"status":"passed","title":"should limit averageRating to 0-5"},{"ancestorTitles":["Car Model","Timestamps"],"duration":101,"failureDetails":[],"failureMessages":[],"fullName":"Car Model Timestamps should have createdAt and updatedAt","invocations":1,"location":null,"numPassingAsserts":2,"retryReasons":[],"status":"passed","title":"should have createdAt and updatedAt"}],"endTime":1767059618882,"message":"","name":"G:\\CUFE Masters\\DevSecOps\\Phase 4\\DrWheels\\backend\\tests\\models\\Car.test.js","startTime":1767059615426,"status":"passed","summary":""},{"assertionResults":[{"ancestorTitles":["Order Controller","POST /api/orders"],"duration":355,"failureDetails":[],"failureMessages":[],"fullName":"Order Controller POST /api/orders should create a new order","invocations":1,"location":null,"numPassingAsserts":4,"retryReasons":[],"status":"passed","title":"should create a new order"},{"ancestorTitles":["Order Controller","POST /api/orders"],"duration":215,"failureDetails":[],"failureMessages":[],"fullName":"Order Controller POST /api/orders should not allow buying own car","invocations":1,"location":null,"numPassingAsserts":1,"retryReasons":[],"status":"passed","title":"should not allow buying own car"},{"ancestorTitles":["Order Controller","POST /api/orders"],"duration":208,"failureDetails":[],"failureMessages":[],"fullName":"Order Controller POST /api/orders should not allow ordering unavailable car","invocations":1,"location":null,"numPassingAsserts":1,"retryReasons":[],"status":"passed","title":"should not allow ordering unavailable car"},{"ancestorTitles":["Order Controller","POST /api/orders"],"duration":197,"failureDetails":[],"failureMessages":[],"fullName":"Order Controller POST /api/orders should return 404 for non-existent car","invocations":1,"location":null,"numPassingAsserts":0,"retryReasons":[],"status":"passed","title":"should return 404 for non-existent car"},{"ancestorTitles":["Order Controller","GET /api/orders"],"duration":224,"failureDetails":[],"failureMessages":[],"fullName":"Order Controller GET /api/orders should get buyer orders","invocations":1,"location":null,"numPassingAsserts":2,"retryReasons":[],"status":"passed","title":"should get buyer orders"},{"ancestorTitles":["Order Controller","GET /api/orders"],"duration":214,"failureDetails":[],"failureMessages":[],"fullName":"Order Controller GET /api/orders should get seller orders","invocations":1,"location":null,"numPassingAsserts":2,"retryReasons":[],"status":"passed","title":"should get seller orders"},{"ancestorTitles":["Order Controller","GET /api/orders/:id"],"duration":233,"failureDetails":[],"failureMessages":[],"fullName":"Order Controller GET /api/orders/:id should get order by id for buyer","invocations":1,"location":null,"numPassingAsserts":1,"retryReasons":[],"status":"passed","title":"should get order by id for buyer"},{"ancestorTitles":["Order Controller","GET /api/orders/:id"],"duration":219,"failureDetails":[],"failureMessages":[],"fullName":"Order Controller GET /api/orders/:id should get order by id for seller","invocations":1,"location":null,"numPassingAsserts":0,"retryReasons":[],"status":"passed","title":"should get order by id for seller"},{"ancestorTitles":["Order Controller","GET /api/orders/:id"],"duration":299,"failureDetails":[],"failureMessages":[],"fullName":"Order Controller GET /api/orders/:id should not allow unauthorized access","invocations":1,"location":null,"numPassingAsserts":0,"retryReasons":[],"status":"passed","title":"should not allow unauthorized access"},{"ancestorTitles":["Order Controller","PUT /api/orders/:orderId/status"],"duration":222,"failureDetails":[],"failureMessages":[],"fullName":"Order Controller PUT /api/orders/:orderId/status should update order status by seller","invocations":1,"location":null,"numPassingAsserts":1,"retryReasons":[],"status":"passed","title":"should update order status by seller"},{"ancestorTitles":["Order Controller","PUT /api/orders/:orderId/status"],"duration":251,"failureDetails":[],"failureMessages":[],"fullName":"Order Controller PUT /api/orders/:orderId/status should mark car as sold when order completed","invocations":1,"location":null,"numPassingAsserts":1,"retryReasons":[],"status":"passed","title":"should mark car as sold when order completed"},{"ancestorTitles":["Order Controller","PUT /api/orders/:orderId/status"],"duration":252,"failureDetails":[],"failureMessages":[],"fullName":"Order Controller PUT /api/orders/:orderId/status should mark car as available when order cancelled","invocations":1,"location":null,"numPassingAsserts":1,"retryReasons":[],"status":"passed","title":"should mark car as available when order cancelled"},{"ancestorTitles":["Order Controller","PUT /api/orders/:orderId/status"],"duration":227,"failureDetails":[],"failureMessages":[],"fullName":"Order Controller PUT /api/orders/:orderId/status should not allow buyer to update order status","invocations":1,"location":null,"numPassingAsserts":0,"retryReasons":[],"status":"passed","title":"should not allow buyer to update order status"},{"ancestorTitles":["Order Controller","POST /api/orders/:orderId/cancel"],"duration":238,"failureDetails":[],"failureMessages":[],"fullName":"Order Controller POST /api/orders/:orderId/cancel should cancel order by buyer","invocations":1,"location":null,"numPassingAsserts":2,"retryReasons":[],"status":"passed","title":"should cancel order by buyer"},{"ancestorTitles":["Order Controller","POST /api/orders/:orderId/cancel"],"duration":202,"failureDetails":[],"failureMessages":[],"fullName":"Order Controller POST /api/orders/:orderId/cancel should not allow seller to cancel order","invocations":1,"location":null,"numPassingAsserts":0,"retryReasons":[],"status":"passed","title":"should not allow seller to cancel order"}],"endTime":1767059623718,"message":"","name":"G:\\CUFE Masters\\DevSecOps\\Phase 4\\DrWheels\\backend\\tests\\controllers\\orderController.test.js","startTime":1767059618902,"status":"passed","summary":""},{"assertionResults":[{"ancestorTitles":["Car Controller","GET /api/cars"],"duration":183,"failureDetails":[],"failureMessages":[],"fullName":"Car Controller GET /api/cars should get all available cars","invocations":1,"location":null,"numPassingAsserts":3,"retryReasons":[],"status":"passed","title":"should get all available cars"},{"ancestorTitles":["Car Controller","GET /api/cars"],"duration":125,"failureDetails":[],"failureMessages":[],"fullName":"Car Controller GET /api/cars should filter cars by make","invocations":1,"location":null,"numPassingAsserts":2,"retryReasons":[],"status":"passed","title":"should filter cars by make"},{"ancestorTitles":["Car Controller","GET /api/cars"],"duration":134,"failureDetails":[],"failureMessages":[],"fullName":"Car Controller GET /api/cars should filter cars by price range","invocations":1,"location":null,"numPassingAsserts":2,"retryReasons":[],"status":"passed","title":"should filter cars by price range"},{"ancestorTitles":["Car Controller","GET /api/cars"],"duration":149,"failureDetails":[],"failureMessages":[],"fullName":"Car Controller GET /api/cars should paginate results","invocations":1,"location":null,"numPassingAsserts":3,"retryReasons":[],"status":"passed","title":"should paginate results"},{"ancestorTitles":["Car Controller","GET /api/cars"],"duration":133,"failureDetails":[],"failureMessages":[],"fullName":"Car Controller GET /api/cars should not return sold cars","invocations":1,"location":null,"numPassingAsserts":2,"retryReasons":[],"status":"passed","title":"should not return sold cars"},{"ancestorTitles":["Car Controller","GET /api/cars/:id"],"duration":131,"failureDetails":[],"failureMessages":[],"fullName":"Car Controller GET /api/cars/:id should get car by id","invocations":1,"location":null,"numPassingAsserts":2,"retryReasons":[],"status":"passed","title":"should get car by id"},{"ancestorTitles":["Car Controller","GET /api/cars/:id"],"duration":110,"failureDetails":[],"failureMessages":[],"fullName":"Car Controller GET /api/cars/:id should return 404 for non-existent car","invocations":1,"location":null,"numPassingAsserts":1,"retryReasons":[],"status":"passed","title":"should return 404 for non-existent car"},{"ancestorTitles":["Car Controller","GET /api/cars/:id"],"duration":103,"failureDetails":[],"failureMessages":[],"fullName":"Car Controller GET /api/cars/:id should return 400 for invalid id format","invocations":1,"location":null,"numPassingAsserts":2,"retryReasons":[],"status":"passed","title":"should return 400 for invalid id format"},{"ancestorTitles":["Car Controller","POST /api/cars"],"duration":118,"failureDetails":[],"failureMessages":[],"fullName":"Car Controller POST /api/cars should create a new car","invocations":1,"location":null,"numPassingAsserts":2,"retryReasons":[],"status":"passed","title":"should create a new car"},{"ancestorTitles":["Car Controller","POST /api/cars"],"duration":105,"failureDetails":[],"failureMessages":[],"fullName":"Car Controller POST /api/cars should reject car creation without authentication","invocations":1,"location":null,"numPassingAsserts":0,"retryReasons":[],"status":"passed","title":"should reject car creation without authentication"},{"ancestorTitles":["Car Controller","POST /api/cars"],"duration":104,"failureDetails":[],"failureMessages":[],"fullName":"Car Controller POST /api/cars should reject invalid car data","invocations":1,"location":null,"numPassingAsserts":4,"retryReasons":[],"status":"passed","title":"should reject invalid car data"},{"ancestorTitles":["Car Controller","PUT /api/cars/:id"],"duration":124,"failureDetails":[],"failureMessages":[],"fullName":"Car Controller PUT /api/cars/:id should update own car","invocations":1,"location":null,"numPassingAsserts":1,"retryReasons":[],"status":"passed","title":"should update own car"},{"ancestorTitles":["Car Controller","PUT /api/cars/:id"],"duration":203,"failureDetails":[],"failureMessages":[],"fullName":"Car Controller PUT /api/cars/:id should not allow updating other user's car","invocations":1,"location":null,"numPassingAsserts":1,"retryReasons":[],"status":"passed","title":"should not allow updating other user's car"},{"ancestorTitles":["Car Controller","PUT /api/cars/:id"],"duration":223,"failureDetails":[],"failureMessages":[],"fullName":"Car Controller PUT /api/cars/:id should allow admin to update any car","invocations":1,"location":null,"numPassingAsserts":0,"retryReasons":[],"status":"passed","title":"should allow admin to update any car"},{"ancestorTitles":["Car Controller","DELETE /api/cars/:id"],"duration":126,"failureDetails":[],"failureMessages":[],"fullName":"Car Controller DELETE /api/cars/:id should delete own car","invocations":1,"location":null,"numPassingAsserts":1,"retryReasons":[],"status":"passed","title":"should delete own car"},{"ancestorTitles":["Car Controller","DELETE /api/cars/:id"],"duration":195,"failureDetails":[],"failureMessages":[],"fullName":"Car Controller DELETE /api/cars/:id should not allow deleting other user's car","invocations":1,"location":null,"numPassingAsserts":0,"retryReasons":[],"status":"passed","title":"should not allow deleting other user's car"},{"ancestorTitles":["Car Controller","GET /api/cars/my-cars"],"duration":134,"failureDetails":[],"failureMessages":[],"fullName":"Car Controller GET /api/cars/my-cars should get user's own cars","invocations":1,"location":null,"numPassingAsserts":3,"retryReasons":[],"status":"passed","title":"should get user's own cars"}],"endTime":1767059626985,"message":"","name":"G:\\CUFE Masters\\DevSecOps\\Phase 4\\DrWheels\\backend\\tests\\controllers\\carController.test.js","startTime":1767059623746,"status":"passed","summary":""},{"assertionResults":[{"ancestorTitles":["Review Controller","POST /api/reviews/car/:carId"],"duration":282,"failureDetails":[],"failureMessages":[],"fullName":"Review Controller POST /api/reviews/car/:carId should create a new review","invocations":1,"location":null,"numPassingAsserts":5,"retryReasons":[],"status":"passed","title":"should create a new review"},{"ancestorTitles":["Review Controller","POST /api/reviews/car/:carId"],"duration":218,"failureDetails":[],"failureMessages":[],"fullName":"Review Controller POST /api/reviews/car/:carId should not allow duplicate reviews","invocations":1,"location":null,"numPassingAsserts":1,"retryReasons":[],"status":"passed","title":"should not allow duplicate reviews"},{"ancestorTitles":["Review Controller","POST /api/reviews/car/:carId"],"duration":192,"failureDetails":[],"failureMessages":[],"fullName":"Review Controller POST /api/reviews/car/:carId should reject invalid rating","invocations":1,"location":null,"numPassingAsserts":2,"retryReasons":[],"status":"passed","title":"should reject invalid rating"},{"ancestorTitles":["Review Controller","POST /api/reviews/car/:carId"],"duration":209,"failureDetails":[],"failureMessages":[],"fullName":"Review Controller POST /api/reviews/car/:carId should return 404 for non-existent car","invocations":1,"location":null,"numPassingAsserts":0,"retryReasons":[],"status":"passed","title":"should return 404 for non-existent car"},{"ancestorTitles":["Review Controller","PUT /api/reviews/:reviewId"],"duration":230,"failureDetails":[],"failureMessages":[],"fullName":"Review Controller PUT /api/reviews/:reviewId should update own review","invocations":1,"location":null,"numPassingAsserts":3,"retryReasons":[],"status":"passed","title":"should update own review"},{"ancestorTitles":["Review Controller","PUT /api/reviews/:reviewId"],"duration":283,"failureDetails":[],"failureMessages":[],"fullName":"Review Controller PUT /api/reviews/:reviewId should not allow updating other user's review","invocations":1,"location":null,"numPassingAsserts":0,"retryReasons":[],"status":"passed","title":"should not allow updating other user's review"},{"ancestorTitles":["Review Controller","DELETE /api/reviews/:reviewId"],"duration":225,"failureDetails":[],"failureMessages":[],"fullName":"Review Controller DELETE /api/reviews/:reviewId should delete own review","invocations":1,"location":null,"numPassingAsserts":3,"retryReasons":[],"status":"passed","title":"should delete own review"},{"ancestorTitles":["Review Controller","DELETE /api/reviews/:reviewId"],"duration":304,"failureDetails":[],"failureMessages":[],"fullName":"Review Controller DELETE /api/reviews/:reviewId should allow admin to delete any review","invocations":1,"location":null,"numPassingAsserts":0,"retryReasons":[],"status":"passed","title":"should allow admin to delete any review"},{"ancestorTitles":["Review Controller","GET /api/reviews/car/:carId"],"duration":289,"failureDetails":[],"failureMessages":[],"fullName":"Review Controller GET /api/reviews/car/:carId should get all reviews for a car","invocations":1,"location":null,"numPassingAsserts":1,"retryReasons":[],"status":"passed","title":"should get all reviews for a car"},{"ancestorTitles":["Review Controller","GET /api/reviews/user"],"duration":213,"failureDetails":[],"failureMessages":[],"fullName":"Review Controller GET /api/reviews/user should get user's own reviews","invocations":1,"location":null,"numPassingAsserts":3,"retryReasons":[],"status":"passed","title":"should get user's own reviews"}],"endTime":1767059630266,"message":"","name":"G:\\CUFE Masters\\DevSecOps\\Phase 4\\DrWheels\\backend\\tests\\controllers\\reviewController.test.js","startTime":1767059627011,"status":"passed","summary":""},{"assertionResults":[{"ancestorTitles":["Validation Middleware","Auth Validation"],"duration":55,"failureDetails":[],"failureMessages":[],"fullName":"Validation Middleware Auth Validation should reject invalid email format","invocations":1,"location":null,"numPassingAsserts":3,"retryReasons":[],"status":"passed","title":"should reject invalid email format"},{"ancestorTitles":["Validation Middleware","Auth Validation"],"duration":28,"failureDetails":[],"failureMessages":[],"fullName":"Validation Middleware Auth Validation should reject weak password","invocations":1,"location":null,"numPassingAsserts":3,"retryReasons":[],"status":"passed","title":"should reject weak password"},{"ancestorTitles":["Validation Middleware","Auth Validation"],"duration":21,"failureDetails":[],"failureMessages":[],"fullName":"Validation Middleware Auth Validation should reject invalid name format","invocations":1,"location":null,"numPassingAsserts":2,"retryReasons":[],"status":"passed","title":"should reject invalid name format"},{"ancestorTitles":["Validation Middleware","Auth Validation"],"duration":156,"failureDetails":[],"failureMessages":[],"fullName":"Validation Middleware Auth Validation should accept valid registration data","invocations":1,"location":null,"numPassingAsserts":2,"retryReasons":[],"status":"passed","title":"should accept valid registration data"},{"ancestorTitles":["Validation Middleware","Car Validation"],"duration":116,"failureDetails":[],"failureMessages":[],"fullName":"Validation Middleware Car Validation should reject invalid car data","invocations":1,"location":null,"numPassingAsserts":2,"retryReasons":[],"status":"passed","title":"should reject invalid car data"},{"ancestorTitles":["Validation Middleware","Car Validation"],"duration":100,"failureDetails":[],"failureMessages":[],"fullName":"Validation Middleware Car Validation should reject invalid car ID format","invocations":1,"location":null,"numPassingAsserts":1,"retryReasons":[],"status":"passed","title":"should reject invalid car ID format"},{"ancestorTitles":["Validation Middleware","Car Validation"],"duration":122,"failureDetails":[],"failureMessages":[],"fullName":"Validation Middleware Car Validation should accept valid car data","invocations":1,"location":null,"numPassingAsserts":1,"retryReasons":[],"status":"passed","title":"should accept valid car data"},{"ancestorTitles":["Validation Middleware","Order Validation"],"duration":205,"failureDetails":[],"failureMessages":[],"fullName":"Validation Middleware Order Validation should reject invalid order data","invocations":1,"location":null,"numPassingAsserts":1,"retryReasons":[],"status":"passed","title":"should reject invalid order data"},{"ancestorTitles":["Validation Middleware","Order Validation"],"duration":222,"failureDetails":[],"failureMessages":[],"fullName":"Validation Middleware Order Validation should accept valid order data","invocations":1,"location":null,"numPassingAsserts":1,"retryReasons":[],"status":"passed","title":"should accept valid order data"},{"ancestorTitles":["Validation Middleware","Review Validation"],"duration":207,"failureDetails":[],"failureMessages":[],"fullName":"Validation Middleware Review Validation should reject invalid rating","invocations":1,"location":null,"numPassingAsserts":1,"retryReasons":[],"status":"passed","title":"should reject invalid rating"},{"ancestorTitles":["Validation Middleware","Review Validation"],"duration":203,"failureDetails":[],"failureMessages":[],"fullName":"Validation Middleware Review Validation should reject empty comment","invocations":1,"location":null,"numPassingAsserts":1,"retryReasons":[],"status":"passed","title":"should reject empty comment"},{"ancestorTitles":["Validation Middleware","Review Validation"],"duration":226,"failureDetails":[],"failureMessages":[],"fullName":"Validation Middleware Review Validation should accept valid review data","invocations":1,"location":null,"numPassingAsserts":2,"retryReasons":[],"status":"passed","title":"should accept valid review data"}],"endTime":1767059632764,"message":"","name":"G:\\CUFE Masters\\DevSecOps\\Phase 4\\DrWheels\\backend\\tests\\middleware\\validation.test.js","startTime":1767059630287,"status":"passed","summary":""},{"assertionResults":[{"ancestorTitles":["User Model","User Creation"],"duration":109,"failureDetails":[],"failureMessages":[],"fullName":"User Model User Creation should create a user with hashed password","invocations":1,"location":null,"numPassingAsserts":5,"retryReasons":[],"status":"passed","title":"should create a user with hashed password"},{"ancestorTitles":["User Model","User Creation"],"duration":162,"failureDetails":[],"failureMessages":[],"fullName":"User Model User Creation should hash password before saving","invocations":1,"location":null,"numPassingAsserts":1,"retryReasons":[],"status":"passed","title":"should hash password before saving"},{"ancestorTitles":["User Model","User Creation"],"duration":93,"failureDetails":[],"failureMessages":[],"fullName":"User Model User Creation should not hash password if not modified","invocations":1,"location":null,"numPassingAsserts":1,"retryReasons":[],"status":"passed","title":"should not hash password if not modified"},{"ancestorTitles":["User Model","User Creation"],"duration":6,"failureDetails":[],"failureMessages":[],"fullName":"User Model User Creation should require email","invocations":1,"location":null,"numPassingAsserts":1,"retryReasons":[],"status":"passed","title":"should require email"},{"ancestorTitles":["User Model","User Creation"],"duration":5,"failureDetails":[],"failureMessages":[],"fullName":"User Model User Creation should require password","invocations":1,"location":null,"numPassingAsserts":1,"retryReasons":[],"status":"passed","title":"should require password"},{"ancestorTitles":["User Model","User Creation"],"duration":5,"failureDetails":[],"failureMessages":[],"fullName":"User Model User Creation should require minimum password length","invocations":1,"location":null,"numPassingAsserts":1,"retryReasons":[],"status":"passed","title":"should require minimum password length"},{"ancestorTitles":["User Model","User Creation"],"duration":183,"failureDetails":[],"failureMessages":[],"fullName":"User Model User Creation should enforce unique email","invocations":1,"location":null,"numPassingAsserts":1,"retryReasons":[],"status":"passed","title":"should enforce unique email"},{"ancestorTitles":["User Model","User Creation"],"duration":81,"failureDetails":[],"failureMessages":[],"fullName":"User Model User Creation should lowercase email","invocations":1,"location":null,"numPassingAsserts":1,"retryReasons":[],"status":"passed","title":"should lowercase email"},{"ancestorTitles":["User Model","User Creation"],"duration":83,"failureDetails":[],"failureMessages":[],"fullName":"User Model User Creation should trim name and email","invocations":1,"location":null,"numPassingAsserts":2,"retryReasons":[],"status":"passed","title":"should trim name and email"},{"ancestorTitles":["User Model","Password Comparison"],"duration":154,"failureDetails":[],"failureMessages":[],"fullName":"User Model Password Comparison should compare password correctly","invocations":1,"location":null,"numPassingAsserts":1,"retryReasons":[],"status":"passed","title":"should compare password correctly"},{"ancestorTitles":["User Model","Password Comparison"],"duration":170,"failureDetails":[],"failureMessages":[],"fullName":"User Model Password Comparison should return false for incorrect password","invocations":1,"location":null,"numPassingAsserts":1,"retryReasons":[],"status":"passed","title":"should return false for incorrect password"},{"ancestorTitles":["User Model","User Roles"],"duration":82,"failureDetails":[],"failureMessages":[],"fullName":"User Model User Roles should default to user role","invocations":1,"location":null,"numPassingAsserts":1,"retryReasons":[],"status":"passed","title":"should default to user role"},{"ancestorTitles":["User Model","User Roles"],"duration":91,"failureDetails":[],"failureMessages":[],"fullName":"User Model User Roles should accept admin role","invocations":1,"location":null,"numPassingAsserts":1,"retryReasons":[],"status":"passed","title":"should accept admin role"},{"ancestorTitles":["User Model","User Roles"],"duration":5,"failureDetails":[],"failureMessages":[],"fullName":"User Model User Roles should reject invalid role","invocations":1,"location":null,"numPassingAsserts":1,"retryReasons":[],"status":"passed","title":"should reject invalid role"},{"ancestorTitles":["User Model","Timestamps"],"duration":85,"failureDetails":[],"failureMessages":[],"fullName":"User Model Timestamps should have createdAt and updatedAt","invocations":1,"location":null,"numPassingAsserts":2,"retryReasons":[],"status":"passed","title":"should have createdAt and updatedAt"}],"endTime":1767059634745,"message":"","name":"G:\\CUFE Masters\\DevSecOps\\Phase 4\\DrWheels\\backend\\tests\\models\\User.test.js","startTime":1767059632786,"status":"passed","summary":""},{"assertionResults":[{"ancestorTitles":["Auth Controller","POST /api/auth/register"],"duration":157,"failureDetails":[],"failureMessages":[],"fullName":"Auth Controller POST /api/auth/register should register a new user successfully","invocations":1,"location":null,"numPassingAsserts":5,"retryReasons":[],"status":"passed","title":"should register a new user successfully"},{"ancestorTitles":["Auth Controller","POST /api/auth/register"],"duration":112,"failureDetails":[],"failureMessages":[],"fullName":"Auth Controller POST /api/auth/register should not register user with existing email","invocations":1,"location":null,"numPassingAsserts":1,"retryReasons":[],"status":"passed","title":"should not register user with existing email"},{"ancestorTitles":["Auth Controller","POST /api/auth/register"],"duration":21,"failureDetails":[],"failureMessages":[],"fullName":"Auth Controller POST /api/auth/register should reject weak password","invocations":1,"location":null,"numPassingAsserts":4,"retryReasons":[],"status":"passed","title":"should reject weak password"},{"ancestorTitles":["Auth Controller","POST /api/auth/register"],"duration":21,"failureDetails":[],"failureMessages":[],"fullName":"Auth Controller POST /api/auth/register should reject invalid email","invocations":1,"location":null,"numPassingAsserts":4,"retryReasons":[],"status":"passed","title":"should reject invalid email"},{"ancestorTitles":["Auth Controller","POST /api/auth/register"],"duration":25,"failureDetails":[],"failureMessages":[],"fullName":"Auth Controller POST /api/auth/register should reject missing required fields","invocations":1,"location":null,"numPassingAsserts":3,"retryReasons":[],"status":"passed","title":"should reject missing required fields"},{"ancestorTitles":["Auth Controller","POST /api/auth/login"],"duration":182,"failureDetails":[],"failureMessages":[],"fullName":"Auth Controller POST /api/auth/login should login with valid credentials","invocations":1,"location":null,"numPassingAsserts":3,"retryReasons":[],"status":"passed","title":"should login with valid credentials"},{"ancestorTitles":["Auth Controller","POST /api/auth/login"],"duration":24,"failureDetails":[],"failureMessages":[],"fullName":"Auth Controller POST /api/auth/login should reject invalid email","invocations":1,"location":null,"numPassingAsserts":1,"retryReasons":[],"status":"passed","title":"should reject invalid email"},{"ancestorTitles":["Auth Controller","POST /api/auth/login"],"duration":185,"failureDetails":[],"failureMessages":[],"fullName":"Auth Controller POST /api/auth/login should reject invalid password","invocations":1,"location":null,"numPassingAsserts":1,"retryReasons":[],"status":"passed","title":"should reject invalid password"},{"ancestorTitles":["Auth Controller","POST /api/auth/login"],"duration":21,"failureDetails":[],"failureMessages":[],"fullName":"Auth Controller POST /api/auth/login should reject missing credentials","invocations":1,"location":null,"numPassingAsserts":3,"retryReasons":[],"status":"passed","title":"should reject missing credentials"},{"ancestorTitles":["Auth Controller","GET /api/auth/me"],"duration":113,"failureDetails":[],"failureMessages":[],"fullName":"Auth Controller GET /api/auth/me should return current user with valid token","invocations":1,"location":null,"numPassingAsserts":2,"retryReasons":[],"status":"passed","title":"should return current user with valid token"},{"ancestorTitles":["Auth Controller","GET /api/auth/me"],"duration":20,"failureDetails":[],"failureMessages":[],"fullName":"Auth Controller GET /api/auth/me should reject request without token","invocations":1,"location":null,"numPassingAsserts":1,"retryReasons":[],"status":"passed","title":"should reject request without token"},{"ancestorTitles":["Auth Controller","GET /api/auth/me"],"duration":22,"failureDetails":[],"failureMessages":[],"fullName":"Auth Controller GET /api/auth/me should reject request with invalid token","invocations":1,"location":null,"numPassingAsserts":1,"retryReasons":[],"status":"passed","title":"should reject request with invalid token"},{"ancestorTitles":["Auth Controller","GET /api/auth/me"],"duration":108,"failureDetails":[],"failureMessages":[],"fullName":"Auth Controller GET /api/auth/me should reject request with expired token","invocations":1,"location":null,"numPassingAsserts":0,"retryReasons":[],"status":"passed","title":"should reject request with expired token"}],"endTime":1767059636611,"message":"","name":"G:\\CUFE Masters\\DevSecOps\\Phase 4\\DrWheels\\backend\\tests\\controllers\\authController.test.js","startTime":1767059634758,"status":"passed","summary":""},{"assertionResults":[{"ancestorTitles":["Security Headers","HTTP Security Headers"],"duration":56,"failureDetails":[],"failureMessages":[],"fullName":"Security Headers HTTP Security Headers should include HSTS header in production","invocations":1,"location":null,"numPassingAsserts":3,"retryReasons":[],"status":"passed","title":"should include HSTS header in production"},{"ancestorTitles":["Security Headers","HTTP Security Headers"],"duration":26,"failureDetails":[],"failureMessages":[],"fullName":"Security Headers HTTP Security Headers should include X-Frame-Options header","invocations":1,"location":null,"numPassingAsserts":1,"retryReasons":[],"status":"passed","title":"should include X-Frame-Options header"},{"ancestorTitles":["Security Headers","HTTP Security Headers"],"duration":27,"failureDetails":[],"failureMessages":[],"fullName":"Security Headers HTTP Security Headers should include X-Content-Type-Options header","invocations":1,"location":null,"numPassingAsserts":1,"retryReasons":[],"status":"passed","title":"should include X-Content-Type-Options header"},{"ancestorTitles":["Security Headers","HTTP Security Headers"],"duration":20,"failureDetails":[],"failureMessages":[],"fullName":"Security Headers HTTP Security Headers should include Referrer-Policy header","invocations":1,"location":null,"numPassingAsserts":1,"retryReasons":[],"status":"passed","title":"should include Referrer-Policy header"},{"ancestorTitles":["Security Headers","HTTP Security Headers"],"duration":22,"failureDetails":[],"failureMessages":[],"fullName":"Security Headers HTTP Security Headers should include Permissions-Policy header","invocations":1,"location":null,"numPassingAsserts":1,"retryReasons":[],"status":"passed","title":"should include Permissions-Policy header"},{"ancestorTitles":["Security Headers","HTTP Security Headers"],"duration":23,"failureDetails":[],"failureMessages":[],"fullName":"Security Headers HTTP Security Headers should include X-DNS-Prefetch-Control header","invocations":1,"location":null,"numPassingAsserts":1,"retryReasons":[],"status":"passed","title":"should include X-DNS-Prefetch-Control header"},{"ancestorTitles":["Security Headers","HTTP Security Headers"],"duration":21,"failureDetails":[],"failureMessages":[],"fullName":"Security Headers HTTP Security Headers should include Cross-Origin-Opener-Policy header","invocations":1,"location":null,"numPassingAsserts":1,"retryReasons":[],"status":"passed","title":"should include Cross-Origin-Opener-Policy header"},{"ancestorTitles":["Security Headers","HTTP Security Headers"],"duration":22,"failureDetails":[],"failureMessages":[],"fullName":"Security Headers HTTP Security Headers should include Cross-Origin-Resource-Policy header","invocations":1,"location":null,"numPassingAsserts":1,"retryReasons":[],"status":"passed","title":"should include Cross-Origin-Resource-Policy header"},{"ancestorTitles":["Security Headers","HTTP Security Headers"],"duration":25,"failureDetails":[],"failureMessages":[],"fullName":"Security Headers HTTP Security Headers should not expose X-Powered-By header","invocations":1,"location":null,"numPassingAsserts":1,"retryReasons":[],"status":"passed","title":"should not expose X-Powered-By header"},{"ancestorTitles":["Security Headers","HTTP Security Headers"],"duration":23,"failureDetails":[],"failureMessages":[],"fullName":"Security Headers HTTP Security Headers should include Content-Security-Policy header","invocations":1,"location":null,"numPassingAsserts":1,"retryReasons":[],"status":"passed","title":"should include Content-Security-Policy header"},{"ancestorTitles":["Security Headers","Cache Control for Sensitive Endpoints"],"duration":36,"failureDetails":[],"failureMessages":[],"fullName":"Security Headers Cache Control for Sensitive Endpoints should set no-cache headers for auth endpoints","invocations":1,"location":null,"numPassingAsserts":3,"retryReasons":[],"status":"passed","title":"should set no-cache headers for auth endpoints"},{"ancestorTitles":["Security Headers","Rate Limiting"],"duration":31,"failureDetails":[],"failureMessages":[],"fullName":"Security Headers Rate Limiting should apply rate limiting to API endpoints","invocations":1,"location":null,"numPassingAsserts":1,"retryReasons":[],"status":"passed","title":"should apply rate limiting to API endpoints"},{"ancestorTitles":["Security Headers","Rate Limiting"],"duration":64,"failureDetails":[],"failureMessages":[],"fullName":"Security Headers Rate Limiting should apply stricter rate limiting to auth endpoints","invocations":1,"location":null,"numPassingAsserts":0,"retryReasons":[],"status":"passed","title":"should apply stricter rate limiting to auth endpoints"},{"ancestorTitles":["Security Headers","Input Sanitization"],"duration":75,"failureDetails":[],"failureMessages":[],"fullName":"Security Headers Input Sanitization should sanitize MongoDB injection attempts","invocations":1,"location":null,"numPassingAsserts":1,"retryReasons":[],"status":"passed","title":"should sanitize MongoDB injection attempts"},{"ancestorTitles":["Security Headers","Input Sanitization"],"duration":33,"failureDetails":[],"failureMessages":[],"fullName":"Security Headers Input Sanitization should sanitize XSS attempts in query params","invocations":1,"location":null,"numPassingAsserts":1,"retryReasons":[],"status":"passed","title":"should sanitize XSS attempts in query params"}],"endTime":1767059637912,"message":"","name":"G:\\CUFE Masters\\DevSecOps\\Phase 4\\DrWheels\\backend\\tests\\middleware\\security.test.js","startTime":1767059636636,"status":"passed","summary":""},{"assertionResults":[{"ancestorTitles":["Auth Middleware"],"duration":141,"failureDetails":[],"failureMessages":[],"fullName":"Auth Middleware should call next() with valid token","invocations":1,"location":null,"numPassingAsserts":3,"retryReasons":[],"status":"passed","title":"should call next() with valid token"},{"ancestorTitles":["Auth Middleware"],"duration":11,"failureDetails":[],"failureMessages":[],"fullName":"Auth Middleware should return 401 if no token provided","invocations":1,"location":null,"numPassingAsserts":3,"retryReasons":[],"status":"passed","title":"should return 401 if no token provided"},{"ancestorTitles":["Auth Middleware"],"duration":10,"failureDetails":[],"failureMessages":[],"fullName":"Auth Middleware should return 401 if token is invalid","invocations":1,"location":null,"numPassingAsserts":3,"retryReasons":[],"status":"passed","title":"should return 401 if token is invalid"},{"ancestorTitles":["Auth Middleware"],"duration":13,"failureDetails":[],"failureMessages":[],"fullName":"Auth Middleware should return 401 if user not found","invocations":1,"location":null,"numPassingAsserts":3,"retryReasons":[],"status":"passed","title":"should return 401 if user not found"},{"ancestorTitles":["Auth Middleware"],"duration":89,"failureDetails":[],"failureMessages":[],"fullName":"Auth Middleware should handle token without Bearer prefix","invocations":1,"location":null,"numPassingAsserts":3,"retryReasons":[],"status":"passed","title":"should handle token without Bearer prefix"}],"endTime":1767059638817,"message":"","name":"G:\\CUFE Masters\\DevSecOps\\Phase 4\\DrWheels\\backend\\tests\\middleware\\auth.test.js","startTime":1767059637938,"status":"passed","summary":""}],"wasInterrupted":false,"coverageMap":{"G:\\CUFE Masters\\DevSecOps\\Phase 4\\DrWheels\\backend\\models\\Car.js":{"path":"G:\\CUFE Masters\\DevSecOps\\Phase 4\\DrWheels\\backend\\models\\Car.js","statementMap":{"0":{"start":{"line":1,"column":17},"end":{"line":1,"column":36}},"1":{"start":{"line":3,"column":18},"end":{"line":64,"column":2}},"2":{"start":{"line":66,"column":0},"end":{"line":66,"column":50}}},"fnMap":{},"branchMap":{},"s":{"0":8,"1":8,"2":8},"f":{},"b":{},"_coverageSchema":"1a1c01bbd47fc00a2c39e90264f33305004495a9","hash":"d1777d2ac3b50e75c936e133c586815b50c97206"},"G:\\CUFE Masters\\DevSecOps\\Phase 4\\DrWheels\\backend\\models\\User.js":{"path":"G:\\CUFE Masters\\DevSecOps\\Phase 4\\DrWheels\\backend\\models\\User.js","statementMap":{"0":{"start":{"line":1,"column":17},"end":{"line":1,"column":36}},"1":{"start":{"line":2,"column":15},"end":{"line":2,"column":34}},"2":{"start":{"line":4,"column":19},"end":{"line":33,"column":2}},"3":{"start":{"line":36,"column":0},"end":{"line":40,"column":3}},"4":{"start":{"line":37,"column":2},"end":{"line":37,"column":50}},"5":{"start":{"line":37,"column":36},"end":{"line":37,"column":50}},"6":{"start":{"line":38,"column":2},"end":{"line":38,"column":55}},"7":{"start":{"line":39,"column":2},"end":{"line":39,"column":9}},"8":{"start":{"line":43,"column":0},"end":{"line":45,"column":2}},"9":{"start":{"line":44,"column":2},"end":{"line":44,"column":58}},"10":{"start":{"line":47,"column":0},"end":{"line":47,"column":52}}},"fnMap":{"0":{"name":"(anonymous_0)","decl":{"start":{"line":36,"column":23},"end":{"line":36,"column":24}},"loc":{"start":{"line":36,"column":44},"end":{"line":40,"column":1}},"line":36},"1":{"name":"(anonymous_1)","decl":{"start":{"line":43,"column":37},"end":{"line":43,"column":38}},"loc":{"start":{"line":43,"column":71},"end":{"line":45,"column":1}},"line":43}},"branchMap":{"0":{"loc":{"start":{"line":37,"column":2},"end":{"line":37,"column":50}},"type":"if","locations":[{"start":{"line":37,"column":2},"end":{"line":37,"column":50}},{"start":{},"end":{}}],"line":37}},"s":{"0":9,"1":9,"2":9,"3":9,"4":126,"5":1,"6":125,"7":125,"8":9,"9":4,"10":9},"f":{"0":126,"1":4},"b":{"0":[1,125]},"_coverageSchema":"1a1c01bbd47fc00a2c39e90264f33305004495a9","hash":"d6b4f9509fe90c16091ac3726db379cdad11f4d5"},"G:\\CUFE Masters\\DevSecOps\\Phase 4\\DrWheels\\backend\\models\\Order.js":{"path":"G:\\CUFE Masters\\DevSecOps\\Phase 4\\DrWheels\\backend\\models\\Order.js","statementMap":{"0":{"start":{"line":1,"column":17},"end":{"line":1,"column":36}},"1":{"start":{"line":3,"column":20},"end":{"line":41,"column":2}},"2":{"start":{"line":43,"column":0},"end":{"line":43,"column":54}}},"fnMap":{},"branchMap":{},"s":{"0":8,"1":8,"2":8},"f":{},"b":{},"_coverageSchema":"1a1c01bbd47fc00a2c39e90264f33305004495a9","hash":"75dcd4325a6a3d885f6f2da24e762bf62cde8c0c"},"G:\\CUFE Masters\\DevSecOps\\Phase 4\\DrWheels\\backend\\models\\Review.js":{"path":"G:\\CUFE Masters\\DevSecOps\\Phase 4\\DrWheels\\backend\\models\\Review.js","statementMap":{"0":{"start":{"line":1,"column":17},"end":{"line":1,"column":36}},"1":{"start":{"line":3,"column":21},"end":{"line":27,"column":2}},"2":{"start":{"line":30,"column":0},"end":{"line":30,"column":58}},"3":{"start":{"line":32,"column":0},"end":{"line":32,"column":56}}},"fnMap":{},"branchMap":{},"s":{"0":8,"1":8,"2":8,"3":8},"f":{},"b":{},"_coverageSchema":"1a1c01bbd47fc00a2c39e90264f33305004495a9","hash":"16b997ca1c0efa6c52b1aced9a84bec4f9d2b8ab"},"G:\\CUFE Masters\\DevSecOps\\Phase 4\\DrWheels\\backend\\middleware\\security.js":{"path":"G:\\CUFE Masters\\DevSecOps\\Phase 4\\DrWheels\\backend\\middleware\\security.js","statementMap":{"0":{"start":{"line":1,"column":15},"end":{"line":1,"column":32}},"1":{"start":{"line":2,"column":18},"end":{"line":2,"column":47}},"2":{"start":{"line":3,"column":22},"end":{"line":3,"column":55}},"3":{"start":{"line":4,"column":12},"end":{"line":4,"column":26}},"4":{"start":{"line":5,"column":12},"end":{"line":5,"column":32}},"5":{"start":{"line":8,"column":21},"end":{"line":8,"column":58}},"6":{"start":{"line":11,"column":21},"end":{"line":94,"column":2}},"7":{"start":{"line":97,"column":23},"end":{"line":104,"column":2}},"8":{"start":{"line":103,"column":17},"end":{"line":103,"column":48}},"9":{"start":{"line":108,"column":20},"end":{"line":114,"column":2}},"10":{"start":{"line":113,"column":17},"end":{"line":113,"column":48}},"11":{"start":{"line":118,"column":22},"end":{"line":123,"column":2}},"12":{"start":{"line":122,"column":17},"end":{"line":122,"column":48}},"13":{"start":{"line":126,"column":28},"end":{"line":131,"column":2}},"14":{"start":{"line":129,"column":4},"end":{"line":129,"column":81}},"15":{"start":{"line":134,"column":18},"end":{"line":136,"column":2}},"16":{"start":{"line":139,"column":17},"end":{"line":139,"column":22}},"17":{"start":{"line":142,"column":30},"end":{"line":157,"column":1}},"18":{"start":{"line":144,"column":2},"end":{"line":144,"column":35}},"19":{"start":{"line":147,"column":2},"end":{"line":147,"column":65}},"20":{"start":{"line":150,"column":2},"end":{"line":154,"column":3}},"21":{"start":{"line":151,"column":4},"end":{"line":151,"column":83}},"22":{"start":{"line":152,"column":4},"end":{"line":152,"column":40}},"23":{"start":{"line":153,"column":4},"end":{"line":153,"column":34}},"24":{"start":{"line":156,"column":2},"end":{"line":156,"column":9}},"25":{"start":{"line":159,"column":0},"end":{"line":168,"column":2}}},"fnMap":{"0":{"name":"(anonymous_0)","decl":{"start":{"line":103,"column":8},"end":{"line":103,"column":9}},"loc":{"start":{"line":103,"column":17},"end":{"line":103,"column":48}},"line":103},"1":{"name":"(anonymous_1)","decl":{"start":{"line":113,"column":8},"end":{"line":113,"column":9}},"loc":{"start":{"line":113,"column":17},"end":{"line":113,"column":48}},"line":113},"2":{"name":"(anonymous_2)","decl":{"start":{"line":122,"column":8},"end":{"line":122,"column":9}},"loc":{"start":{"line":122,"column":17},"end":{"line":122,"column":48}},"line":122},"3":{"name":"(anonymous_3)","decl":{"start":{"line":128,"column":14},"end":{"line":128,"column":15}},"loc":{"start":{"line":128,"column":32},"end":{"line":130,"column":3}},"line":128},"4":{"name":"(anonymous_4)","decl":{"start":{"line":142,"column":30},"end":{"line":142,"column":31}},"loc":{"start":{"line":142,"column":50},"end":{"line":157,"column":1}},"line":142}},"branchMap":{"0":{"loc":{"start":{"line":24,"column":31},"end":{"line":24,"column":55}},"type":"cond-expr","locations":[{"start":{"line":24,"column":46},"end":{"line":24,"column":48}},{"start":{"line":24,"column":51},"end":{"line":24,"column":55}}],"line":24},"1":{"loc":{"start":{"line":84,"column":12},"end":{"line":87,"column":11}},"type":"cond-expr","locations":[{"start":{"line":84,"column":27},"end":{"line":87,"column":3}},{"start":{"line":87,"column":6},"end":{"line":87,"column":11}}],"line":84},"2":{"loc":{"start":{"line":147,"column":32},"end":{"line":147,"column":63}},"type":"binary-expr","locations":[{"start":{"line":147,"column":32},"end":{"line":147,"column":38}},{"start":{"line":147,"column":42},"end":{"line":147,"column":63}}],"line":147},"3":{"loc":{"start":{"line":150,"column":2},"end":{"line":154,"column":3}},"type":"if","locations":[{"start":{"line":150,"column":2},"end":{"line":154,"column":3}},{"start":{},"end":{}}],"line":150},"4":{"loc":{"start":{"line":150,"column":6},"end":{"line":150,"column":75}},"type":"binary-expr","locations":[{"start":{"line":150,"column":6},"end":{"line":150,"column":38}},{"start":{"line":150,"column":42},"end":{"line":150,"column":75}}],"line":150}},"s":{"0":6,"1":6,"2":6,"3":6,"4":6,"5":6,"6":6,"7":6,"8":74,"9":6,"10":17,"11":6,"12":0,"13":6,"14":1,"15":6,"16":6,"17":6,"18":84,"19":84,"20":84,"21":21,"22":21,"23":21,"24":84,"25":6},"f":{"0":74,"1":17,"2":0,"3":1,"4":84},"b":{"0":[0,6],"1":[0,6],"2":[84,84],"3":[21,63],"4":[84,63]},"_coverageSchema":"1a1c01bbd47fc00a2c39e90264f33305004495a9","hash":"567568456f1eaa302a35ba0ac4945b93a5189464"},"G:\\CUFE Masters\\DevSecOps\\Phase 4\\DrWheels\\backend\\routes\\auth.js":{"path":"G:\\CUFE Masters\\DevSecOps\\Phase 4\\DrWheels\\backend\\routes\\auth.js","statementMap":{"0":{"start":{"line":1,"column":16},"end":{"line":1,"column":34}},"1":{"start":{"line":2,"column":15},"end":{"line":2,"column":31}},"2":{"start":{"line":3,"column":23},"end":{"line":3,"column":63}},"3":{"start":{"line":4,"column":13},"end":{"line":4,"column":42}},"4":{"start":{"line":5,"column":24},"end":{"line":5,"column":57}},"5":{"start":{"line":6,"column":44},"end":{"line":6,"column":79}},"6":{"start":{"line":8,"column":0},"end":{"line":8,"column":81}},"7":{"start":{"line":9,"column":0},"end":{"line":9,"column":72}},"8":{"start":{"line":10,"column":0},"end":{"line":10,"column":46}},"9":{"start":{"line":12,"column":0},"end":{"line":12,"column":24}}},"fnMap":{},"branchMap":{},"s":{"0":6,"1":6,"2":6,"3":6,"4":6,"5":6,"6":6,"7":6,"8":6,"9":6},"f":{},"b":{},"_coverageSchema":"1a1c01bbd47fc00a2c39e90264f33305004495a9","hash":"d63b6ead0015fefddfb0dd02229e4580eeb92ab4"},"G:\\CUFE Masters\\DevSecOps\\Phase 4\\DrWheels\\backend\\controllers\\authController.js":{"path":"G:\\CUFE Masters\\DevSecOps\\Phase 4\\DrWheels\\backend\\controllers\\authController.js","statementMap":{"0":{"start":{"line":1,"column":13},"end":{"line":1,"column":38}},"1":{"start":{"line":2,"column":12},"end":{"line":2,"column":35}},"2":{"start":{"line":4,"column":22},"end":{"line":12,"column":1}},"3":{"start":{"line":5,"column":17},"end":{"line":5,"column":97}},"4":{"start":{"line":6,"column":2},"end":{"line":8,"column":3}},"5":{"start":{"line":7,"column":4},"end":{"line":7,"column":98}},"6":{"start":{"line":9,"column":2},"end":{"line":11,"column":5}},"7":{"start":{"line":14,"column":0},"end":{"line":43,"column":2}},"8":{"start":{"line":15,"column":2},"end":{"line":42,"column":3}},"9":{"start":{"line":16,"column":38},"end":{"line":16,"column":46}},"10":{"start":{"line":19,"column":25},"end":{"line":19,"column":54}},"11":{"start":{"line":20,"column":4},"end":{"line":22,"column":5}},"12":{"start":{"line":21,"column":6},"end":{"line":21,"column":68}},"13":{"start":{"line":25,"column":17},"end":{"line":25,"column":61}},"14":{"start":{"line":28,"column":18},"end":{"line":28,"column":41}},"15":{"start":{"line":31,"column":4},"end":{"line":39,"column":7}},"16":{"start":{"line":41,"column":4},"end":{"line":41,"column":51}},"17":{"start":{"line":45,"column":0},"end":{"line":76,"column":2}},"18":{"start":{"line":46,"column":2},"end":{"line":75,"column":3}},"19":{"start":{"line":47,"column":32},"end":{"line":47,"column":40}},"20":{"start":{"line":50,"column":17},"end":{"line":50,"column":46}},"21":{"start":{"line":51,"column":4},"end":{"line":53,"column":5}},"22":{"start":{"line":52,"column":6},"end":{"line":52,"column":68}},"23":{"start":{"line":56,"column":20},"end":{"line":56,"column":56}},"24":{"start":{"line":57,"column":4},"end":{"line":59,"column":5}},"25":{"start":{"line":58,"column":6},"end":{"line":58,"column":68}},"26":{"start":{"line":62,"column":18},"end":{"line":62,"column":41}},"27":{"start":{"line":64,"column":4},"end":{"line":72,"column":7}},"28":{"start":{"line":74,"column":4},"end":{"line":74,"column":51}},"29":{"start":{"line":78,"column":0},"end":{"line":85,"column":2}},"30":{"start":{"line":79,"column":2},"end":{"line":84,"column":3}},"31":{"start":{"line":80,"column":17},"end":{"line":80,"column":69}},"32":{"start":{"line":81,"column":4},"end":{"line":81,"column":19}},"33":{"start":{"line":83,"column":4},"end":{"line":83,"column":51}}},"fnMap":{"0":{"name":"(anonymous_0)","decl":{"start":{"line":4,"column":22},"end":{"line":4,"column":23}},"loc":{"start":{"line":4,"column":30},"end":{"line":12,"column":1}},"line":4},"1":{"name":"(anonymous_1)","decl":{"start":{"line":14,"column":19},"end":{"line":14,"column":20}},"loc":{"start":{"line":14,"column":39},"end":{"line":43,"column":1}},"line":14},"2":{"name":"(anonymous_2)","decl":{"start":{"line":45,"column":16},"end":{"line":45,"column":17}},"loc":{"start":{"line":45,"column":36},"end":{"line":76,"column":1}},"line":45},"3":{"name":"(anonymous_3)","decl":{"start":{"line":78,"column":16},"end":{"line":78,"column":17}},"loc":{"start":{"line":78,"column":36},"end":{"line":85,"column":1}},"line":78}},"branchMap":{"0":{"loc":{"start":{"line":5,"column":17},"end":{"line":5,"column":97}},"type":"binary-expr","locations":[{"start":{"line":5,"column":17},"end":{"line":5,"column":39}},{"start":{"line":5,"column":43},"end":{"line":5,"column":97}}],"line":5},"1":{"loc":{"start":{"line":6,"column":2},"end":{"line":8,"column":3}},"type":"if","locations":[{"start":{"line":6,"column":2},"end":{"line":8,"column":3}},{"start":{},"end":{}}],"line":6},"2":{"loc":{"start":{"line":10,"column":15},"end":{"line":10,"column":45}},"type":"binary-expr","locations":[{"start":{"line":10,"column":15},"end":{"line":10,"column":37}},{"start":{"line":10,"column":41},"end":{"line":10,"column":45}}],"line":10},"3":{"loc":{"start":{"line":20,"column":4},"end":{"line":22,"column":5}},"type":"if","locations":[{"start":{"line":20,"column":4},"end":{"line":22,"column":5}},{"start":{},"end":{}}],"line":20},"4":{"loc":{"start":{"line":51,"column":4},"end":{"line":53,"column":5}},"type":"if","locations":[{"start":{"line":51,"column":4},"end":{"line":53,"column":5}},{"start":{},"end":{}}],"line":51},"5":{"loc":{"start":{"line":57,"column":4},"end":{"line":59,"column":5}},"type":"if","locations":[{"start":{"line":57,"column":4},"end":{"line":59,"column":5}},{"start":{},"end":{}}],"line":57}},"s":{"0":6,"1":6,"2":6,"3":3,"4":3,"5":0,"6":3,"7":6,"8":3,"9":3,"10":3,"11":3,"12":1,"13":2,"14":2,"15":2,"16":0,"17":6,"18":7,"19":7,"20":7,"21":7,"22":5,"23":2,"24":2,"25":1,"26":1,"27":1,"28":0,"29":6,"30":1,"31":1,"32":1,"33":0},"f":{"0":3,"1":3,"2":7,"3":1},"b":{"0":[3,0],"1":[0,3],"2":[3,0],"3":[1,2],"4":[5,2],"5":[1,1]},"_coverageSchema":"1a1c01bbd47fc00a2c39e90264f33305004495a9","hash":"692bc297c206648be8d095032dad8942275cbc6b"},"G:\\CUFE Masters\\DevSecOps\\Phase 4\\DrWheels\\backend\\middleware\\auth.js":{"path":"G:\\CUFE Masters\\DevSecOps\\Phase 4\\DrWheels\\backend\\middleware\\auth.js","statementMap":{"0":{"start":{"line":1,"column":12},"end":{"line":1,"column":35}},"1":{"start":{"line":2,"column":13},"end":{"line":2,"column":38}},"2":{"start":{"line":4,"column":13},"end":{"line":30,"column":1}},"3":{"start":{"line":5,"column":2},"end":{"line":29,"column":3}},"4":{"start":{"line":6,"column":23},"end":{"line":6,"column":50}},"5":{"start":{"line":8,"column":4},"end":{"line":10,"column":5}},"6":{"start":{"line":9,"column":6},"end":{"line":9,"column":79}},"7":{"start":{"line":12,"column":18},"end":{"line":12,"column":51}},"8":{"start":{"line":14,"column":19},"end":{"line":14,"column":99}},"9":{"start":{"line":15,"column":4},"end":{"line":17,"column":5}},"10":{"start":{"line":16,"column":6},"end":{"line":16,"column":100}},"11":{"start":{"line":18,"column":20},"end":{"line":18,"column":45}},"12":{"start":{"line":19,"column":17},"end":{"line":19,"column":68}},"13":{"start":{"line":21,"column":4},"end":{"line":23,"column":5}},"14":{"start":{"line":22,"column":6},"end":{"line":22,"column":63}},"15":{"start":{"line":25,"column":4},"end":{"line":25,"column":20}},"16":{"start":{"line":26,"column":4},"end":{"line":26,"column":11}},"17":{"start":{"line":28,"column":4},"end":{"line":28,"column":58}},"18":{"start":{"line":32,"column":0},"end":{"line":32,"column":22}}},"fnMap":{"0":{"name":"(anonymous_0)","decl":{"start":{"line":4,"column":13},"end":{"line":4,"column":14}},"loc":{"start":{"line":4,"column":39},"end":{"line":30,"column":1}},"line":4}},"branchMap":{"0":{"loc":{"start":{"line":8,"column":4},"end":{"line":10,"column":5}},"type":"if","locations":[{"start":{"line":8,"column":4},"end":{"line":10,"column":5}},{"start":{},"end":{}}],"line":8},"1":{"loc":{"start":{"line":8,"column":8},"end":{"line":8,"column":56}},"type":"binary-expr","locations":[{"start":{"line":8,"column":8},"end":{"line":8,"column":19}},{"start":{"line":8,"column":23},"end":{"line":8,"column":56}}],"line":8},"2":{"loc":{"start":{"line":14,"column":19},"end":{"line":14,"column":99}},"type":"binary-expr","locations":[{"start":{"line":14,"column":19},"end":{"line":14,"column":41}},{"start":{"line":14,"column":45},"end":{"line":14,"column":99}}],"line":14},"3":{"loc":{"start":{"line":15,"column":4},"end":{"line":17,"column":5}},"type":"if","locations":[{"start":{"line":15,"column":4},"end":{"line":17,"column":5}},{"start":{},"end":{}}],"line":15},"4":{"loc":{"start":{"line":21,"column":4},"end":{"line":23,"column":5}},"type":"if","locations":[{"start":{"line":21,"column":4},"end":{"line":23,"column":5}},{"start":{},"end":{}}],"line":21}},"s":{"0":7,"1":7,"2":7,"3":49,"4":49,"5":49,"6":4,"7":45,"8":45,"9":45,"10":0,"11":45,"12":42,"13":42,"14":1,"15":41,"16":41,"17":3,"18":7},"f":{"0":49},"b":{"0":[4,45],"1":[49,46],"2":[45,0],"3":[0,45],"4":[1,41]},"_coverageSchema":"1a1c01bbd47fc00a2c39e90264f33305004495a9","hash":"140b82666ae1b41205d6843f7d189a7256afd795"},"G:\\CUFE Masters\\DevSecOps\\Phase 4\\DrWheels\\backend\\middleware\\validation.js":{"path":"G:\\CUFE Masters\\DevSecOps\\Phase 4\\DrWheels\\backend\\middleware\\validation.js","statementMap":{"0":{"start":{"line":1,"column":49},"end":{"line":1,"column":77}},"1":{"start":{"line":4,"column":31},"end":{"line":13,"column":1}},"2":{"start":{"line":5,"column":17},"end":{"line":5,"column":38}},"3":{"start":{"line":6,"column":2},"end":{"line":11,"column":3}},"4":{"start":{"line":7,"column":4},"end":{"line":10,"column":7}},"5":{"start":{"line":12,"column":2},"end":{"line":12,"column":9}},"6":{"start":{"line":16,"column":25},"end":{"line":33,"column":1}},"7":{"start":{"line":35,"column":22},"end":{"line":44,"column":1}},"8":{"start":{"line":47,"column":26},"end":{"line":89,"column":1}},"9":{"start":{"line":91,"column":26},"end":{"line":133,"column":1}},"10":{"start":{"line":135,"column":22},"end":{"line":140,"column":1}},"11":{"start":{"line":143,"column":27},"end":{"line":148,"column":1}},"12":{"start":{"line":151,"column":28},"end":{"line":162,"column":1}},"13":{"start":{"line":164,"column":24},"end":{"line":169,"column":1}},"14":{"start":{"line":171,"column":29},"end":{"line":176,"column":1}},"15":{"start":{"line":178,"column":34},"end":{"line":191,"column":1}},"16":{"start":{"line":194,"column":29},"end":{"line":210,"column":1}},"17":{"start":{"line":212,"column":25},"end":{"line":217,"column":1}},"18":{"start":{"line":219,"column":29},"end":{"line":234,"column":1}},"19":{"start":{"line":237,"column":28},"end":{"line":271,"column":1}},"20":{"start":{"line":273,"column":0},"end":{"line":289,"column":2}}},"fnMap":{"0":{"name":"(anonymous_0)","decl":{"start":{"line":4,"column":31},"end":{"line":4,"column":32}},"loc":{"start":{"line":4,"column":51},"end":{"line":13,"column":1}},"line":4}},"branchMap":{"0":{"loc":{"start":{"line":6,"column":2},"end":{"line":11,"column":3}},"type":"if","locations":[{"start":{"line":6,"column":2},"end":{"line":11,"column":3}},{"start":{},"end":{}}],"line":6}},"s":{"0":6,"1":6,"2":75,"3":75,"4":15,"5":60,"6":6,"7":6,"8":6,"9":6,"10":6,"11":6,"12":6,"13":6,"14":6,"15":6,"16":6,"17":6,"18":6,"19":6,"20":6},"f":{"0":75},"b":{"0":[15,60]},"_coverageSchema":"1a1c01bbd47fc00a2c39e90264f33305004495a9","hash":"7ac02139555b225ad10c4b285c9fd5bac78a426e"},"G:\\CUFE Masters\\DevSecOps\\Phase 4\\DrWheels\\backend\\routes\\users.js":{"path":"G:\\CUFE Masters\\DevSecOps\\Phase 4\\DrWheels\\backend\\routes\\users.js","statementMap":{"0":{"start":{"line":1,"column":16},"end":{"line":1,"column":34}},"1":{"start":{"line":2,"column":15},"end":{"line":2,"column":31}},"2":{"start":{"line":3,"column":13},"end":{"line":3,"column":42}},"3":{"start":{"line":4,"column":13},"end":{"line":4,"column":38}},"4":{"start":{"line":6,"column":0},"end":{"line":13,"column":3}},"5":{"start":{"line":7,"column":2},"end":{"line":12,"column":3}},"6":{"start":{"line":8,"column":17},"end":{"line":8,"column":69}},"7":{"start":{"line":9,"column":4},"end":{"line":9,"column":19}},"8":{"start":{"line":11,"column":4},"end":{"line":11,"column":51}},"9":{"start":{"line":15,"column":0},"end":{"line":26,"column":3}},"10":{"start":{"line":16,"column":2},"end":{"line":25,"column":3}},"11":{"start":{"line":17,"column":17},"end":{"line":21,"column":25}},"12":{"start":{"line":22,"column":4},"end":{"line":22,"column":19}},"13":{"start":{"line":24,"column":4},"end":{"line":24,"column":51}},"14":{"start":{"line":28,"column":0},"end":{"line":28,"column":24}}},"fnMap":{"0":{"name":"(anonymous_0)","decl":{"start":{"line":6,"column":29},"end":{"line":6,"column":30}},"loc":{"start":{"line":6,"column":49},"end":{"line":13,"column":1}},"line":6},"1":{"name":"(anonymous_1)","decl":{"start":{"line":15,"column":29},"end":{"line":15,"column":30}},"loc":{"start":{"line":15,"column":49},"end":{"line":26,"column":1}},"line":15}},"branchMap":{},"s":{"0":6,"1":6,"2":6,"3":6,"4":6,"5":0,"6":0,"7":0,"8":0,"9":6,"10":0,"11":0,"12":0,"13":0,"14":6},"f":{"0":0,"1":0},"b":{},"_coverageSchema":"1a1c01bbd47fc00a2c39e90264f33305004495a9","hash":"ddd2b75cfdca73a9d05a138b531e63e9d18b8845"},"G:\\CUFE Masters\\DevSecOps\\Phase 4\\DrWheels\\backend\\routes\\cars.js":{"path":"G:\\CUFE Masters\\DevSecOps\\Phase 4\\DrWheels\\backend\\routes\\cars.js","statementMap":{"0":{"start":{"line":1,"column":16},"end":{"line":1,"column":34}},"1":{"start":{"line":2,"column":15},"end":{"line":2,"column":31}},"2":{"start":{"line":3,"column":22},"end":{"line":3,"column":61}},"3":{"start":{"line":4,"column":13},"end":{"line":4,"column":42}},"4":{"start":{"line":10,"column":4},"end":{"line":10,"column":39}},"5":{"start":{"line":12,"column":0},"end":{"line":12,"column":54}},"6":{"start":{"line":13,"column":0},"end":{"line":13,"column":63}},"7":{"start":{"line":14,"column":0},"end":{"line":14,"column":60}},"8":{"start":{"line":15,"column":0},"end":{"line":15,"column":67}},"9":{"start":{"line":16,"column":0},"end":{"line":16,"column":84}},"10":{"start":{"line":17,"column":0},"end":{"line":17,"column":68}},"11":{"start":{"line":19,"column":0},"end":{"line":19,"column":24}}},"fnMap":{},"branchMap":{},"s":{"0":6,"1":6,"2":6,"3":6,"4":6,"5":6,"6":6,"7":6,"8":6,"9":6,"10":6,"11":6},"f":{},"b":{},"_coverageSchema":"1a1c01bbd47fc00a2c39e90264f33305004495a9","hash":"73912c1fedd79d2c92d1ec83809b6485ac7b2867"},"G:\\CUFE Masters\\DevSecOps\\Phase 4\\DrWheels\\backend\\controllers\\carController.js":{"path":"G:\\CUFE Masters\\DevSecOps\\Phase 4\\DrWheels\\backend\\controllers\\carController.js","statementMap":{"0":{"start":{"line":1,"column":12},"end":{"line":1,"column":36}},"1":{"start":{"line":3,"column":0},"end":{"line":89,"column":2}},"2":{"start":{"line":4,"column":2},"end":{"line":88,"column":3}},"3":{"start":{"line":21,"column":8},"end":{"line":21,"column":17}},"4":{"start":{"line":23,"column":18},"end":{"line":23,"column":41}},"5":{"start":{"line":26,"column":4},"end":{"line":32,"column":5}},"6":{"start":{"line":27,"column":6},"end":{"line":31,"column":8}},"7":{"start":{"line":35,"column":4},"end":{"line":35,"column":49}},"8":{"start":{"line":35,"column":14},"end":{"line":35,"column":49}},"9":{"start":{"line":36,"column":4},"end":{"line":36,"column":52}},"10":{"start":{"line":36,"column":15},"end":{"line":36,"column":52}},"11":{"start":{"line":37,"column":4},"end":{"line":37,"column":52}},"12":{"start":{"line":37,"column":15},"end":{"line":37,"column":52}},"13":{"start":{"line":39,"column":4},"end":{"line":44,"column":5}},"14":{"start":{"line":40,"column":6},"end":{"line":40,"column":34}},"15":{"start":{"line":42,"column":6},"end":{"line":42,"column":75}},"16":{"start":{"line":42,"column":19},"end":{"line":42,"column":75}},"17":{"start":{"line":43,"column":6},"end":{"line":43,"column":75}},"18":{"start":{"line":43,"column":19},"end":{"line":43,"column":75}},"19":{"start":{"line":46,"column":4},"end":{"line":50,"column":5}},"20":{"start":{"line":47,"column":6},"end":{"line":47,"column":23}},"21":{"start":{"line":48,"column":6},"end":{"line":48,"column":58}},"22":{"start":{"line":48,"column":20},"end":{"line":48,"column":58}},"23":{"start":{"line":49,"column":6},"end":{"line":49,"column":58}},"24":{"start":{"line":49,"column":20},"end":{"line":49,"column":58}},"25":{"start":{"line":52,"column":4},"end":{"line":56,"column":5}},"26":{"start":{"line":53,"column":6},"end":{"line":53,"column":25}},"27":{"start":{"line":54,"column":6},"end":{"line":54,"column":64}},"28":{"start":{"line":54,"column":22},"end":{"line":54,"column":64}},"29":{"start":{"line":55,"column":6},"end":{"line":55,"column":64}},"30":{"start":{"line":55,"column":22},"end":{"line":55,"column":64}},"31":{"start":{"line":59,"column":24},"end":{"line":59,"column":26}},"32":{"start":{"line":60,"column":28},"end":{"line":60,"column":86}},"33":{"start":{"line":61,"column":22},"end":{"line":61,"column":77}},"34":{"start":{"line":62,"column":4},"end":{"line":62,"column":58}},"35":{"start":{"line":65,"column":20},"end":{"line":65,"column":34}},"36":{"start":{"line":66,"column":21},"end":{"line":66,"column":36}},"37":{"start":{"line":67,"column":17},"end":{"line":67,"column":41}},"38":{"start":{"line":69,"column":17},"end":{"line":73,"column":22}},"39":{"start":{"line":75,"column":18},"end":{"line":75,"column":49}},"40":{"start":{"line":77,"column":4},"end":{"line":85,"column":7}},"41":{"start":{"line":87,"column":4},"end":{"line":87,"column":51}},"42":{"start":{"line":91,"column":0},"end":{"line":102,"column":2}},"43":{"start":{"line":92,"column":2},"end":{"line":101,"column":3}},"44":{"start":{"line":93,"column":16},"end":{"line":94,"column":46}},"45":{"start":{"line":95,"column":4},"end":{"line":97,"column":5}},"46":{"start":{"line":96,"column":6},"end":{"line":96,"column":62}},"47":{"start":{"line":98,"column":4},"end":{"line":98,"column":18}},"48":{"start":{"line":100,"column":4},"end":{"line":100,"column":51}},"49":{"start":{"line":104,"column":0},"end":{"line":115,"column":2}},"50":{"start":{"line":105,"column":2},"end":{"line":114,"column":3}},"51":{"start":{"line":106,"column":16},"end":{"line":109,"column":6}},"52":{"start":{"line":110,"column":4},"end":{"line":110,"column":47}},"53":{"start":{"line":111,"column":4},"end":{"line":111,"column":30}},"54":{"start":{"line":113,"column":4},"end":{"line":113,"column":51}},"55":{"start":{"line":117,"column":0},"end":{"line":136,"column":2}},"56":{"start":{"line":118,"column":2},"end":{"line":135,"column":3}},"57":{"start":{"line":119,"column":16},"end":{"line":119,"column":49}},"58":{"start":{"line":120,"column":4},"end":{"line":122,"column":5}},"59":{"start":{"line":121,"column":6},"end":{"line":121,"column":62}},"60":{"start":{"line":125,"column":4},"end":{"line":127,"column":5}},"61":{"start":{"line":126,"column":6},"end":{"line":126,"column":63}},"62":{"start":{"line":129,"column":4},"end":{"line":129,"column":33}},"63":{"start":{"line":130,"column":4},"end":{"line":130,"column":21}},"64":{"start":{"line":131,"column":4},"end":{"line":131,"column":47}},"65":{"start":{"line":132,"column":4},"end":{"line":132,"column":18}},"66":{"start":{"line":134,"column":4},"end":{"line":134,"column":51}},"67":{"start":{"line":138,"column":0},"end":{"line":155,"column":2}},"68":{"start":{"line":139,"column":2},"end":{"line":154,"column":3}},"69":{"start":{"line":140,"column":16},"end":{"line":140,"column":49}},"70":{"start":{"line":141,"column":4},"end":{"line":143,"column":5}},"71":{"start":{"line":142,"column":6},"end":{"line":142,"column":62}},"72":{"start":{"line":146,"column":4},"end":{"line":148,"column":5}},"73":{"start":{"line":147,"column":6},"end":{"line":147,"column":63}},"74":{"start":{"line":150,"column":4},"end":{"line":150,"column":26}},"75":{"start":{"line":151,"column":4},"end":{"line":151,"column":54}},"76":{"start":{"line":153,"column":4},"end":{"line":153,"column":51}},"77":{"start":{"line":157,"column":0},"end":{"line":166,"column":2}},"78":{"start":{"line":158,"column":2},"end":{"line":165,"column":3}},"79":{"start":{"line":159,"column":17},"end":{"line":161,"column":30}},"80":{"start":{"line":162,"column":4},"end":{"line":162,"column":19}},"81":{"start":{"line":164,"column":4},"end":{"line":164,"column":51}}},"fnMap":{"0":{"name":"(anonymous_0)","decl":{"start":{"line":3,"column":21},"end":{"line":3,"column":22}},"loc":{"start":{"line":3,"column":41},"end":{"line":89,"column":1}},"line":3},"1":{"name":"(anonymous_1)","decl":{"start":{"line":91,"column":21},"end":{"line":91,"column":22}},"loc":{"start":{"line":91,"column":41},"end":{"line":102,"column":1}},"line":91},"2":{"name":"(anonymous_2)","decl":{"start":{"line":104,"column":20},"end":{"line":104,"column":21}},"loc":{"start":{"line":104,"column":40},"end":{"line":115,"column":1}},"line":104},"3":{"name":"(anonymous_3)","decl":{"start":{"line":117,"column":20},"end":{"line":117,"column":21}},"loc":{"start":{"line":117,"column":40},"end":{"line":136,"column":1}},"line":117},"4":{"name":"(anonymous_4)","decl":{"start":{"line":138,"column":20},"end":{"line":138,"column":21}},"loc":{"start":{"line":138,"column":40},"end":{"line":155,"column":1}},"line":138},"5":{"name":"(anonymous_5)","decl":{"start":{"line":157,"column":20},"end":{"line":157,"column":21}},"loc":{"start":{"line":157,"column":40},"end":{"line":166,"column":1}},"line":157}},"branchMap":{"0":{"loc":{"start":{"line":16,"column":6},"end":{"line":16,"column":26}},"type":"default-arg","locations":[{"start":{"line":16,"column":15},"end":{"line":16,"column":26}}],"line":16},"1":{"loc":{"start":{"line":17,"column":6},"end":{"line":17,"column":24}},"type":"default-arg","locations":[{"start":{"line":17,"column":18},"end":{"line":17,"column":24}}],"line":17},"2":{"loc":{"start":{"line":18,"column":6},"end":{"line":18,"column":14}},"type":"default-arg","locations":[{"start":{"line":18,"column":13},"end":{"line":18,"column":14}}],"line":18},"3":{"loc":{"start":{"line":19,"column":6},"end":{"line":19,"column":16}},"type":"default-arg","locations":[{"start":{"line":19,"column":14},"end":{"line":19,"column":16}}],"line":19},"4":{"loc":{"start":{"line":26,"column":4},"end":{"line":32,"column":5}},"type":"if","locations":[{"start":{"line":26,"column":4},"end":{"line":32,"column":5}},{"start":{},"end":{}}],"line":26},"5":{"loc":{"start":{"line":35,"column":4},"end":{"line":35,"column":49}},"type":"if","locations":[{"start":{"line":35,"column":4},"end":{"line":35,"column":49}},{"start":{},"end":{}}],"line":35},"6":{"loc":{"start":{"line":36,"column":4},"end":{"line":36,"column":52}},"type":"if","locations":[{"start":{"line":36,"column":4},"end":{"line":36,"column":52}},{"start":{},"end":{}}],"line":36},"7":{"loc":{"start":{"line":37,"column":4},"end":{"line":37,"column":52}},"type":"if","locations":[{"start":{"line":37,"column":4},"end":{"line":37,"column":52}},{"start":{},"end":{}}],"line":37},"8":{"loc":{"start":{"line":39,"column":4},"end":{"line":44,"column":5}},"type":"if","locations":[{"start":{"line":39,"column":4},"end":{"line":44,"column":5}},{"start":{"line":41,"column":11},"end":{"line":44,"column":5}}],"line":39},"9":{"loc":{"start":{"line":42,"column":6},"end":{"line":42,"column":75}},"type":"if","locations":[{"start":{"line":42,"column":6},"end":{"line":42,"column":75}},{"start":{},"end":{}}],"line":42},"10":{"loc":{"start":{"line":43,"column":6},"end":{"line":43,"column":75}},"type":"if","locations":[{"start":{"line":43,"column":6},"end":{"line":43,"column":75}},{"start":{},"end":{}}],"line":43},"11":{"loc":{"start":{"line":46,"column":4},"end":{"line":50,"column":5}},"type":"if","locations":[{"start":{"line":46,"column":4},"end":{"line":50,"column":5}},{"start":{},"end":{}}],"line":46},"12":{"loc":{"start":{"line":46,"column":8},"end":{"line":46,"column":28}},"type":"binary-expr","locations":[{"start":{"line":46,"column":8},"end":{"line":46,"column":16}},{"start":{"line":46,"column":20},"end":{"line":46,"column":28}}],"line":46},"13":{"loc":{"start":{"line":48,"column":6},"end":{"line":48,"column":58}},"type":"if","locations":[{"start":{"line":48,"column":6},"end":{"line":48,"column":58}},{"start":{},"end":{}}],"line":48},"14":{"loc":{"start":{"line":49,"column":6},"end":{"line":49,"column":58}},"type":"if","locations":[{"start":{"line":49,"column":6},"end":{"line":49,"column":58}},{"start":{},"end":{}}],"line":49},"15":{"loc":{"start":{"line":52,"column":4},"end":{"line":56,"column":5}},"type":"if","locations":[{"start":{"line":52,"column":4},"end":{"line":56,"column":5}},{"start":{},"end":{}}],"line":52},"16":{"loc":{"start":{"line":52,"column":8},"end":{"line":52,"column":32}},"type":"binary-expr","locations":[{"start":{"line":52,"column":8},"end":{"line":52,"column":18}},{"start":{"line":52,"column":22},"end":{"line":52,"column":32}}],"line":52},"17":{"loc":{"start":{"line":54,"column":6},"end":{"line":54,"column":64}},"type":"if","locations":[{"start":{"line":54,"column":6},"end":{"line":54,"column":64}},{"start":{},"end":{}}],"line":54},"18":{"loc":{"start":{"line":55,"column":6},"end":{"line":55,"column":64}},"type":"if","locations":[{"start":{"line":55,"column":6},"end":{"line":55,"column":64}},{"start":{},"end":{}}],"line":55},"19":{"loc":{"start":{"line":61,"column":22},"end":{"line":61,"column":77}},"type":"cond-expr","locations":[{"start":{"line":61,"column":57},"end":{"line":61,"column":63}},{"start":{"line":61,"column":66},"end":{"line":61,"column":77}}],"line":61},"20":{"loc":{"start":{"line":62,"column":29},"end":{"line":62,"column":57}},"type":"cond-expr","locations":[{"start":{"line":62,"column":51},"end":{"line":62,"column":52}},{"start":{"line":62,"column":55},"end":{"line":62,"column":57}}],"line":62},"21":{"loc":{"start":{"line":95,"column":4},"end":{"line":97,"column":5}},"type":"if","locations":[{"start":{"line":95,"column":4},"end":{"line":97,"column":5}},{"start":{},"end":{}}],"line":95},"22":{"loc":{"start":{"line":120,"column":4},"end":{"line":122,"column":5}},"type":"if","locations":[{"start":{"line":120,"column":4},"end":{"line":122,"column":5}},{"start":{},"end":{}}],"line":120},"23":{"loc":{"start":{"line":125,"column":4},"end":{"line":127,"column":5}},"type":"if","locations":[{"start":{"line":125,"column":4},"end":{"line":127,"column":5}},{"start":{},"end":{}}],"line":125},"24":{"loc":{"start":{"line":125,"column":8},"end":{"line":125,"column":74}},"type":"binary-expr","locations":[{"start":{"line":125,"column":8},"end":{"line":125,"column":45}},{"start":{"line":125,"column":49},"end":{"line":125,"column":74}}],"line":125},"25":{"loc":{"start":{"line":141,"column":4},"end":{"line":143,"column":5}},"type":"if","locations":[{"start":{"line":141,"column":4},"end":{"line":143,"column":5}},{"start":{},"end":{}}],"line":141},"26":{"loc":{"start":{"line":146,"column":4},"end":{"line":148,"column":5}},"type":"if","locations":[{"start":{"line":146,"column":4},"end":{"line":148,"column":5}},{"start":{},"end":{}}],"line":146},"27":{"loc":{"start":{"line":146,"column":8},"end":{"line":146,"column":74}},"type":"binary-expr","locations":[{"start":{"line":146,"column":8},"end":{"line":146,"column":45}},{"start":{"line":146,"column":49},"end":{"line":146,"column":74}}],"line":146}},"s":{"0":6,"1":6,"2":8,"3":8,"4":8,"5":8,"6":1,"7":8,"8":2,"9":8,"10":0,"11":8,"12":0,"13":8,"14":0,"15":8,"16":0,"17":8,"18":0,"19":8,"20":1,"21":1,"22":1,"23":1,"24":1,"25":8,"26":0,"27":0,"28":0,"29":0,"30":0,"31":8,"32":8,"33":8,"34":8,"35":8,"36":8,"37":8,"38":8,"39":8,"40":8,"41":0,"42":6,"43":2,"44":2,"45":2,"46":1,"47":1,"48":0,"49":6,"50":2,"51":2,"52":2,"53":2,"54":0,"55":6,"56":3,"57":3,"58":3,"59":0,"60":3,"61":1,"62":2,"63":2,"64":2,"65":2,"66":0,"67":6,"68":2,"69":2,"70":2,"71":0,"72":2,"73":1,"74":1,"75":1,"76":0,"77":6,"78":1,"79":1,"80":1,"81":0},"f":{"0":8,"1":2,"2":2,"3":3,"4":2,"5":1},"b":{"0":[8],"1":[8],"2":[7],"3":[7],"4":[1,7],"5":[2,6],"6":[0,8],"7":[0,8],"8":[0,8],"9":[0,8],"10":[0,8],"11":[1,7],"12":[8,7],"13":[1,0],"14":[1,0],"15":[0,8],"16":[8,8],"17":[0,0],"18":[0,0],"19":[8,0],"20":[0,8],"21":[1,1],"22":[0,3],"23":[1,2],"24":[3,2],"25":[0,2],"26":[1,1],"27":[2,1]},"_coverageSchema":"1a1c01bbd47fc00a2c39e90264f33305004495a9","hash":"b0e5b301eae913e18ecb38a81e3ccee693af53c1"},"G:\\CUFE Masters\\DevSecOps\\Phase 4\\DrWheels\\backend\\routes\\chat.js":{"path":"G:\\CUFE Masters\\DevSecOps\\Phase 4\\DrWheels\\backend\\routes\\chat.js","statementMap":{"0":{"start":{"line":1,"column":16},"end":{"line":1,"column":34}},"1":{"start":{"line":2,"column":15},"end":{"line":2,"column":31}},"2":{"start":{"line":3,"column":23},"end":{"line":3,"column":63}},"3":{"start":{"line":4,"column":13},"end":{"line":4,"column":42}},"4":{"start":{"line":6,"column":0},"end":{"line":6,"column":47}},"5":{"start":{"line":7,"column":0},"end":{"line":7,"column":53}},"6":{"start":{"line":8,"column":0},"end":{"line":8,"column":50}},"7":{"start":{"line":9,"column":0},"end":{"line":9,"column":63}},"8":{"start":{"line":11,"column":0},"end":{"line":11,"column":24}}},"fnMap":{},"branchMap":{},"s":{"0":6,"1":6,"2":6,"3":6,"4":6,"5":6,"6":6,"7":6,"8":6},"f":{},"b":{},"_coverageSchema":"1a1c01bbd47fc00a2c39e90264f33305004495a9","hash":"065bee7654c28d5e06c2559325f72896c37f2a4d"},"G:\\CUFE Masters\\DevSecOps\\Phase 4\\DrWheels\\backend\\controllers\\chatController.js":{"path":"G:\\CUFE Masters\\DevSecOps\\Phase 4\\DrWheels\\backend\\controllers\\chatController.js","statementMap":{"0":{"start":{"line":1,"column":13},"end":{"line":1,"column":38}},"1":{"start":{"line":3,"column":0},"end":{"line":12,"column":2}},"2":{"start":{"line":4,"column":2},"end":{"line":11,"column":3}},"3":{"start":{"line":5,"column":18},"end":{"line":7,"column":69}},"4":{"start":{"line":8,"column":4},"end":{"line":8,"column":20}},"5":{"start":{"line":10,"column":4},"end":{"line":10,"column":51}},"6":{"start":{"line":14,"column":0},"end":{"line":24,"column":2}},"7":{"start":{"line":15,"column":2},"end":{"line":23,"column":3}},"8":{"start":{"line":16,"column":17},"end":{"line":16,"column":90}},"9":{"start":{"line":17,"column":4},"end":{"line":19,"column":5}},"10":{"start":{"line":18,"column":6},"end":{"line":18,"column":63}},"11":{"start":{"line":20,"column":4},"end":{"line":20,"column":19}},"12":{"start":{"line":22,"column":4},"end":{"line":22,"column":51}},"13":{"start":{"line":26,"column":0},"end":{"line":45,"column":2}},"14":{"start":{"line":27,"column":2},"end":{"line":44,"column":3}},"15":{"star
[...]
:{"line":44,"column":25},"end":{"line":44,"column":35}},"22":{"start":{"line":45,"column":32},"end":{"line":45,"column":40}},"23":{"start":{"line":47,"column":19},"end":{"line":47,"column":50}},"24":{"start":{"line":48,"column":4},"end":{"line":50,"column":5}},"25":{"start":{"line":49,"column":6},"end":{"line":49,"column":65}},"26":{"start":{"line":53,"column":4},"end":{"line":55,"column":5}},"27":{"start":{"line":54,"column":6},"end":{"line":54,"column":63}},"28":{"start":{"line":57,"column":4},"end":{"line":57,"column":27}},"29":{"start":{"line":58,"column":4},"end":{"line":58,"column":29}},"30":{"start":{"line":59,"column":4},"end":{"line":59,"column":24}},"31":{"start":{"line":61,"column":4},"end":{"line":61,"column":48}},"32":{"start":{"line":64,"column":4},"end":{"line":64,"column":38}},"33":{"start":{"line":66,"column":4},"end":{"line":66,"column":21}},"34":{"start":{"line":68,"column":4},"end":{"line":68,"column":51}},"35":{"start":{"line":72,"column":0},"end":{"line":96,"column":2}},"36":{"start":{"line":73,"column":2},"end":{"line":95,"column":3}},"37":{"start":{"line":74,"column":25},"end":{"line":74,"column":35}},"38":{"start":{"line":76,"column":19},"end":{"line":76,"column":50}},"39":{"start":{"line":77,"column":4},"end":{"line":79,"column":5}},"40":{"start":{"line":78,"column":6},"end":{"line":78,"column":65}},"41":{"start":{"line":82,"column":4},"end":{"line":84,"column":5}},"42":{"start":{"line":83,"column":6},"end":{"line":83,"column":63}},"43":{"start":{"line":86,"column":18},"end":{"line":86,"column":28}},"44":{"start":{"line":87,"column":4},"end":{"line":87,"column":29}},"45":{"start":{"line":90,"column":4},"end":{"line":90,"column":33}},"46":{"start":{"line":92,"column":4},"end":{"line":92,"column":57}},"47":{"start":{"line":94,"column":4},"end":{"line":94,"column":51}},"48":{"start":{"line":98,"column":0},"end":{"line":109,"column":2}},"49":{"start":{"line":99,"column":2},"end":{"line":108,"column":3}},"50":{"start":{"line":100,"column":22},"end":{"line":100,"column":32}},"51":{"start":{"line":101,"column":20},"end":{"line":103,"column":30}},"52":{"start":{"line":105,"column":4},"end":{"line":105,"column":22}},"53":{"start":{"line":107,"column":4},"end":{"line":107,"column":51}},"54":{"start":{"line":111,"column":0},"end":{"line":121,"column":2}},"55":{"start":{"line":112,"column":2},"end":{"line":120,"column":3}},"56":{"start":{"line":113,"column":20},"end":{"line":115,"column":30}},"57":{"start":{"line":117,"column":4},"end":{"line":117,"column":22}},"58":{"start":{"line":119,"column":4},"end":{"line":119,"column":51}},"59":{"start":{"line":125,"column":18},"end":{"line":125,"column":51}},"60":{"start":{"line":126,"column":20},"end":{"line":128,"column":7}},"61":{"start":{"line":127,"column":33},"end":{"line":127,"column":47}},"62":{"start":{"line":130,"column":2},"end":{"line":133,"column":5}}},"fnMap":{"0":{"name":"(anonymous_0)","decl":{"start":{"line":4,"column":23},"end":{"line":4,"column":24}},"loc":{"start":{"line":4,"column":43},"end":{"line":40,"column":1}},"line":4},"1":{"name":"(anonymous_1)","decl":{"start":{"line":42,"column":23},"end":{"line":42,"column":24}},"loc":{"start":{"line":42,"column":43},"end":{"line":70,"column":1}},"line":42},"2":{"name":"(anonymous_2)","decl":{"start":{"line":72,"column":23},"end":{"line":72,"column":24}},"loc":{"start":{"line":72,"column":43},"end":{"line":96,"column":1}},"line":72},"3":{"name":"(anonymous_3)","decl":{"start":{"line":98,"column":24},"end":{"line":98,"column":25}},"loc":{"start":{"line":98,"column":44},"end":{"line":109,"column":1}},"line":98},"4":{"name":"(anonymous_4)","decl":{"start":{"line":111,"column":25},"end":{"line":111,"column":26}},"loc":{"start":{"line":111,"column":45},"end":{"line":121,"column":1}},"line":111},"5":{"name":"updateCarRating","decl":{"start":{"line":124,"column":15},"end":{"line":124,"column":30}},"loc":{"start":{"line":124,"column":38},"end":{"line":134,"column":1}},"line":124},"6":{"name":"(anonymous_6)","decl":{"start":{"line":127,"column":21},"end":{"line":127,"column":22}},"loc":{"start":{"line":127,"column":33},"end":{"line":127,"column":47}},"line":127}},"branchMap":{"0":{"loc":{"start":{"line":11,"column":4},"end":{"line":13,"column":5}},"type":"if","locations":[{"start":{"line":11,"column":4},"end":{"line":13,"column":5}},{"start":{},"end":{}}],"line":11},"1":{"loc":{"start":{"line":17,"column":4},"end":{"line":19,"column":5}},"type":"if","locations":[{"start":{"line":17,"column":4},"end":{"line":19,"column":5}},{"start":{},"end":{}}],"line":17},"2":{"loc":{"start":{"line":35,"column":4},"end":{"line":37,"column":5}},"type":"if","locations":[{"start":{"line":35,"column":4},"end":{"line":37,"column":5}},{"start":{},"end":{}}],"line":35},"3":{"loc":{"start":{"line":48,"column":4},"end":{"line":50,"column":5}},"type":"if","locations":[{"start":{"line":48,"column":4},"end":{"line":50,"column":5}},{"start":{},"end":{}}],"line":48},"4":{"loc":{"start":{"line":53,"column":4},"end":{"line":55,"column":5}},"type":"if","locations":[{"start":{"line":53,"column":4},"end":{"line":55,"column":5}},{"start":{},"end":{}}],"line":53},"5":{"loc":{"start":{"line":77,"column":4},"end":{"line":79,"column":5}},"type":"if","locations":[{"start":{"line":77,"column":4},"end":{"line":79,"column":5}},{"start":{},"end":{}}],"line":77},"6":{"loc":{"start":{"line":82,"column":4},"end":{"line":84,"column":5}},"type":"if","locations":[{"start":{"line":82,"column":4},"end":{"line":84,"column":5}},{"start":{},"end":{}}],"line":82},"7":{"loc":{"start":{"line":82,"column":8},"end":{"line":82,"column":75}},"type":"binary-expr","locations":[{"start":{"line":82,"column":8},"end":{"line":82,"column":46}},{"start":{"line":82,"column":50},"end":{"line":82,"column":75}}],"line":82},"8":{"loc":{"start":{"line":126,"column":20},"end":{"line":128,"column":7}},"type":"cond-expr","locations":[{"start":{"line":127,"column":6},"end":{"line":127,"column":68}},{"start":{"line":128,"column":6},"end":{"line":128,"column":7}}],"line":126}},"s":{"0":6,"1":6,"2":6,"3":4,"4":4,"5":4,"6":4,"7":4,"8":1,"9":3,"10":3,"11":1,"12":2,"13":2,"14":2,"15":2,"16":0,"17":0,"18":0,"19":6,"20":2,"21":2,"22":2,"23":2,"24":2,"25":0,"26":2,"27":1,"28":1,"29":1,"30":1,"31":1,"32":1,"33":1,"34":0,"35":6,"36":2,"37":2,"38":2,"39":2,"40":0,"41":2,"42":0,"43":2,"44":2,"45":2,"46":2,"47":0,"48":6,"49":1,"50":1,"51":1,"52":1,"53":0,"54":6,"55":1,"56":1,"57":1,"58":0,"59":5,"60":5,"61":3,"62":5},"f":{"0":4,"1":2,"2":2,"3":1,"4":1,"5":5,"6":3},"b":{"0":[1,3],"1":[1,2],"2":[0,0],"3":[0,2],"4":[1,1],"5":[0,2],"6":[0,2],"7":[2,1],"8":[3,2]},"_coverageSchema":"1a1c01bbd47fc00a2c39e90264f33305004495a9","hash":"f589e713f9d7ad2097eb6a66eab2a32dd9d7a2fa"},"G:\\CUFE Masters\\DevSecOps\\Phase 4\\DrWheels\\backend\\routes\\orders.js":{"path":"G:\\CUFE Masters\\DevSecOps\\Phase 4\\DrWheels\\backend\\routes\\orders.js","statementMap":{"0":{"start":{"line":1,"column":16},"end":{"line":1,"column":34}},"1":{"start":{"line":2,"column":15},"end":{"line":2,"column":31}},"2":{"start":{"line":3,"column":24},"end":{"line":3,"column":65}},"3":{"start":{"line":4,"column":13},"end":{"line":4,"column":42}},"4":{"start":{"line":10,"column":4},"end":{"line":10,"column":39}},"5":{"start":{"line":12,"column":0},"end":{"line":12,"column":73}},"6":{"start":{"line":13,"column":0},"end":{"line":13,"column":49}},"7":{"start":{"line":14,"column":0},"end":{"line":14,"column":77}},"8":{"start":{"line":15,"column":0},"end":{"line":15,"column":99}},"9":{"start":{"line":16,"column":0},"end":{"line":16,"column":84}},"10":{"start":{"line":18,"column":0},"end":{"line":18,"column":24}}},"fnMap":{},"branchMap":{},"s":{"0":6,"1":6,"2":6,"3":6,"4":6,"5":6,"6":6,"7":6,"8":6,"9":6,"10":6},"f":{},"b":{},"_coverageSchema":"1a1c01bbd47fc00a2c39e90264f33305004495a9","hash":"790a7051f3ff6573e70b55a6634fa5d9daf829c7"},"G:\\CUFE Masters\\DevSecOps\\Phase 4\\DrWheels\\backend\\controllers\\orderController.js":{"path":"G:\\CUFE Masters\\DevSecOps\\Phase 4\\DrWheels\\backend\\controllers\\orderController.js","statementMap":{"0":{"start":{"line":1,"column":14},"end":{"line":1,"column":40}},"1":{"start":{"line":2,"column":12},"end":{"line":2,"column":36}},"2":{"start":{"line":4,"column":0},"end":{"line":43,"column":2}},"3":{"start":{"line":5,"column":2},"end":{"line":42,"column":3}},"4":{"start":{"line":6,"column":29},"end":{"line":6,"column":37}},"5":{"start":{"line":8,"column":16},"end":{"line":8,"column":41}},"6":{"start":{"line":9,"column":4},"end":{"line":11,"column":5}},"7":{"start":{"line":10,"column":6},"end":{"line":10,"column":62}},"8":{"start":{"line":14,"column":4},"end":{"line":16,"column":5}},"9":{"start":{"line":15,"column":6},"end":{"line":15,"column":82}},"10":{"start":{"line":19,"column":4},"end":{"line":21,"column":5}},"11":{"start":{"line":20,"column":6},"end":{"line":20,"column":81}},"12":{"start":{"line":23,"column":18},"end":{"line":29,"column":6}},"13":{"start":{"line":32,"column":4},"end":{"line":32,"column":27}},"14":{"start":{"line":33,"column":4},"end":{"line":33,"column":21}},"15":{"start":{"line":35,"column":4},"end":{"line":35,"column":64}},"16":{"start":{"line":36,"column":4},"end":{"line":36,"column":48}},"17":{"start":{"line":37,"column":4},"end":{"line":37,"column":49}},"18":{"start":{"line":39,"column":4},"end":{"line":39,"column":32}},"19":{"start":{"line":41,"column":4},"end":{"line":41,"column":51}},"20":{"start":{"line":45,"column":0},"end":{"line":63,"column":2}},"21":{"start":{"line":46,"column":2},"end":{"line":62,"column":3}},"22":{"start":{"line":47,"column":21},"end":{"line":47,"column":30}},"23":{"start":{"line":49,"column":18},"end":{"line":51,"column":30}},"24":{"start":{"line":53,"column":19},"end":{"line":57,"column":30}},"25":{"start":{"line":59,"column":4},"end":{"line":59,"column":21}},"26":{"start":{"line":61,"column":4},"end":{"line":61,"column":51}},"27":{"start":{"line":65,"column":0},"end":{"line":87,"column":2}},"28":{"start":{"line":66,"column":2},"end":{"line":86,"column":3}},"29":{"start":{"line":67,"column":18},"end":{"line":70,"column":39}},"30":{"start":{"line":72,"column":4},"end":{"line":74,"column":5}},"31":{"start":{"line":73,"column":6},"end":{"line":73,"column":64}},"32":{"start":{"line":77,"column":4},"end":{"line":81,"column":5}},"33":{"start":{"line":80,"column":6},"end":{"line":80,"column":63}},"34":{"start":{"line":83,"column":4},"end":{"line":83,"column":20}},"35":{"start":{"line":85,"column":4},"end":{"line":85,"column":51}},"36":{"start":{"line":89,"column":0},"end":{"line":135,"column":2}},"37":{"start":{"line":90,"column":2},"end":{"line":134,"column":3}},"38":{"start":{"line":91,"column":24},"end":{"line":91,"column":34}},"39":{"start":{"line":92,"column":38},"end":{"line":92,"column":46}},"40":{"start":{"line":94,"column":18},"end":{"line":94,"column":47}},"41":{"start":{"line":95,"column":4},"end":{"line":97,"column":5}},"42":{"start":{"line":96,"column":6},"end":{"line":96,"column":64}},"43":{"start":{"line":100,"column":4},"end":{"line":102,"column":5}},"44":{"start":{"line":101,"column":6},"end":{"line":101,"column":63}},"45":{"start":{"line":104,"column":4},"end":{"line":104,"column":38}},"46":{"start":{"line":104,"column":16},"end":{"line":104,"column":38}},"47":{"start":{"line":105,"column":4},"end":{"line":105,"column":59}},"48":{"start":{"line":105,"column":23},"end":{"line":105,"column":59}},"49":{"start":{"line":108,"column":4},"end":{"line":114,"column":5}},"50":{"start":{"line":109,"column":18},"end":{"line":109,"column":47}},"51":{"start":{"line":110,"column":6},"end":{"line":113,"column":7}},"52":{"start":{"line":111,"column":8},"end":{"line":111,"column":28}},"53":{"start":{"line":112,"column":8},"end":{"line":112,"column":25}},"54":{"start":{"line":117,"column":4},"end":{"line":123,"column":5}},"55":{"start":{"line":118,"column":18},"end":{"line":118,"column":47}},"56":{"start":{"line":119,"column":6},"end":{"line":122,"column":7}},"57":{"start":{"line":120,"column":8},"end":{"line":120,"column":33}},"58":{"start":{"line":121,"column":8},"end":{"line":121,"column":25}},"59":{"start":{"line":125,"column":4},"end":{"line":125,"column":23}},"60":{"start":{"line":127,"column":4},"end":{"line":127,"column":64}},"61":{"start":{"line":128,"column":4},"end":{"line":128,"column":48}},"62":{"start":{"line":129,"column":4},"end":{"line":129,"column":49}},"63":{"start":{"line":131,"column":4},"end":{"line":131,"column":20}},"64":{"start":{"line":133,"column":4},"end":{"line":133,"column":51}},"65":{"start":{"line":137,"column":0},"end":{"line":165,"column":2}},"66":{"start":{"line":138,"column":2},"end":{"line":164,"column":3}},"67":{"start":{"line":139,"column":24},"end":{"line":139,"column":34}},"68":{"start":{"line":141,"column":18},"end":{"line":141,"column":47}},"69":{"start":{"line":142,"column":4},"end":{"line":144,"column":5}},"70":{"start":{"line":143,"column":6},"end":{"line":143,"column":64}},"71":{"start":{"line":147,"column":4},"end":{"line":149,"column":5}},"72":{"start":{"line":148,"column":6},"end":{"line":148,"column":63}},"73":{"start":{"line":151,"column":4},"end":{"line":151,"column":31}},"74":{"start":{"line":152,"column":4},"end":{"line":152,"column":23}},"75":{"start":{"line":155,"column":16},"end":{"line":155,"column":45}},"76":{"start":{"line":156,"column":4},"end":{"line":159,"column":5}},"77":{"start":{"line":157,"column":6},"end":{"line":157,"column":31}},"78":{"start":{"line":158,"column":6},"end":{"line":158,"column":23}},"79":{"start":{"line":161,"column":4},"end":{"line":161,"column":58}},"80":{"start":{"line":163,"column":4},"end":{"line":163,"column":51}}},"fnMap":{"0":{"name":"(anonymous_0)","decl":{"start":{"line":4,"column":22},"end":{"line":4,"column":23}},"loc":{"start":{"line":4,"column":42},"end":{"line":43,"column":1}},"line":4},"1":{"name":"(anonymous_1)","decl":{"start":{"line":45,"column":20},"end":{"line":45,"column":21}},"loc":{"start":{"line":45,"column":40},"end":{"line":63,"column":1}},"line":45},"2":{"name":"(anonymous_2)","decl":{"start":{"line":65,"column":23},"end":{"line":65,"column":24}},"loc":{"start":{"line":65,"column":43},"end":{"line":87,"column":1}},"line":65},"3":{"name":"(anonymous_3)","decl":{"start":{"line":89,"column":28},"end":{"line":89,"column":29}},"loc":{"start":{"line":89,"column":48},"end":{"line":135,"column":1}},"line":89},"4":{"name":"(anonymous_4)","decl":{"start":{"line":137,"column":22},"end":{"line":137,"column":23}},"loc":{"start":{"line":137,"column":42},"end":{"line":165,"column":1}},"line":137}},"branchMap":{"0":{"loc":{"start":{"line":9,"column":4},"end":{"line":11,"column":5}},"type":"if","locations":[{"start":{"line":9,"column":4},"end":{"line":11,"column":5}},{"start":{},"end":{}}],"line":9},"1":{"loc":{"start":{"line":14,"column":4},"end":{"line":16,"column":5}},"type":"if","locations":[{"start":{"line":14,"column":4},"end":{"line":16,"column":5}},{"start":{},"end":{}}],"line":14},"2":{"loc":{"start":{"line":19,"column":4},"end":{"line":21,"column":5}},"type":"if","locations":[{"start":{"line":19,"column":4},"end":{"line":21,"column":5}},{"start":{},"end":{}}],"line":19},"3":{"loc":{"start":{"line":49,"column":18},"end":{"line":51,"column":30}},"type":"cond-expr","locations":[{"start":{"line":50,"column":8},"end":{"line":50,"column":31}},{"start":{"line":51,"column":8},"end":{"line":51,"column":30}}],"line":49},"4":{"loc":{"start":{"line":72,"column":4},"end":{"line":74,"column":5}},"type":"if","locations":[{"start":{"line":72,"column":4},"end":{"line":74,"column":5}},{"start":{},"end":{}}],"line":72},"5":{"loc":{"start":{"line":77,"column":4},"end":{"line":81,"column":5}},"type":"if","locations":[{"start":{"line":77,"column":4},"end":{"line":81,"column":5}},{"start":{},"end":{}}],"line":77},"6":{"loc":{"start":{"line":77,"column":8},"end":{"line":79,"column":33}},"type":"binary-expr","locations":[{"start":{"line":77,"column":8},"end":{"line":77,"column":50}},{"start":{"line":78,"column":8},"end":{"line":78,"column":51}},{"start":{"line":79,"column":8},"end":{"line":79,"column":33}}],"line":77},"7":{"loc":{"start":{"line":95,"column":4},"end":{"line":97,"column":5}},"type":"if","locations":[{"start":{"line":95,"column":4},"end":{"line":97,"column":5}},{"start":{},"end":{}}],"line":95},"8":{"loc":{"start":{"line":100,"column":4},"end":{"line":102,"column":5}},"type":"if","locations":[{"start":{"line":100,"column":4},"end":{"line":102,"column":5}},{"start":{},"end":{}}],"line":100},"9":{"loc":{"start":{"line":100,"column":8},"end":{"line":100,"column":76}},"type":"binary-expr","locations":[{"start":{"line":100,"column":8},"end":{"line":100,"column":47}},{"start":{"line":100,"column":51},"end":{"line":100,"column":76}}],"line":100},"10":{"loc":{"start":{"line":104,"column":4},"end":{"line":104,"column":38}},"type":"if","locations":[{"start":{"line":104,"column":4},"end":{"line":104,"column":38}},{"start":{},"end":{}}],"line":104},"11":{"loc":{"start":{"line":105,"column":4},"end":{"line":105,"column":59}},"type":"if","locations":[{"start":{"line":105,"column":4},"end":{"line":105,"column":59}},{"start":{},"end":{}}],"line":105},"12":{"loc":{"start":{"line":108,"column":4},"end":{"line":114,"column":5}},"type":"if","locations":[{"start":{"line":108,"column":4},"end":{"line":114,"column":5}},{"start":{},"end":{}}],"line":108},"13":{"loc":{"start":{"line":110,"column":6},"end":{"line":113,"column":7}},"type":"if","locations":[{"start":{"line":110,"column":6},"end":{"line":113,"column":7}},{"start":{},"end":{}}],"line":110},"14":{"loc":{"start":{"line":117,"column":4},"end":{"line":123,"column":5}},"type":"if","locations":[{"start":{"line":117,"column":4},"end":{"line":123,"column":5}},{"start":{},"end":{}}],"line":117},"15":{"loc":{"start":{"line":119,"column":6},"end":{"line":122,"column":7}},"type":"if","locations":[{"start":{"line":119,"column":6},"end":{"line":122,"column":7}},{"start":{},"end":{}}],"line":119},"16":{"loc":{"start":{"line":142,"column":4},"end":{"line":144,"column":5}},"type":"if","locations":[{"start":{"line":142,"column":4},"end":{"line":144,"column":5}},{"start":{},"end":{}}],"line":142},"17":{"loc":{"start":{"line":147,"column":4},"end":{"line":149,"column":5}},"type":"if","locations":[{"start":{"line":147,"column":4},"end":{"line":149,"column":5}},{"start":{},"end":{}}],"line":147},"18":{"loc":{"start":{"line":147,"column":8},"end":{"line":147,"column":75}},"type":"binary-expr","locations":[{"start":{"line":147,"column":8},"end":{"line":147,"column":46}},{"start":{"line":147,"column":50},"end":{"line":147,"column":75}}],"line":147},"19":{"loc":{"start":{"line":156,"column":4},"end":{"line":159,"column":5}},"type":"if","locations":[{"start":{"line":156,"column":4},"end":{"line":159,"column":5}},{"start":{},"end":{}}],"line":156}},"s":{"0":6,"1":6,"2":6,"3":5,"4":5,"5":5,"6":5,"7":1,"8":4,"9":1,"10":3,"11":1,"12":2,"13":2,"14":2,"15":2,"16":2,"17":2,"18":2,"19":0,"20":6,"21":2,"22":2,"23":2,"24":2,"25":2,"26":0,"27":6,"28":3,"29":3,"30":3,"31":0,"32":3,"33":1,"34":2,"35":0,"36":6,"37":4,"38":4,"39":4,"40":4,"41":4,"42":0,"43":4,"44":1,"45":3,"46":3,"47":3,"48":0,"49":3,"50":1,"51":1,"52":1,"53":1,"54":3,"55":1,"56":1,"57":1,"58":1,"59":3,"60":3,"61":3,"62":3,"63":3,"64":0,"65":6,"66":2,"67":2,"68":2,"69":2,"70":0,"71":2,"72":1,"73":1,"74":1,"75":1,"76":1,"77":1,"78":1,"79":1,"80":0},"f":{"0":5,"1":2,"2":3,"3":4,"4":2},"b":{"0":[1,4],"1":[1,3],"2":[1,2],"3":[1,1],"4":[0,3],"5":[1,2],"6":[3,2,1],"7":[0,4],"8":[1,3],"9":[4,1],"10":[3,0],"11":[0,3],"12":[1,2],"13":[1,0],"14":[1,2],"15":[1,0],"16":[0,2],"17":[1,1],"18":[2,1],"19":[1,0]},"_coverageSchema":"1a1c01bbd47fc00a2c39e90264f33305004495a9","hash":"f1842b0a490cdbb8e1b8282d3b6bf3c9cb9ae6e8"},"G:\\CUFE Masters\\DevSecOps\\Phase 4\\DrWheels\\backend\\.eslintrc.security.js":{"path":"G:\\CUFE Masters\\DevSecOps\\Phase 4\\DrWheels\\backend\\.eslintrc.security.js","statementMap":{"0":{"start":{"line":1,"column":0},"end":{"line":14,"column":4}}},"fnMap":{},"branchMap":{},"s":{"0":0},"f":{},"b":{}}}}
